[rosmaster.main][INFO] 2023-01-25 02:13:23,575: initialization complete, waiting for shutdown
[rosmaster.main][INFO] 2023-01-25 02:13:23,575: Starting ROS Master Node
[xmlrpc][INFO] 2023-01-25 02:13:23,576: XML-RPC server binding to 0.0.0.0:11311
[xmlrpc][INFO] 2023-01-25 02:13:23,576: Started XML-RPC server [http://michaeljiang-clouddesktop-deployment-798ccff866-hvfzw:11311/]
[xmlrpc][INFO] 2023-01-25 02:13:23,576: xml rpc node: starting XML-RPC server
[rosmaster.master][INFO] 2023-01-25 02:13:23,576: Master initialized: port[11311], uri[http://michaeljiang-clouddesktop-deployment-798ccff866-hvfzw:11311/]
[rosmaster.master][INFO] 2023-01-25 02:13:23,673: +PARAM [/run_id] by /roslaunch
[rosmaster.master][INFO] 2023-01-25 02:13:23,674: +PARAM [/roslaunch/uris/host_michaeljiang_clouddesktop_deployment_798ccff866_hvfzw__37197] by /roslaunch
[rosmaster.master][INFO] 2023-01-25 02:13:23,736: +PARAM [/rosversion] by /roslaunch
[rosmaster.master][INFO] 2023-01-25 02:13:23,736: +PARAM [/rosdistro] by /roslaunch
[rosmaster.master][INFO] 2023-01-25 02:13:23,736: +PARAM [/use_sim_time] by /roslaunch
[rosmaster.master][INFO] 2023-01-25 02:13:23,736: +PARAM [/gazebo/enable_ros_network] by /roslaunch
[rosmaster.master][INFO] 2023-01-25 02:13:23,737: +PARAM [/robot_description] by /roslaunch
[rosmaster.master][INFO] 2023-01-25 02:13:23,747: +SERVICE [/rosout/get_loggers] /rosout http://michaeljiang-clouddesktop-deployment-798ccff866-hvfzw:35527/
[rosmaster.master][INFO] 2023-01-25 02:13:23,748: +SERVICE [/rosout/set_logger_level] /rosout http://michaeljiang-clouddesktop-deployment-798ccff866-hvfzw:35527/
[rosmaster.master][INFO] 2023-01-25 02:13:23,752: +SUB [/clock] /rosout http://michaeljiang-clouddesktop-deployment-798ccff866-hvfzw:35527/
[rosmaster.master][INFO] 2023-01-25 02:13:23,753: +PUB [/rosout_agg] /rosout http://michaeljiang-clouddesktop-deployment-798ccff866-hvfzw:35527/
[rosmaster.master][INFO] 2023-01-25 02:13:23,761: +SUB [/rosout] /rosout http://michaeljiang-clouddesktop-deployment-798ccff866-hvfzw:35527/
[rosmaster.master][INFO] 2023-01-25 02:13:24,127: +PUB [/rosout] /spawn_urdf http://michaeljiang-clouddesktop-deployment-798ccff866-hvfzw:45055/
[rosmaster.master][INFO] 2023-01-25 02:13:24,134: +SUB [/clock] /spawn_urdf http://michaeljiang-clouddesktop-deployment-798ccff866-hvfzw:45055/
[rosmaster.master][INFO] 2023-01-25 02:13:24,135: +SERVICE [/spawn_urdf/get_loggers] /spawn_urdf http://michaeljiang-clouddesktop-deployment-798ccff866-hvfzw:45055/
[rosmaster.master][INFO] 2023-01-25 02:13:24,139: +SERVICE [/spawn_urdf/set_logger_level] /spawn_urdf http://michaeljiang-clouddesktop-deployment-798ccff866-hvfzw:45055/
[rosmaster.master][INFO] 2023-01-25 02:13:24,142: +CACHEDPARAM [/rosout_disable_topics_generation] by /spawn_urdf
[rosmaster.master][INFO] 2023-01-25 02:13:24,155: +CACHEDPARAM [/rosout_disable_topics_generation] by /spawn_urdf
[rosmaster.master][INFO] 2023-01-25 02:13:24,179: publisherUpdate[/rosout] -> http://michaeljiang-clouddesktop-deployment-798ccff866-hvfzw:35527/ ['http://michaeljiang-clouddesktop-deployment-798ccff866-hvfzw:45055/']
[rosmaster.master][INFO] 2023-01-25 02:13:24,207: publisherUpdate[/rosout] -> http://michaeljiang-clouddesktop-deployment-798ccff866-hvfzw:35527/ ['http://michaeljiang-clouddesktop-deployment-798ccff866-hvfzw:45055/']: sec=0.03, result=[1, '', 0]
[rosmaster.master][INFO] 2023-01-25 02:13:24,364: +PUB [/rosout] /gazebo http://michaeljiang-clouddesktop-deployment-798ccff866-hvfzw:43157/
[rosmaster.master][INFO] 2023-01-25 02:13:24,365: +SERVICE [/gazebo/get_loggers] /gazebo http://michaeljiang-clouddesktop-deployment-798ccff866-hvfzw:43157/
[rosmaster.master][INFO] 2023-01-25 02:13:24,365: +SERVICE [/gazebo/set_logger_level] /gazebo http://michaeljiang-clouddesktop-deployment-798ccff866-hvfzw:43157/
[rosmaster.master][INFO] 2023-01-25 02:13:24,369: +SUB [/clock] /gazebo http://michaeljiang-clouddesktop-deployment-798ccff866-hvfzw:43157/
[rosmaster.master][INFO] 2023-01-25 02:13:24,371: +CACHEDPARAM [/rosout_disable_topics_generation] by /gazebo
[rosmaster.master][INFO] 2023-01-25 02:13:24,379: publisherUpdate[/rosout] -> http://michaeljiang-clouddesktop-deployment-798ccff866-hvfzw:35527/ ['http://michaeljiang-clouddesktop-deployment-798ccff866-hvfzw:45055/', 'http://michaeljiang-clouddesktop-deployment-798ccff866-hvfzw:43157/']
[rosmaster.master][INFO] 2023-01-25 02:13:24,419: publisherUpdate[/rosout] -> http://michaeljiang-clouddesktop-deployment-798ccff866-hvfzw:35527/ ['http://michaeljiang-clouddesktop-deployment-798ccff866-hvfzw:45055/', 'http://michaeljiang-clouddesktop-deployment-798ccff866-hvfzw:43157/']: sec=0.04, result=[1, '', 0]
[rosmaster.master][INFO] 2023-01-25 02:13:24,422: +CACHEDPARAM [/rosout/omit_topics] by /rosout
[rosmaster.master][INFO] 2023-01-25 02:13:24,526: +PUB [/rosout] /gazebo_gui http://michaeljiang-clouddesktop-deployment-798ccff866-hvfzw:38165/
[rosmaster.master][INFO] 2023-01-25 02:13:24,527: +SERVICE [/gazebo_gui/get_loggers] /gazebo_gui http://michaeljiang-clouddesktop-deployment-798ccff866-hvfzw:38165/
[rosmaster.master][INFO] 2023-01-25 02:13:24,530: +SERVICE [/gazebo_gui/set_logger_level] /gazebo_gui http://michaeljiang-clouddesktop-deployment-798ccff866-hvfzw:38165/
[rosmaster.master][INFO] 2023-01-25 02:13:24,534: +SUB [/clock] /gazebo_gui http://michaeljiang-clouddesktop-deployment-798ccff866-hvfzw:38165/
[rosmaster.master][INFO] 2023-01-25 02:13:24,537: +CACHEDPARAM [/rosout_disable_topics_generation] by /gazebo_gui
[rosmaster.master][INFO] 2023-01-25 02:13:24,592: publisherUpdate[/rosout] -> http://michaeljiang-clouddesktop-deployment-798ccff866-hvfzw:35527/ ['http://michaeljiang-clouddesktop-deployment-798ccff866-hvfzw:45055/', 'http://michaeljiang-clouddesktop-deployment-798ccff866-hvfzw:43157/', 'http://michaeljiang-clouddesktop-deployment-798ccff866-hvfzw:38165/']
[rosmaster.master][INFO] 2023-01-25 02:13:24,644: publisherUpdate[/rosout] -> http://michaeljiang-clouddesktop-deployment-798ccff866-hvfzw:35527/ ['http://michaeljiang-clouddesktop-deployment-798ccff866-hvfzw:45055/', 'http://michaeljiang-clouddesktop-deployment-798ccff866-hvfzw:43157/', 'http://michaeljiang-clouddesktop-deployment-798ccff866-hvfzw:38165/']: sec=0.05, result=[1, '', 0]
[rosmaster.master][INFO] 2023-01-25 02:13:25,161: +PUB [/clock] /gazebo http://michaeljiang-clouddesktop-deployment-798ccff866-hvfzw:43157/
[rosmaster.master][INFO] 2023-01-25 02:13:25,163: +SERVICE [/gazebo/spawn_sdf_model] /gazebo http://michaeljiang-clouddesktop-deployment-798ccff866-hvfzw:43157/
[rosmaster.master][INFO] 2023-01-25 02:13:25,164: +SERVICE [/gazebo/spawn_urdf_model] /gazebo http://michaeljiang-clouddesktop-deployment-798ccff866-hvfzw:43157/
[rosmaster.master][INFO] 2023-01-25 02:13:25,164: +SERVICE [/gazebo/delete_model] /gazebo http://michaeljiang-clouddesktop-deployment-798ccff866-hvfzw:43157/
[rosmaster.master][INFO] 2023-01-25 02:13:25,165: +SERVICE [/gazebo/delete_light] /gazebo http://michaeljiang-clouddesktop-deployment-798ccff866-hvfzw:43157/
[rosmaster.master][INFO] 2023-01-25 02:13:25,165: +SERVICE [/gazebo/get_model_properties] /gazebo http://michaeljiang-clouddesktop-deployment-798ccff866-hvfzw:43157/
[rosmaster.master][INFO] 2023-01-25 02:13:25,166: +SERVICE [/gazebo/get_model_state] /gazebo http://michaeljiang-clouddesktop-deployment-798ccff866-hvfzw:43157/
[rosmaster.master][INFO] 2023-01-25 02:13:25,166: +SERVICE [/gazebo/get_world_properties] /gazebo http://michaeljiang-clouddesktop-deployment-798ccff866-hvfzw:43157/
[rosmaster.master][INFO] 2023-01-25 02:13:25,167: +SERVICE [/gazebo/get_joint_properties] /gazebo http://michaeljiang-clouddesktop-deployment-798ccff866-hvfzw:43157/
[rosmaster.master][INFO] 2023-01-25 02:13:25,174: +SERVICE [/gazebo/get_link_properties] /gazebo http://michaeljiang-clouddesktop-deployment-798ccff866-hvfzw:43157/
[rosmaster.master][INFO] 2023-01-25 02:13:25,176: +SERVICE [/gazebo/get_link_state] /gazebo http://michaeljiang-clouddesktop-deployment-798ccff866-hvfzw:43157/
[rosmaster.master][INFO] 2023-01-25 02:13:25,183: +SERVICE [/gazebo/get_light_properties] /gazebo http://michaeljiang-clouddesktop-deployment-798ccff866-hvfzw:43157/
[rosmaster.master][INFO] 2023-01-25 02:13:25,184: +SERVICE [/gazebo/set_light_properties] /gazebo http://michaeljiang-clouddesktop-deployment-798ccff866-hvfzw:43157/
[rosmaster.master][INFO] 2023-01-25 02:13:25,188: +SERVICE [/gazebo/get_physics_properties] /gazebo http://michaeljiang-clouddesktop-deployment-798ccff866-hvfzw:43157/
[rosmaster.master][INFO] 2023-01-25 02:13:25,188: +PUB [/gazebo/link_states] /gazebo http://michaeljiang-clouddesktop-deployment-798ccff866-hvfzw:43157/
[rosmaster.master][INFO] 2023-01-25 02:13:25,189: +PUB [/gazebo/model_states] /gazebo http://michaeljiang-clouddesktop-deployment-798ccff866-hvfzw:43157/
[rosmaster.master][INFO] 2023-01-25 02:13:25,190: +PUB [/gazebo/performance_metrics] /gazebo http://michaeljiang-clouddesktop-deployment-798ccff866-hvfzw:43157/
[rosmaster.master][INFO] 2023-01-25 02:13:25,191: +SERVICE [/gazebo/set_link_properties] /gazebo http://michaeljiang-clouddesktop-deployment-798ccff866-hvfzw:43157/
[rosmaster.master][INFO] 2023-01-25 02:13:25,196: +SERVICE [/gazebo/set_physics_properties] /gazebo http://michaeljiang-clouddesktop-deployment-798ccff866-hvfzw:43157/
[rosmaster.master][INFO] 2023-01-25 02:13:25,203: +SERVICE [/gazebo/set_model_state] /gazebo http://michaeljiang-clouddesktop-deployment-798ccff866-hvfzw:43157/
[rosmaster.master][INFO] 2023-01-25 02:13:25,207: +SERVICE [/gazebo/set_model_configuration] /gazebo http://michaeljiang-clouddesktop-deployment-798ccff866-hvfzw:43157/
[rosmaster.master][INFO] 2023-01-25 02:13:25,208: +SERVICE [/gazebo/set_parameters] /gazebo http://michaeljiang-clouddesktop-deployment-798ccff866-hvfzw:43157/
[rosmaster.master][INFO] 2023-01-25 02:13:25,209: +PUB [/gazebo/parameter_descriptions] /gazebo http://michaeljiang-clouddesktop-deployment-798ccff866-hvfzw:43157/
[rosmaster.master][INFO] 2023-01-25 02:13:25,209: +SERVICE [/gazebo/set_joint_properties] /gazebo http://michaeljiang-clouddesktop-deployment-798ccff866-hvfzw:43157/
[rosmaster.master][INFO] 2023-01-25 02:13:25,212: +PUB [/gazebo/parameter_updates] /gazebo http://michaeljiang-clouddesktop-deployment-798ccff866-hvfzw:43157/
[rosmaster.master][INFO] 2023-01-25 02:13:25,215: +SERVICE [/gazebo/set_link_state] /gazebo http://michaeljiang-clouddesktop-deployment-798ccff866-hvfzw:43157/
[rosmaster.master][INFO] 2023-01-25 02:13:25,221: publisherUpdate[/clock] -> http://michaeljiang-clouddesktop-deployment-798ccff866-hvfzw:35527/ ['http://michaeljiang-clouddesktop-deployment-798ccff866-hvfzw:43157/']
[rosmaster.master][INFO] 2023-01-25 02:13:25,222: publisherUpdate[/clock] -> http://michaeljiang-clouddesktop-deployment-798ccff866-hvfzw:35527/ ['http://michaeljiang-clouddesktop-deployment-798ccff866-hvfzw:43157/']: sec=0.00, result=[1, '', 0]
[rosmaster.master][INFO] 2023-01-25 02:13:25,222: publisherUpdate[/clock] -> http://michaeljiang-clouddesktop-deployment-798ccff866-hvfzw:45055/ ['http://michaeljiang-clouddesktop-deployment-798ccff866-hvfzw:43157/']
[rosmaster.master][INFO] 2023-01-25 02:13:25,224: publisherUpdate[/clock] -> http://michaeljiang-clouddesktop-deployment-798ccff866-hvfzw:45055/ ['http://michaeljiang-clouddesktop-deployment-798ccff866-hvfzw:43157/']: sec=0.00, result=[1, '', 0]
[rosmaster.master][INFO] 2023-01-25 02:13:25,224: publisherUpdate[/clock] -> http://michaeljiang-clouddesktop-deployment-798ccff866-hvfzw:43157/ ['http://michaeljiang-clouddesktop-deployment-798ccff866-hvfzw:43157/']
[rosmaster.master][INFO] 2023-01-25 02:13:25,229: publisherUpdate[/clock] -> http://michaeljiang-clouddesktop-deployment-798ccff866-hvfzw:38165/ ['http://michaeljiang-clouddesktop-deployment-798ccff866-hvfzw:43157/']
[rosmaster.master][INFO] 2023-01-25 02:13:25,245: +SUB [/gazebo/set_link_state] /gazebo http://michaeljiang-clouddesktop-deployment-798ccff866-hvfzw:43157/
[rosmaster.master][INFO] 2023-01-25 02:13:25,266: +SUB [/gazebo/set_model_state] /gazebo http://michaeljiang-clouddesktop-deployment-798ccff866-hvfzw:43157/
[rosmaster.master][INFO] 2023-01-25 02:13:25,267: +SERVICE [/gazebo/pause_physics] /gazebo http://michaeljiang-clouddesktop-deployment-798ccff866-hvfzw:43157/
[rosmaster.master][INFO] 2023-01-25 02:13:25,268: publisherUpdate[/clock] -> http://michaeljiang-clouddesktop-deployment-798ccff866-hvfzw:38165/ ['http://michaeljiang-clouddesktop-deployment-798ccff866-hvfzw:43157/']: sec=0.04, result=[1, '', 0]
[rosmaster.master][INFO] 2023-01-25 02:13:25,270: +SERVICE [/gazebo/unpause_physics] /gazebo http://michaeljiang-clouddesktop-deployment-798ccff866-hvfzw:43157/
[rosmaster.master][INFO] 2023-01-25 02:13:25,272: +SERVICE [/gazebo/apply_body_wrench] /gazebo http://michaeljiang-clouddesktop-deployment-798ccff866-hvfzw:43157/
[rosmaster.master][INFO] 2023-01-25 02:13:25,273: +SERVICE [/gazebo/apply_joint_effort] /gazebo http://michaeljiang-clouddesktop-deployment-798ccff866-hvfzw:43157/
[rosmaster.master][INFO] 2023-01-25 02:13:25,274: +SERVICE [/gazebo/clear_joint_forces] /gazebo http://michaeljiang-clouddesktop-deployment-798ccff866-hvfzw:43157/
[rosmaster.master][INFO] 2023-01-25 02:13:25,275: +SERVICE [/gazebo/clear_body_wrenches] /gazebo http://michaeljiang-clouddesktop-deployment-798ccff866-hvfzw:43157/
[rosmaster.master][INFO] 2023-01-25 02:13:25,280: +PARAM [/gazebo/time_step] by /gazebo
[rosmaster.master][INFO] 2023-01-25 02:13:25,280: +SERVICE [/gazebo/reset_simulation] /gazebo http://michaeljiang-clouddesktop-deployment-798ccff866-hvfzw:43157/
[rosmaster.master][INFO] 2023-01-25 02:13:25,282: +PARAM [/gazebo/max_update_rate] by /gazebo
[rosmaster.master][INFO] 2023-01-25 02:13:25,282: +SERVICE [/gazebo/reset_world] /gazebo http://michaeljiang-clouddesktop-deployment-798ccff866-hvfzw:43157/
[rosmaster.master][INFO] 2023-01-25 02:13:25,283: +PARAM [/gazebo/gravity_x] by /gazebo
[rosmaster.master][INFO] 2023-01-25 02:13:25,284: +PARAM [/gazebo/gravity_y] by /gazebo
[rosmaster.master][INFO] 2023-01-25 02:13:25,284: +PARAM [/gazebo/gravity_z] by /gazebo
[rosmaster.master][INFO] 2023-01-25 02:13:25,293: +PARAM [/gazebo/auto_disable_bodies] by /gazebo
[rosmaster.master][INFO] 2023-01-25 02:13:25,293: +PARAM [/gazebo/sor_pgs_precon_iters] by /gazebo
[rosmaster.master][INFO] 2023-01-25 02:13:25,294: +PARAM [/gazebo/sor_pgs_iters] by /gazebo
[rosmaster.master][INFO] 2023-01-25 02:13:25,294: +PARAM [/gazebo/sor_pgs_w] by /gazebo
[rosmaster.master][INFO] 2023-01-25 02:13:25,295: +PARAM [/gazebo/sor_pgs_rms_error_tol] by /gazebo
[rosmaster.master][INFO] 2023-01-25 02:13:25,295: +PARAM [/gazebo/cfm] by /gazebo
[rosmaster.master][INFO] 2023-01-25 02:13:25,296: +PARAM [/gazebo/erp] by /gazebo
[rosmaster.master][INFO] 2023-01-25 02:13:25,296: +PARAM [/gazebo/contact_surface_layer] by /gazebo
[rosmaster.master][INFO] 2023-01-25 02:13:25,297: +PARAM [/gazebo/contact_max_correcting_vel] by /gazebo
[rosmaster.master][INFO] 2023-01-25 02:13:25,297: +PARAM [/gazebo/max_contacts] by /gazebo
[rosmaster.master][INFO] 2023-01-25 02:13:25,299: +PARAM [/gazebo/time_step] by /gazebo
[rosmaster.master][INFO] 2023-01-25 02:13:25,299: +PARAM [/gazebo/max_update_rate] by /gazebo
[rosmaster.master][INFO] 2023-01-25 02:13:25,300: +PARAM [/gazebo/gravity_x] by /gazebo
[rosmaster.master][INFO] 2023-01-25 02:13:25,301: +PARAM [/gazebo/gravity_y] by /gazebo
[rosmaster.master][INFO] 2023-01-25 02:13:25,303: +PARAM [/gazebo/gravity_z] by /gazebo
[rosmaster.master][INFO] 2023-01-25 02:13:25,305: +PARAM [/gazebo/auto_disable_bodies] by /gazebo
[rosmaster.master][INFO] 2023-01-25 02:13:25,306: +PARAM [/gazebo/sor_pgs_precon_iters] by /gazebo
[rosmaster.master][INFO] 2023-01-25 02:13:25,320: +PARAM [/gazebo/sor_pgs_iters] by /gazebo
[rosmaster.master][INFO] 2023-01-25 02:13:25,321: +PARAM [/gazebo/sor_pgs_w] by /gazebo
[rosmaster.master][INFO] 2023-01-25 02:13:25,326: +PARAM [/gazebo/sor_pgs_rms_error_tol] by /gazebo
[rosmaster.master][INFO] 2023-01-25 02:13:25,327: +PARAM [/gazebo/cfm] by /gazebo
[rosmaster.master][INFO] 2023-01-25 02:13:25,335: +PARAM [/gazebo/erp] by /gazebo
[rosmaster.master][INFO] 2023-01-25 02:13:25,336: +PARAM [/gazebo/contact_surface_layer] by /gazebo
[rosmaster.master][INFO] 2023-01-25 02:13:25,337: +PARAM [/gazebo/contact_max_correcting_vel] by /gazebo
[rosmaster.master][INFO] 2023-01-25 02:13:25,337: publisherUpdate[/clock] -> http://michaeljiang-clouddesktop-deployment-798ccff866-hvfzw:43157/ ['http://michaeljiang-clouddesktop-deployment-798ccff866-hvfzw:43157/']: sec=0.11, result=[1, '', 0]
[rosmaster.master][INFO] 2023-01-25 02:13:25,338: +PARAM [/gazebo/max_contacts] by /gazebo
[rosmaster.master][INFO] 2023-01-25 02:13:25,367: +CACHEDPARAM [/rosout_disable_topics_generation] by /spawn_urdf
[rosmaster.master][ERROR] 2023-01-25 02:13:25,654: Traceback (most recent call last):
  File "/opt/ros/noetic/lib/python3/dist-packages/rosmaster/master_api.py", line 177, in validated_f
    code, msg, val = f(*newArgs, **kwds)
  File "/opt/ros/noetic/lib/python3/dist-packages/rosmaster/master_api.py", line 435, in searchParam
    search_key = self.param_server.search_param(caller_id, key)
  File "/opt/ros/noetic/lib/python3/dist-packages/rosmaster/paramserver.py", line 116, in search_param
    raise ValueError("namespace must be global")
ValueError: namespace must be global

[rosmaster.master][INFO] 2023-01-25 02:13:25,658: +PUB [/scan] /gazebo http://michaeljiang-clouddesktop-deployment-798ccff866-hvfzw:43157/
[rosmaster.master][INFO] 2023-01-25 02:13:25,780: +CACHEDPARAM [/rosout_disable_topics_generation] by /spawn_urdf
[rosmaster.master][INFO] 2023-01-25 02:13:25,783: -SUB [/clock] /spawn_urdf http://michaeljiang-clouddesktop-deployment-798ccff866-hvfzw:45055/
[rosmaster.master][INFO] 2023-01-25 02:13:25,783: -PUB [/rosout] /spawn_urdf http://michaeljiang-clouddesktop-deployment-798ccff866-hvfzw:45055/
[rosmaster.master][INFO] 2023-01-25 02:13:25,783: -SERVICE [/spawn_urdf/get_loggers] /spawn_urdf rosrpc://michaeljiang-clouddesktop-deployment-798ccff866-hvfzw:43503
[rosmaster.master][INFO] 2023-01-25 02:13:25,783: -SERVICE [/spawn_urdf/set_logger_level] /spawn_urdf rosrpc://michaeljiang-clouddesktop-deployment-798ccff866-hvfzw:43503
[rosmaster.master][ERROR] 2023-01-25 02:13:25,790: Traceback (most recent call last):
  File "/opt/ros/noetic/lib/python3/dist-packages/rosmaster/master_api.py", line 177, in validated_f
    code, msg, val = f(*newArgs, **kwds)
  File "/opt/ros/noetic/lib/python3/dist-packages/rosmaster/master_api.py", line 435, in searchParam
    search_key = self.param_server.search_param(caller_id, key)
  File "/opt/ros/noetic/lib/python3/dist-packages/rosmaster/paramserver.py", line 116, in search_param
    raise ValueError("namespace must be global")
ValueError: namespace must be global

[rosmaster.master][INFO] 2023-01-25 02:13:25,791: +PUB [/joint_states] /gazebo http://michaeljiang-clouddesktop-deployment-798ccff866-hvfzw:43157/
[rosmaster.master][INFO] 2023-01-25 02:13:25,792: +PUB [/tf] /gazebo http://michaeljiang-clouddesktop-deployment-798ccff866-hvfzw:43157/
[rosmaster.master][INFO] 2023-01-25 02:13:25,794: +SUB [/cmd_vel] /gazebo http://michaeljiang-clouddesktop-deployment-798ccff866-hvfzw:43157/
[rosmaster.master][INFO] 2023-01-25 02:13:25,795: +PUB [/odom] /gazebo http://michaeljiang-clouddesktop-deployment-798ccff866-hvfzw:43157/
[rosmaster.master][INFO] 2023-01-25 02:13:25,808: +PUB [/imu] /gazebo http://michaeljiang-clouddesktop-deployment-798ccff866-hvfzw:43157/
[rosmaster.master][INFO] 2023-01-25 02:13:25,809: +SERVICE [/imu_service] /gazebo http://michaeljiang-clouddesktop-deployment-798ccff866-hvfzw:43157/
[rosmaster.master][INFO] 2023-01-25 02:13:25,842: publisherUpdate[/rosout] -> http://michaeljiang-clouddesktop-deployment-798ccff866-hvfzw:35527/ ['http://michaeljiang-clouddesktop-deployment-798ccff866-hvfzw:43157/', 'http://michaeljiang-clouddesktop-deployment-798ccff866-hvfzw:38165/']
[rosmaster.master][INFO] 2023-01-25 02:13:25,843: publisherUpdate[/rosout] -> http://michaeljiang-clouddesktop-deployment-798ccff866-hvfzw:35527/ ['http://michaeljiang-clouddesktop-deployment-798ccff866-hvfzw:43157/', 'http://michaeljiang-clouddesktop-deployment-798ccff866-hvfzw:38165/']: sec=0.00, result=[1, '', 0]
[rosmaster.master][INFO] 2023-01-25 02:15:09,124: -SUB [/gazebo/set_link_state] /gazebo http://michaeljiang-clouddesktop-deployment-798ccff866-hvfzw:43157/
[rosmaster.master][INFO] 2023-01-25 02:15:09,125: -SUB [/gazebo/set_model_state] /gazebo http://michaeljiang-clouddesktop-deployment-798ccff866-hvfzw:43157/
[rosmaster.master][INFO] 2023-01-25 02:15:09,126: -PUB [/clock] /gazebo http://michaeljiang-clouddesktop-deployment-798ccff866-hvfzw:43157/
[rosmaster.master][INFO] 2023-01-25 02:15:09,127: -PUB [/gazebo/link_states] /gazebo http://michaeljiang-clouddesktop-deployment-798ccff866-hvfzw:43157/
[rosmaster.master][INFO] 2023-01-25 02:15:09,128: -PUB [/gazebo/model_states] /gazebo http://michaeljiang-clouddesktop-deployment-798ccff866-hvfzw:43157/
[rosmaster.master][INFO] 2023-01-25 02:15:09,129: -PUB [/gazebo/performance_metrics] /gazebo http://michaeljiang-clouddesktop-deployment-798ccff866-hvfzw:43157/
[rosmaster.master][INFO] 2023-01-25 02:15:09,130: -SERVICE [/gazebo/spawn_sdf_model] /gazebo rosrpc://michaeljiang-clouddesktop-deployment-798ccff866-hvfzw:57133
[rosmaster.master][INFO] 2023-01-25 02:15:09,130: -SERVICE [/gazebo/spawn_urdf_model] /gazebo rosrpc://michaeljiang-clouddesktop-deployment-798ccff866-hvfzw:57133
[rosmaster.master][INFO] 2023-01-25 02:15:09,132: -SERVICE [/gazebo/delete_model] /gazebo rosrpc://michaeljiang-clouddesktop-deployment-798ccff866-hvfzw:57133
[rosmaster.master][INFO] 2023-01-25 02:15:09,133: -SERVICE [/gazebo/delete_light] /gazebo rosrpc://michaeljiang-clouddesktop-deployment-798ccff866-hvfzw:57133
[rosmaster.master][INFO] 2023-01-25 02:15:09,134: -SERVICE [/gazebo/get_model_properties] /gazebo rosrpc://michaeljiang-clouddesktop-deployment-798ccff866-hvfzw:57133
[rosmaster.master][INFO] 2023-01-25 02:15:09,134: -SERVICE [/gazebo/get_model_state] /gazebo rosrpc://michaeljiang-clouddesktop-deployment-798ccff866-hvfzw:57133
[rosmaster.master][INFO] 2023-01-25 02:15:09,135: -SERVICE [/gazebo/get_world_properties] /gazebo rosrpc://michaeljiang-clouddesktop-deployment-798ccff866-hvfzw:57133
[rosmaster.master][INFO] 2023-01-25 02:15:09,136: -SERVICE [/gazebo/get_joint_properties] /gazebo rosrpc://michaeljiang-clouddesktop-deployment-798ccff866-hvfzw:57133
[rosmaster.master][INFO] 2023-01-25 02:15:09,136: -SERVICE [/gazebo/get_link_properties] /gazebo rosrpc://michaeljiang-clouddesktop-deployment-798ccff866-hvfzw:57133
[rosmaster.master][INFO] 2023-01-25 02:15:09,137: -SERVICE [/gazebo/get_link_state] /gazebo rosrpc://michaeljiang-clouddesktop-deployment-798ccff866-hvfzw:57133
[rosmaster.master][INFO] 2023-01-25 02:15:09,138: -SERVICE [/gazebo/get_light_properties] /gazebo rosrpc://michaeljiang-clouddesktop-deployment-798ccff866-hvfzw:57133
[rosmaster.master][INFO] 2023-01-25 02:15:09,138: -SERVICE [/gazebo/set_light_properties] /gazebo rosrpc://michaeljiang-clouddesktop-deployment-798ccff866-hvfzw:57133
[rosmaster.master][INFO] 2023-01-25 02:15:09,139: -SERVICE [/gazebo/get_physics_properties] /gazebo rosrpc://michaeljiang-clouddesktop-deployment-798ccff866-hvfzw:57133
[rosmaster.master][INFO] 2023-01-25 02:15:09,139: -SERVICE [/gazebo/set_link_properties] /gazebo rosrpc://michaeljiang-clouddesktop-deployment-798ccff866-hvfzw:57133
[rosmaster.master][INFO] 2023-01-25 02:15:09,140: -SERVICE [/gazebo/set_physics_properties] /gazebo rosrpc://michaeljiang-clouddesktop-deployment-798ccff866-hvfzw:57133
[rosmaster.master][INFO] 2023-01-25 02:15:09,140: -SERVICE [/gazebo/set_model_state] /gazebo rosrpc://michaeljiang-clouddesktop-deployment-798ccff866-hvfzw:57133
[rosmaster.master][INFO] 2023-01-25 02:15:09,141: -SERVICE [/gazebo/set_model_configuration] /gazebo rosrpc://michaeljiang-clouddesktop-deployment-798ccff866-hvfzw:57133
[rosmaster.master][INFO] 2023-01-25 02:15:09,141: -SERVICE [/gazebo/set_joint_properties] /gazebo rosrpc://michaeljiang-clouddesktop-deployment-798ccff866-hvfzw:57133
[rosmaster.master][INFO] 2023-01-25 02:15:09,142: -SERVICE [/gazebo/set_link_state] /gazebo rosrpc://michaeljiang-clouddesktop-deployment-798ccff866-hvfzw:57133
[rosmaster.master][INFO] 2023-01-25 02:15:09,142: -SERVICE [/gazebo/pause_physics] /gazebo rosrpc://michaeljiang-clouddesktop-deployment-798ccff866-hvfzw:57133
[rosmaster.master][INFO] 2023-01-25 02:15:09,143: -SERVICE [/gazebo/unpause_physics] /gazebo rosrpc://michaeljiang-clouddesktop-deployment-798ccff866-hvfzw:57133
[rosmaster.master][INFO] 2023-01-25 02:15:09,144: -SERVICE [/gazebo/apply_body_wrench] /gazebo rosrpc://michaeljiang-clouddesktop-deployment-798ccff866-hvfzw:57133
[rosmaster.master][INFO] 2023-01-25 02:15:09,145: -SERVICE [/gazebo/apply_joint_effort] /gazebo rosrpc://michaeljiang-clouddesktop-deployment-798ccff866-hvfzw:57133
[rosmaster.master][INFO] 2023-01-25 02:15:09,146: -SERVICE [/gazebo/clear_joint_forces] /gazebo rosrpc://michaeljiang-clouddesktop-deployment-798ccff866-hvfzw:57133
[rosmaster.master][INFO] 2023-01-25 02:15:09,146: -SERVICE [/gazebo/clear_body_wrenches] /gazebo rosrpc://michaeljiang-clouddesktop-deployment-798ccff866-hvfzw:57133
[rosmaster.master][INFO] 2023-01-25 02:15:09,147: -SERVICE [/gazebo/reset_simulation] /gazebo rosrpc://michaeljiang-clouddesktop-deployment-798ccff866-hvfzw:57133
[rosmaster.master][INFO] 2023-01-25 02:15:09,152: -SERVICE [/gazebo/reset_world] /gazebo rosrpc://michaeljiang-clouddesktop-deployment-798ccff866-hvfzw:57133
[rosmaster.master][INFO] 2023-01-25 02:15:09,154: -PUB [/gazebo/parameter_descriptions] /gazebo http://michaeljiang-clouddesktop-deployment-798ccff866-hvfzw:43157/
[rosmaster.master][INFO] 2023-01-25 02:15:09,155: -PUB [/gazebo/parameter_updates] /gazebo http://michaeljiang-clouddesktop-deployment-798ccff866-hvfzw:43157/
[rosmaster.master][INFO] 2023-01-25 02:15:09,156: -SERVICE [/gazebo/set_parameters] /gazebo rosrpc://michaeljiang-clouddesktop-deployment-798ccff866-hvfzw:57133
[rosmaster.master][INFO] 2023-01-25 02:15:09,158: publisherUpdate[/clock] -> http://michaeljiang-clouddesktop-deployment-798ccff866-hvfzw:35527/ []
[rosmaster.master][INFO] 2023-01-25 02:15:09,160: -SUB [/cmd_vel] /gazebo http://michaeljiang-clouddesktop-deployment-798ccff866-hvfzw:43157/
[rosmaster.master][INFO] 2023-01-25 02:15:09,161: publisherUpdate[/clock] -> http://michaeljiang-clouddesktop-deployment-798ccff866-hvfzw:35527/ []: sec=0.00, result=[1, '', 0]
[rosmaster.master][INFO] 2023-01-25 02:15:09,161: publisherUpdate[/clock] -> http://michaeljiang-clouddesktop-deployment-798ccff866-hvfzw:43157/ []
[rosmaster.master][INFO] 2023-01-25 02:15:09,161: -PUB [/joint_states] /gazebo http://michaeljiang-clouddesktop-deployment-798ccff866-hvfzw:43157/
[rosmaster.master][INFO] 2023-01-25 02:15:09,163: -PUB [/odom] /gazebo http://michaeljiang-clouddesktop-deployment-798ccff866-hvfzw:43157/
[rosmaster.master][INFO] 2023-01-25 02:15:09,168: -PUB [/tf] /gazebo http://michaeljiang-clouddesktop-deployment-798ccff866-hvfzw:43157/
[rosmaster.master][INFO] 2023-01-25 02:15:09,169: -PUB [/imu] /gazebo http://michaeljiang-clouddesktop-deployment-798ccff866-hvfzw:43157/
[rosmaster.master][INFO] 2023-01-25 02:15:09,172: -SERVICE [/imu_service] /gazebo rosrpc://michaeljiang-clouddesktop-deployment-798ccff866-hvfzw:57133
[rosmaster.master][INFO] 2023-01-25 02:15:09,179: -PUB [/scan] /gazebo http://michaeljiang-clouddesktop-deployment-798ccff866-hvfzw:43157/
[rosmaster.master][INFO] 2023-01-25 02:15:09,192: publisherUpdate[/clock] -> http://michaeljiang-clouddesktop-deployment-798ccff866-hvfzw:38165/ []
[rosmaster.master][INFO] 2023-01-25 02:15:09,193: publisherUpdate[/clock] -> http://michaeljiang-clouddesktop-deployment-798ccff866-hvfzw:38165/ []: sec=0.00, exception=[Errno 111] Connection refused
[rosmaster.master][INFO] 2023-01-25 02:15:09,194: publisherUpdate[/clock] -> http://michaeljiang-clouddesktop-deployment-798ccff866-hvfzw:43157/ []: sec=0.03, result=[1, '', 0]
[rosmaster.threadpool][ERROR] 2023-01-25 02:15:09,194: Traceback (most recent call last):
  File "/opt/ros/noetic/lib/python3/dist-packages/rosmaster/threadpool.py", line 218, in run
    result = cmd(*args)
  File "/opt/ros/noetic/lib/python3/dist-packages/rosmaster/master_api.py", line 210, in publisher_update_task
    ret = xmlrpcapi(api).publisherUpdate('/master', topic, pub_uris)
  File "/usr/lib/python3.8/xmlrpc/client.py", line 1109, in __call__
    return self.__send(self.__name, args)
  File "/usr/lib/python3.8/xmlrpc/client.py", line 1450, in __request
    response = self.__transport.request(
  File "/usr/lib/python3.8/xmlrpc/client.py", line 1153, in request
    return self.single_request(host, handler, request_body, verbose)
  File "/usr/lib/python3.8/xmlrpc/client.py", line 1165, in single_request
    http_conn = self.send_request(host, handler, request_body, verbose)
  File "/usr/lib/python3.8/xmlrpc/client.py", line 1278, in send_request
    self.send_content(connection, request_body)
  File "/usr/lib/python3.8/xmlrpc/client.py", line 1308, in send_content
    connection.endheaders(request_body)
  File "/usr/lib/python3.8/http/client.py", line 1251, in endheaders
    self._send_output(message_body, encode_chunked=encode_chunked)
  File "/usr/lib/python3.8/http/client.py", line 1011, in _send_output
    self.send(msg)
  File "/usr/lib/python3.8/http/client.py", line 951, in send
    self.connect()
  File "/usr/lib/python3.8/http/client.py", line 922, in connect
    self.sock = self._create_connection(
  File "/usr/lib/python3.8/socket.py", line 808, in create_connection
    raise err
  File "/usr/lib/python3.8/socket.py", line 796, in create_connection
    sock.connect(sa)
ConnectionRefusedError: [Errno 111] Connection refused

[rosmaster.master][INFO] 2023-01-25 02:15:09,296: -PUB [/rosout] /gazebo http://michaeljiang-clouddesktop-deployment-798ccff866-hvfzw:43157/
[rosmaster.master][INFO] 2023-01-25 02:15:09,299: -SUB [/clock] /gazebo http://michaeljiang-clouddesktop-deployment-798ccff866-hvfzw:43157/
[rosmaster.master][INFO] 2023-01-25 02:15:09,300: -SERVICE [/gazebo/get_loggers] /gazebo rosrpc://michaeljiang-clouddesktop-deployment-798ccff866-hvfzw:57133
[rosmaster.master][INFO] 2023-01-25 02:15:09,301: -SERVICE [/gazebo/set_logger_level] /gazebo rosrpc://michaeljiang-clouddesktop-deployment-798ccff866-hvfzw:57133
[rosmaster.master][INFO] 2023-01-25 02:15:09,303: -CACHEDPARAM [/rosout_disable_topics_generation] by /gazebo
[rosmaster.master][INFO] 2023-01-25 02:15:09,314: publisherUpdate[/rosout] -> http://michaeljiang-clouddesktop-deployment-798ccff866-hvfzw:35527/ ['http://michaeljiang-clouddesktop-deployment-798ccff866-hvfzw:38165/']
[rosmaster.master][INFO] 2023-01-25 02:15:09,315: publisherUpdate[/rosout] -> http://michaeljiang-clouddesktop-deployment-798ccff866-hvfzw:35527/ ['http://michaeljiang-clouddesktop-deployment-798ccff866-hvfzw:38165/']: sec=0.00, result=[1, '', 0]
[rosmaster.master][INFO] 2023-01-25 02:15:09,616: -PUB [/rosout_agg] /rosout http://michaeljiang-clouddesktop-deployment-798ccff866-hvfzw:35527/
[rosmaster.master][INFO] 2023-01-25 02:15:09,616: -SUB [/clock] /rosout http://michaeljiang-clouddesktop-deployment-798ccff866-hvfzw:35527/
[rosmaster.master][INFO] 2023-01-25 02:15:09,617: -SUB [/rosout] /rosout http://michaeljiang-clouddesktop-deployment-798ccff866-hvfzw:35527/
[rosmaster.master][INFO] 2023-01-25 02:15:09,618: -SERVICE [/rosout/get_loggers] /rosout rosrpc://michaeljiang-clouddesktop-deployment-798ccff866-hvfzw:44269
[rosmaster.master][INFO] 2023-01-25 02:15:09,618: -SERVICE [/rosout/set_logger_level] /rosout rosrpc://michaeljiang-clouddesktop-deployment-798ccff866-hvfzw:44269
[rosmaster.master][INFO] 2023-01-25 02:15:09,619: -CACHEDPARAM [/rosout/omit_topics] by /rosout
[rosmaster.main][INFO] 2023-01-25 02:15:09,725: keyboard interrupt, will exit
[rosmaster.main][INFO] 2023-01-25 02:15:09,725: stopping master...
[rospy.core][INFO] 2023-01-25 02:15:09,725: signal_shutdown [atexit]
