[rosmaster.main][INFO] 2023-02-07 23:23:37,732: initialization complete, waiting for shutdown
[rosmaster.main][INFO] 2023-02-07 23:23:37,732: Starting ROS Master Node
[xmlrpc][INFO] 2023-02-07 23:23:37,733: XML-RPC server binding to 0.0.0.0:11311
[xmlrpc][INFO] 2023-02-07 23:23:37,733: Started XML-RPC server [http://michaeljiang-clouddesktop-deployment-798ccff866-hvfzw:11311/]
[rosmaster.master][INFO] 2023-02-07 23:23:37,733: Master initialized: port[11311], uri[http://michaeljiang-clouddesktop-deployment-798ccff866-hvfzw:11311/]
[xmlrpc][INFO] 2023-02-07 23:23:37,733: xml rpc node: starting XML-RPC server
[rosmaster.master][INFO] 2023-02-07 23:23:37,805: +PARAM [/run_id] by /roslaunch
[rosmaster.master][INFO] 2023-02-07 23:23:37,808: +PARAM [/roslaunch/uris/host_michaeljiang_clouddesktop_deployment_798ccff866_hvfzw__39839] by /roslaunch
[rosmaster.master][INFO] 2023-02-07 23:23:37,885: +PARAM [/rosversion] by /roslaunch
[rosmaster.master][INFO] 2023-02-07 23:23:37,885: +PARAM [/rosdistro] by /roslaunch
[rosmaster.master][INFO] 2023-02-07 23:23:37,885: +PARAM [/use_sim_time] by /roslaunch
[rosmaster.master][INFO] 2023-02-07 23:23:37,885: +PARAM [/gazebo/enable_ros_network] by /roslaunch
[rosmaster.master][INFO] 2023-02-07 23:23:37,885: +PARAM [/robot_description] by /roslaunch
[rosmaster.master][INFO] 2023-02-07 23:23:37,908: +SERVICE [/rosout/get_loggers] /rosout http://michaeljiang-clouddesktop-deployment-798ccff866-hvfzw:33317/
[rosmaster.master][INFO] 2023-02-07 23:23:37,909: +SERVICE [/rosout/set_logger_level] /rosout http://michaeljiang-clouddesktop-deployment-798ccff866-hvfzw:33317/
[rosmaster.master][INFO] 2023-02-07 23:23:37,938: +SUB [/clock] /rosout http://michaeljiang-clouddesktop-deployment-798ccff866-hvfzw:33317/
[rosmaster.master][INFO] 2023-02-07 23:23:37,939: +PUB [/rosout_agg] /rosout http://michaeljiang-clouddesktop-deployment-798ccff866-hvfzw:33317/
[rosmaster.master][INFO] 2023-02-07 23:23:37,945: +SUB [/rosout] /rosout http://michaeljiang-clouddesktop-deployment-798ccff866-hvfzw:33317/
[rosmaster.master][INFO] 2023-02-07 23:23:38,264: +PUB [/rosout] /spawn_urdf http://michaeljiang-clouddesktop-deployment-798ccff866-hvfzw:37473/
[rosmaster.master][INFO] 2023-02-07 23:23:38,269: +SUB [/clock] /spawn_urdf http://michaeljiang-clouddesktop-deployment-798ccff866-hvfzw:37473/
[rosmaster.master][INFO] 2023-02-07 23:23:38,276: +SERVICE [/spawn_urdf/get_loggers] /spawn_urdf http://michaeljiang-clouddesktop-deployment-798ccff866-hvfzw:37473/
[rosmaster.master][INFO] 2023-02-07 23:23:38,278: +SERVICE [/spawn_urdf/set_logger_level] /spawn_urdf http://michaeljiang-clouddesktop-deployment-798ccff866-hvfzw:37473/
[rosmaster.master][INFO] 2023-02-07 23:23:38,296: +CACHEDPARAM [/rosout_disable_topics_generation] by /spawn_urdf
[rosmaster.master][INFO] 2023-02-07 23:23:38,311: +CACHEDPARAM [/rosout_disable_topics_generation] by /spawn_urdf
[rosmaster.master][INFO] 2023-02-07 23:23:38,335: publisherUpdate[/rosout] -> http://michaeljiang-clouddesktop-deployment-798ccff866-hvfzw:33317/ ['http://michaeljiang-clouddesktop-deployment-798ccff866-hvfzw:37473/']
[rosmaster.master][INFO] 2023-02-07 23:23:38,374: publisherUpdate[/rosout] -> http://michaeljiang-clouddesktop-deployment-798ccff866-hvfzw:33317/ ['http://michaeljiang-clouddesktop-deployment-798ccff866-hvfzw:37473/']: sec=0.04, result=[1, '', 0]
[rosmaster.master][INFO] 2023-02-07 23:23:38,579: +CACHEDPARAM [/rosout/omit_topics] by /rosout
[rosmaster.master][INFO] 2023-02-07 23:23:38,701: +PUB [/rosout] /gazebo http://michaeljiang-clouddesktop-deployment-798ccff866-hvfzw:42795/
[rosmaster.master][INFO] 2023-02-07 23:23:38,702: +SERVICE [/gazebo/get_loggers] /gazebo http://michaeljiang-clouddesktop-deployment-798ccff866-hvfzw:42795/
[rosmaster.master][INFO] 2023-02-07 23:23:38,705: +SERVICE [/gazebo/set_logger_level] /gazebo http://michaeljiang-clouddesktop-deployment-798ccff866-hvfzw:42795/
[rosmaster.master][INFO] 2023-02-07 23:23:38,742: publisherUpdate[/rosout] -> http://michaeljiang-clouddesktop-deployment-798ccff866-hvfzw:33317/ ['http://michaeljiang-clouddesktop-deployment-798ccff866-hvfzw:37473/', 'http://michaeljiang-clouddesktop-deployment-798ccff866-hvfzw:42795/']
[rosmaster.master][INFO] 2023-02-07 23:23:38,750: +SUB [/clock] /gazebo http://michaeljiang-clouddesktop-deployment-798ccff866-hvfzw:42795/
[rosmaster.master][INFO] 2023-02-07 23:23:38,771: publisherUpdate[/rosout] -> http://michaeljiang-clouddesktop-deployment-798ccff866-hvfzw:33317/ ['http://michaeljiang-clouddesktop-deployment-798ccff866-hvfzw:37473/', 'http://michaeljiang-clouddesktop-deployment-798ccff866-hvfzw:42795/']: sec=0.03, result=[1, '', 0]
[rosmaster.master][INFO] 2023-02-07 23:23:38,780: +CACHEDPARAM [/rosout_disable_topics_generation] by /gazebo
[rosmaster.master][INFO] 2023-02-07 23:23:38,831: +PUB [/rosout] /gazebo_gui http://michaeljiang-clouddesktop-deployment-798ccff866-hvfzw:42377/
[rosmaster.master][INFO] 2023-02-07 23:23:38,837: +SERVICE [/gazebo_gui/get_loggers] /gazebo_gui http://michaeljiang-clouddesktop-deployment-798ccff866-hvfzw:42377/
[rosmaster.master][INFO] 2023-02-07 23:23:38,841: +SERVICE [/gazebo_gui/set_logger_level] /gazebo_gui http://michaeljiang-clouddesktop-deployment-798ccff866-hvfzw:42377/
[rosmaster.master][INFO] 2023-02-07 23:23:38,860: +SUB [/clock] /gazebo_gui http://michaeljiang-clouddesktop-deployment-798ccff866-hvfzw:42377/
[rosmaster.master][INFO] 2023-02-07 23:23:38,867: +CACHEDPARAM [/rosout_disable_topics_generation] by /gazebo_gui
[rosmaster.master][INFO] 2023-02-07 23:23:38,871: publisherUpdate[/rosout] -> http://michaeljiang-clouddesktop-deployment-798ccff866-hvfzw:33317/ ['http://michaeljiang-clouddesktop-deployment-798ccff866-hvfzw:37473/', 'http://michaeljiang-clouddesktop-deployment-798ccff866-hvfzw:42795/', 'http://michaeljiang-clouddesktop-deployment-798ccff866-hvfzw:42377/']
[rosmaster.master][INFO] 2023-02-07 23:23:38,963: publisherUpdate[/rosout] -> http://michaeljiang-clouddesktop-deployment-798ccff866-hvfzw:33317/ ['http://michaeljiang-clouddesktop-deployment-798ccff866-hvfzw:37473/', 'http://michaeljiang-clouddesktop-deployment-798ccff866-hvfzw:42795/', 'http://michaeljiang-clouddesktop-deployment-798ccff866-hvfzw:42377/']: sec=0.09, result=[1, '', 0]
[rosmaster.master][INFO] 2023-02-07 23:23:40,382: +PUB [/clock] /gazebo http://michaeljiang-clouddesktop-deployment-798ccff866-hvfzw:42795/
[rosmaster.master][INFO] 2023-02-07 23:23:40,384: +SERVICE [/gazebo/spawn_sdf_model] /gazebo http://michaeljiang-clouddesktop-deployment-798ccff866-hvfzw:42795/
[rosmaster.master][INFO] 2023-02-07 23:23:40,384: +SERVICE [/gazebo/spawn_urdf_model] /gazebo http://michaeljiang-clouddesktop-deployment-798ccff866-hvfzw:42795/
[rosmaster.master][INFO] 2023-02-07 23:23:40,387: +SERVICE [/gazebo/delete_model] /gazebo http://michaeljiang-clouddesktop-deployment-798ccff866-hvfzw:42795/
[rosmaster.master][INFO] 2023-02-07 23:23:40,389: publisherUpdate[/clock] -> http://michaeljiang-clouddesktop-deployment-798ccff866-hvfzw:33317/ ['http://michaeljiang-clouddesktop-deployment-798ccff866-hvfzw:42795/']
[rosmaster.master][INFO] 2023-02-07 23:23:40,392: publisherUpdate[/clock] -> http://michaeljiang-clouddesktop-deployment-798ccff866-hvfzw:33317/ ['http://michaeljiang-clouddesktop-deployment-798ccff866-hvfzw:42795/']: sec=0.00, result=[1, '', 0]
[rosmaster.master][INFO] 2023-02-07 23:23:40,392: publisherUpdate[/clock] -> http://michaeljiang-clouddesktop-deployment-798ccff866-hvfzw:37473/ ['http://michaeljiang-clouddesktop-deployment-798ccff866-hvfzw:42795/']
[rosmaster.master][INFO] 2023-02-07 23:23:40,394: publisherUpdate[/clock] -> http://michaeljiang-clouddesktop-deployment-798ccff866-hvfzw:37473/ ['http://michaeljiang-clouddesktop-deployment-798ccff866-hvfzw:42795/']: sec=0.00, result=[1, '', 0]
[rosmaster.master][INFO] 2023-02-07 23:23:40,394: publisherUpdate[/clock] -> http://michaeljiang-clouddesktop-deployment-798ccff866-hvfzw:42795/ ['http://michaeljiang-clouddesktop-deployment-798ccff866-hvfzw:42795/']
[rosmaster.master][INFO] 2023-02-07 23:23:40,394: publisherUpdate[/clock] -> http://michaeljiang-clouddesktop-deployment-798ccff866-hvfzw:42377/ ['http://michaeljiang-clouddesktop-deployment-798ccff866-hvfzw:42795/']
[rosmaster.master][INFO] 2023-02-07 23:23:40,395: +SERVICE [/gazebo/delete_light] /gazebo http://michaeljiang-clouddesktop-deployment-798ccff866-hvfzw:42795/
[rosmaster.master][INFO] 2023-02-07 23:23:40,400: +SERVICE [/gazebo/get_model_properties] /gazebo http://michaeljiang-clouddesktop-deployment-798ccff866-hvfzw:42795/
[rosmaster.master][INFO] 2023-02-07 23:23:40,401: +SERVICE [/gazebo/get_model_state] /gazebo http://michaeljiang-clouddesktop-deployment-798ccff866-hvfzw:42795/
[rosmaster.master][INFO] 2023-02-07 23:23:40,402: +SERVICE [/gazebo/get_world_properties] /gazebo http://michaeljiang-clouddesktop-deployment-798ccff866-hvfzw:42795/
[rosmaster.master][INFO] 2023-02-07 23:23:40,402: +SERVICE [/gazebo/get_joint_properties] /gazebo http://michaeljiang-clouddesktop-deployment-798ccff866-hvfzw:42795/
[rosmaster.master][INFO] 2023-02-07 23:23:40,403: +SERVICE [/gazebo/get_link_properties] /gazebo http://michaeljiang-clouddesktop-deployment-798ccff866-hvfzw:42795/
[rosmaster.master][INFO] 2023-02-07 23:23:40,405: +SERVICE [/gazebo/get_link_state] /gazebo http://michaeljiang-clouddesktop-deployment-798ccff866-hvfzw:42795/
[rosmaster.master][INFO] 2023-02-07 23:23:40,406: +SERVICE [/gazebo/get_light_properties] /gazebo http://michaeljiang-clouddesktop-deployment-798ccff866-hvfzw:42795/
[rosmaster.master][INFO] 2023-02-07 23:23:40,407: +SERVICE [/gazebo/set_light_properties] /gazebo http://michaeljiang-clouddesktop-deployment-798ccff866-hvfzw:42795/
[rosmaster.master][INFO] 2023-02-07 23:23:40,407: +SERVICE [/gazebo/get_physics_properties] /gazebo http://michaeljiang-clouddesktop-deployment-798ccff866-hvfzw:42795/
[rosmaster.master][INFO] 2023-02-07 23:23:40,411: +PUB [/gazebo/link_states] /gazebo http://michaeljiang-clouddesktop-deployment-798ccff866-hvfzw:42795/
[rosmaster.master][INFO] 2023-02-07 23:23:40,413: +PUB [/gazebo/model_states] /gazebo http://michaeljiang-clouddesktop-deployment-798ccff866-hvfzw:42795/
[rosmaster.master][INFO] 2023-02-07 23:23:40,413: +PUB [/gazebo/performance_metrics] /gazebo http://michaeljiang-clouddesktop-deployment-798ccff866-hvfzw:42795/
[rosmaster.master][INFO] 2023-02-07 23:23:40,414: +SERVICE [/gazebo/set_link_properties] /gazebo http://michaeljiang-clouddesktop-deployment-798ccff866-hvfzw:42795/
[rosmaster.master][INFO] 2023-02-07 23:23:40,415: +SERVICE [/gazebo/set_physics_properties] /gazebo http://michaeljiang-clouddesktop-deployment-798ccff866-hvfzw:42795/
[rosmaster.master][INFO] 2023-02-07 23:23:40,415: +SERVICE [/gazebo/set_model_state] /gazebo http://michaeljiang-clouddesktop-deployment-798ccff866-hvfzw:42795/
[rosmaster.master][INFO] 2023-02-07 23:23:40,416: +SERVICE [/gazebo/set_model_configuration] /gazebo http://michaeljiang-clouddesktop-deployment-798ccff866-hvfzw:42795/
[rosmaster.master][INFO] 2023-02-07 23:23:40,420: +SERVICE [/gazebo/set_joint_properties] /gazebo http://michaeljiang-clouddesktop-deployment-798ccff866-hvfzw:42795/
[rosmaster.master][INFO] 2023-02-07 23:23:40,427: +SERVICE [/gazebo/set_link_state] /gazebo http://michaeljiang-clouddesktop-deployment-798ccff866-hvfzw:42795/
[rosmaster.master][INFO] 2023-02-07 23:23:40,431: publisherUpdate[/clock] -> http://michaeljiang-clouddesktop-deployment-798ccff866-hvfzw:42377/ ['http://michaeljiang-clouddesktop-deployment-798ccff866-hvfzw:42795/']: sec=0.04, result=[1, '', 0]
[rosmaster.master][INFO] 2023-02-07 23:23:40,463: +SUB [/gazebo/set_link_state] /gazebo http://michaeljiang-clouddesktop-deployment-798ccff866-hvfzw:42795/
[rosmaster.master][INFO] 2023-02-07 23:23:40,472: +CACHEDPARAM [/rosout_disable_topics_generation] by /spawn_urdf
[rosmaster.master][INFO] 2023-02-07 23:23:40,484: +SERVICE [/gazebo/set_parameters] /gazebo http://michaeljiang-clouddesktop-deployment-798ccff866-hvfzw:42795/
[rosmaster.master][INFO] 2023-02-07 23:23:40,496: +SUB [/gazebo/set_model_state] /gazebo http://michaeljiang-clouddesktop-deployment-798ccff866-hvfzw:42795/
[rosmaster.master][INFO] 2023-02-07 23:23:40,497: +SERVICE [/gazebo/pause_physics] /gazebo http://michaeljiang-clouddesktop-deployment-798ccff866-hvfzw:42795/
[rosmaster.master][INFO] 2023-02-07 23:23:40,498: publisherUpdate[/clock] -> http://michaeljiang-clouddesktop-deployment-798ccff866-hvfzw:42795/ ['http://michaeljiang-clouddesktop-deployment-798ccff866-hvfzw:42795/']: sec=0.10, result=[1, '', 0]
[rosmaster.master][INFO] 2023-02-07 23:23:40,503: +PUB [/gazebo/parameter_descriptions] /gazebo http://michaeljiang-clouddesktop-deployment-798ccff866-hvfzw:42795/
[rosmaster.master][INFO] 2023-02-07 23:23:40,504: +SERVICE [/gazebo/unpause_physics] /gazebo http://michaeljiang-clouddesktop-deployment-798ccff866-hvfzw:42795/
[rosmaster.master][INFO] 2023-02-07 23:23:40,506: +PUB [/gazebo/parameter_updates] /gazebo http://michaeljiang-clouddesktop-deployment-798ccff866-hvfzw:42795/
[rosmaster.master][INFO] 2023-02-07 23:23:40,507: +SERVICE [/gazebo/apply_body_wrench] /gazebo http://michaeljiang-clouddesktop-deployment-798ccff866-hvfzw:42795/
[rosmaster.master][INFO] 2023-02-07 23:23:40,512: +SERVICE [/gazebo/apply_joint_effort] /gazebo http://michaeljiang-clouddesktop-deployment-798ccff866-hvfzw:42795/
[rosmaster.master][INFO] 2023-02-07 23:23:40,520: +SERVICE [/gazebo/clear_joint_forces] /gazebo http://michaeljiang-clouddesktop-deployment-798ccff866-hvfzw:42795/
[rosmaster.master][INFO] 2023-02-07 23:23:40,529: +SERVICE [/gazebo/clear_body_wrenches] /gazebo http://michaeljiang-clouddesktop-deployment-798ccff866-hvfzw:42795/
[rosmaster.master][INFO] 2023-02-07 23:23:40,533: +SERVICE [/gazebo/reset_simulation] /gazebo http://michaeljiang-clouddesktop-deployment-798ccff866-hvfzw:42795/
[rosmaster.master][INFO] 2023-02-07 23:23:40,539: +SERVICE [/gazebo/reset_world] /gazebo http://michaeljiang-clouddesktop-deployment-798ccff866-hvfzw:42795/
[rosmaster.master][INFO] 2023-02-07 23:23:40,586: +PARAM [/gazebo/time_step] by /gazebo
[rosmaster.master][INFO] 2023-02-07 23:23:40,587: +PARAM [/gazebo/max_update_rate] by /gazebo
[rosmaster.master][INFO] 2023-02-07 23:23:40,588: +PARAM [/gazebo/gravity_x] by /gazebo
[rosmaster.master][INFO] 2023-02-07 23:23:40,589: +PARAM [/gazebo/gravity_y] by /gazebo
[rosmaster.master][INFO] 2023-02-07 23:23:40,590: +PARAM [/gazebo/gravity_z] by /gazebo
[rosmaster.master][INFO] 2023-02-07 23:23:40,593: +PARAM [/gazebo/auto_disable_bodies] by /gazebo
[rosmaster.master][INFO] 2023-02-07 23:23:40,595: +PARAM [/gazebo/sor_pgs_precon_iters] by /gazebo
[rosmaster.master][INFO] 2023-02-07 23:23:40,596: +PARAM [/gazebo/sor_pgs_iters] by /gazebo
[rosmaster.master][INFO] 2023-02-07 23:23:40,596: +PARAM [/gazebo/sor_pgs_w] by /gazebo
[rosmaster.master][INFO] 2023-02-07 23:23:40,598: +PARAM [/gazebo/sor_pgs_rms_error_tol] by /gazebo
[rosmaster.master][INFO] 2023-02-07 23:23:40,598: +PARAM [/gazebo/cfm] by /gazebo
[rosmaster.master][INFO] 2023-02-07 23:23:40,599: +PARAM [/gazebo/erp] by /gazebo
[rosmaster.master][INFO] 2023-02-07 23:23:40,600: +PARAM [/gazebo/contact_surface_layer] by /gazebo
[rosmaster.master][INFO] 2023-02-07 23:23:40,601: +PARAM [/gazebo/contact_max_correcting_vel] by /gazebo
[rosmaster.master][INFO] 2023-02-07 23:23:40,608: +PARAM [/gazebo/max_contacts] by /gazebo
[rosmaster.master][ERROR] 2023-02-07 23:23:40,860: Traceback (most recent call last):
  File "/opt/ros/noetic/lib/python3/dist-packages/rosmaster/master_api.py", line 177, in validated_f
    code, msg, val = f(*newArgs, **kwds)
  File "/opt/ros/noetic/lib/python3/dist-packages/rosmaster/master_api.py", line 435, in searchParam
    search_key = self.param_server.search_param(caller_id, key)
  File "/opt/ros/noetic/lib/python3/dist-packages/rosmaster/paramserver.py", line 116, in search_param
    raise ValueError("namespace must be global")
ValueError: namespace must be global

[rosmaster.master][INFO] 2023-02-07 23:23:40,861: +PUB [/scan] /gazebo http://michaeljiang-clouddesktop-deployment-798ccff866-hvfzw:42795/
[rosmaster.master][INFO] 2023-02-07 23:23:40,984: +PARAM [/gazebo/time_step] by /gazebo
[rosmaster.master][INFO] 2023-02-07 23:23:40,985: +CACHEDPARAM [/rosout_disable_topics_generation] by /spawn_urdf
[rosmaster.master][INFO] 2023-02-07 23:23:40,985: +PARAM [/gazebo/max_update_rate] by /gazebo
[rosmaster.master][INFO] 2023-02-07 23:23:40,986: +PARAM [/gazebo/gravity_x] by /gazebo
[rosmaster.master][INFO] 2023-02-07 23:23:40,987: -SUB [/clock] /spawn_urdf http://michaeljiang-clouddesktop-deployment-798ccff866-hvfzw:37473/
[rosmaster.master][INFO] 2023-02-07 23:23:40,987: -PUB [/rosout] /spawn_urdf http://michaeljiang-clouddesktop-deployment-798ccff866-hvfzw:37473/
[rosmaster.master][INFO] 2023-02-07 23:23:40,987: -SERVICE [/spawn_urdf/get_loggers] /spawn_urdf rosrpc://michaeljiang-clouddesktop-deployment-798ccff866-hvfzw:45719
[rosmaster.master][INFO] 2023-02-07 23:23:40,987: -SERVICE [/spawn_urdf/set_logger_level] /spawn_urdf rosrpc://michaeljiang-clouddesktop-deployment-798ccff866-hvfzw:45719
[rosmaster.master][INFO] 2023-02-07 23:23:40,989: +PARAM [/gazebo/gravity_y] by /gazebo
[rosmaster.master][INFO] 2023-02-07 23:23:40,990: +PARAM [/gazebo/gravity_z] by /gazebo
[rosmaster.master][INFO] 2023-02-07 23:23:40,991: +PARAM [/gazebo/auto_disable_bodies] by /gazebo
[rosmaster.master][INFO] 2023-02-07 23:23:40,992: +PARAM [/gazebo/sor_pgs_precon_iters] by /gazebo
[rosmaster.master][INFO] 2023-02-07 23:23:40,993: +PARAM [/gazebo/sor_pgs_iters] by /gazebo
[rosmaster.master][INFO] 2023-02-07 23:23:40,994: +PARAM [/gazebo/sor_pgs_w] by /gazebo
[rosmaster.master][INFO] 2023-02-07 23:23:40,994: +PARAM [/gazebo/sor_pgs_rms_error_tol] by /gazebo
[rosmaster.master][INFO] 2023-02-07 23:23:40,995: +PARAM [/gazebo/cfm] by /gazebo
[rosmaster.master][INFO] 2023-02-07 23:23:40,996: +PARAM [/gazebo/erp] by /gazebo
[rosmaster.master][INFO] 2023-02-07 23:23:41,000: publisherUpdate[/rosout] -> http://michaeljiang-clouddesktop-deployment-798ccff866-hvfzw:33317/ ['http://michaeljiang-clouddesktop-deployment-798ccff866-hvfzw:42795/', 'http://michaeljiang-clouddesktop-deployment-798ccff866-hvfzw:42377/']
[rosmaster.master][INFO] 2023-02-07 23:23:41,001: publisherUpdate[/rosout] -> http://michaeljiang-clouddesktop-deployment-798ccff866-hvfzw:33317/ ['http://michaeljiang-clouddesktop-deployment-798ccff866-hvfzw:42795/', 'http://michaeljiang-clouddesktop-deployment-798ccff866-hvfzw:42377/']: sec=0.00, result=[1, '', 0]
[rosmaster.master][INFO] 2023-02-07 23:23:41,003: +PARAM [/gazebo/contact_surface_layer] by /gazebo
[rosmaster.master][INFO] 2023-02-07 23:23:41,004: +PARAM [/gazebo/contact_max_correcting_vel] by /gazebo
[rosmaster.master][INFO] 2023-02-07 23:23:41,005: +PARAM [/gazebo/max_contacts] by /gazebo
[rosmaster.master][ERROR] 2023-02-07 23:23:41,005: Traceback (most recent call last):
  File "/opt/ros/noetic/lib/python3/dist-packages/rosmaster/master_api.py", line 177, in validated_f
    code, msg, val = f(*newArgs, **kwds)
  File "/opt/ros/noetic/lib/python3/dist-packages/rosmaster/master_api.py", line 435, in searchParam
    search_key = self.param_server.search_param(caller_id, key)
  File "/opt/ros/noetic/lib/python3/dist-packages/rosmaster/paramserver.py", line 116, in search_param
    raise ValueError("namespace must be global")
ValueError: namespace must be global

[rosmaster.master][INFO] 2023-02-07 23:23:41,008: +PUB [/joint_states] /gazebo http://michaeljiang-clouddesktop-deployment-798ccff866-hvfzw:42795/
[rosmaster.master][INFO] 2023-02-07 23:23:41,008: +PUB [/tf] /gazebo http://michaeljiang-clouddesktop-deployment-798ccff866-hvfzw:42795/
[rosmaster.master][INFO] 2023-02-07 23:23:41,018: +SUB [/cmd_vel] /gazebo http://michaeljiang-clouddesktop-deployment-798ccff866-hvfzw:42795/
[rosmaster.master][INFO] 2023-02-07 23:23:41,019: +PUB [/odom] /gazebo http://michaeljiang-clouddesktop-deployment-798ccff866-hvfzw:42795/
[rosmaster.master][INFO] 2023-02-07 23:23:41,031: +PUB [/imu] /gazebo http://michaeljiang-clouddesktop-deployment-798ccff866-hvfzw:42795/
[rosmaster.master][INFO] 2023-02-07 23:23:41,035: +SERVICE [/imu_service] /gazebo http://michaeljiang-clouddesktop-deployment-798ccff866-hvfzw:42795/
[rosmaster.master][INFO] 2023-02-07 23:24:21,197: +PUB [/cmd_vel] /forwards_backwards http://michaeljiang-clouddesktop-deployment-798ccff866-hvfzw:39515/
[rosmaster.master][INFO] 2023-02-07 23:24:21,211: publisherUpdate[/cmd_vel] -> http://michaeljiang-clouddesktop-deployment-798ccff866-hvfzw:42795/ ['http://michaeljiang-clouddesktop-deployment-798ccff866-hvfzw:39515/']
[rosmaster.master][INFO] 2023-02-07 23:24:21,212: publisherUpdate[/cmd_vel] -> http://michaeljiang-clouddesktop-deployment-798ccff866-hvfzw:42795/ ['http://michaeljiang-clouddesktop-deployment-798ccff866-hvfzw:39515/']: sec=0.00, result=[1, '', 0]
[rosmaster.master][INFO] 2023-02-07 23:24:21,295: +PUB [/rosout] /forwards_backwards http://michaeljiang-clouddesktop-deployment-798ccff866-hvfzw:39515/
[rosmaster.master][INFO] 2023-02-07 23:24:21,297: +SUB [/clock] /forwards_backwards http://michaeljiang-clouddesktop-deployment-798ccff866-hvfzw:39515/
[rosmaster.master][INFO] 2023-02-07 23:24:21,299: +SERVICE [/forwards_backwards/get_loggers] /forwards_backwards http://michaeljiang-clouddesktop-deployment-798ccff866-hvfzw:39515/
[rosmaster.master][INFO] 2023-02-07 23:24:21,303: +SERVICE [/forwards_backwards/set_logger_level] /forwards_backwards http://michaeljiang-clouddesktop-deployment-798ccff866-hvfzw:39515/
[rosmaster.master][INFO] 2023-02-07 23:24:21,315: publisherUpdate[/rosout] -> http://michaeljiang-clouddesktop-deployment-798ccff866-hvfzw:33317/ ['http://michaeljiang-clouddesktop-deployment-798ccff866-hvfzw:42795/', 'http://michaeljiang-clouddesktop-deployment-798ccff866-hvfzw:42377/', 'http://michaeljiang-clouddesktop-deployment-798ccff866-hvfzw:39515/']
[rosmaster.master][INFO] 2023-02-07 23:24:21,316: publisherUpdate[/rosout] -> http://michaeljiang-clouddesktop-deployment-798ccff866-hvfzw:33317/ ['http://michaeljiang-clouddesktop-deployment-798ccff866-hvfzw:42795/', 'http://michaeljiang-clouddesktop-deployment-798ccff866-hvfzw:42377/', 'http://michaeljiang-clouddesktop-deployment-798ccff866-hvfzw:39515/']: sec=0.00, result=[1, '', 0]
[rosmaster.master][INFO] 2023-02-07 23:24:31,755: -SUB [/clock] /forwards_backwards http://michaeljiang-clouddesktop-deployment-798ccff866-hvfzw:39515/
[rosmaster.master][INFO] 2023-02-07 23:24:31,756: -PUB [/cmd_vel] /forwards_backwards http://michaeljiang-clouddesktop-deployment-798ccff866-hvfzw:39515/
[rosmaster.master][INFO] 2023-02-07 23:24:31,756: -PUB [/rosout] /forwards_backwards http://michaeljiang-clouddesktop-deployment-798ccff866-hvfzw:39515/
[rosmaster.master][INFO] 2023-02-07 23:24:31,756: -SERVICE [/forwards_backwards/get_loggers] /forwards_backwards rosrpc://michaeljiang-clouddesktop-deployment-798ccff866-hvfzw:40533
[rosmaster.master][INFO] 2023-02-07 23:24:31,756: -SERVICE [/forwards_backwards/set_logger_level] /forwards_backwards rosrpc://michaeljiang-clouddesktop-deployment-798ccff866-hvfzw:40533
[rosmaster.master][INFO] 2023-02-07 23:24:31,780: publisherUpdate[/cmd_vel] -> http://michaeljiang-clouddesktop-deployment-798ccff866-hvfzw:42795/ []
[rosmaster.master][INFO] 2023-02-07 23:24:31,812: publisherUpdate[/cmd_vel] -> http://michaeljiang-clouddesktop-deployment-798ccff866-hvfzw:42795/ []: sec=0.03, result=[1, '', 0]
[rosmaster.master][INFO] 2023-02-07 23:24:31,812: publisherUpdate[/rosout] -> http://michaeljiang-clouddesktop-deployment-798ccff866-hvfzw:33317/ ['http://michaeljiang-clouddesktop-deployment-798ccff866-hvfzw:42795/', 'http://michaeljiang-clouddesktop-deployment-798ccff866-hvfzw:42377/']
[rosmaster.master][INFO] 2023-02-07 23:24:31,812: publisherUpdate[/rosout] -> http://michaeljiang-clouddesktop-deployment-798ccff866-hvfzw:33317/ ['http://michaeljiang-clouddesktop-deployment-798ccff866-hvfzw:42795/', 'http://michaeljiang-clouddesktop-deployment-798ccff866-hvfzw:42377/']: sec=0.00, result=[1, '', 0]
[rosmaster.master][INFO] 2023-02-07 23:26:12,832: -SUB [/gazebo/set_link_state] /gazebo http://michaeljiang-clouddesktop-deployment-798ccff866-hvfzw:42795/
[rosmaster.master][INFO] 2023-02-07 23:26:12,832: -SUB [/gazebo/set_model_state] /gazebo http://michaeljiang-clouddesktop-deployment-798ccff866-hvfzw:42795/
[rosmaster.master][INFO] 2023-02-07 23:26:12,833: -PUB [/clock] /gazebo http://michaeljiang-clouddesktop-deployment-798ccff866-hvfzw:42795/
[rosmaster.master][INFO] 2023-02-07 23:26:12,848: -PUB [/gazebo/link_states] /gazebo http://michaeljiang-clouddesktop-deployment-798ccff866-hvfzw:42795/
[rosmaster.master][INFO] 2023-02-07 23:26:12,848: -PUB [/gazebo/model_states] /gazebo http://michaeljiang-clouddesktop-deployment-798ccff866-hvfzw:42795/
[rosmaster.master][INFO] 2023-02-07 23:26:12,849: -PUB [/gazebo/performance_metrics] /gazebo http://michaeljiang-clouddesktop-deployment-798ccff866-hvfzw:42795/
[rosmaster.master][INFO] 2023-02-07 23:26:12,851: -SERVICE [/gazebo/spawn_sdf_model] /gazebo rosrpc://michaeljiang-clouddesktop-deployment-798ccff866-hvfzw:56501
[rosmaster.master][INFO] 2023-02-07 23:26:12,852: publisherUpdate[/clock] -> http://michaeljiang-clouddesktop-deployment-798ccff866-hvfzw:33317/ []
[rosmaster.master][INFO] 2023-02-07 23:26:12,853: publisherUpdate[/clock] -> http://michaeljiang-clouddesktop-deployment-798ccff866-hvfzw:33317/ []: sec=0.00, result=[1, '', 0]
[rosmaster.master][INFO] 2023-02-07 23:26:12,853: publisherUpdate[/clock] -> http://michaeljiang-clouddesktop-deployment-798ccff866-hvfzw:42795/ []
[rosmaster.master][INFO] 2023-02-07 23:26:12,855: -SERVICE [/gazebo/spawn_urdf_model] /gazebo rosrpc://michaeljiang-clouddesktop-deployment-798ccff866-hvfzw:56501
[rosmaster.master][INFO] 2023-02-07 23:26:12,856: -SERVICE [/gazebo/delete_model] /gazebo rosrpc://michaeljiang-clouddesktop-deployment-798ccff866-hvfzw:56501
[rosmaster.master][INFO] 2023-02-07 23:26:12,861: publisherUpdate[/clock] -> http://michaeljiang-clouddesktop-deployment-798ccff866-hvfzw:42377/ []
[rosmaster.master][INFO] 2023-02-07 23:26:12,861: publisherUpdate[/clock] -> http://michaeljiang-clouddesktop-deployment-798ccff866-hvfzw:42377/ []: sec=0.00, exception=[Errno 111] Connection refused
[rosmaster.threadpool][ERROR] 2023-02-07 23:26:12,862: Traceback (most recent call last):
  File "/opt/ros/noetic/lib/python3/dist-packages/rosmaster/threadpool.py", line 218, in run
    result = cmd(*args)
  File "/opt/ros/noetic/lib/python3/dist-packages/rosmaster/master_api.py", line 210, in publisher_update_task
    ret = xmlrpcapi(api).publisherUpdate('/master', topic, pub_uris)
  File "/usr/lib/python3.8/xmlrpc/client.py", line 1109, in __call__
    return self.__send(self.__name, args)
  File "/usr/lib/python3.8/xmlrpc/client.py", line 1450, in __request
    response = self.__transport.request(
  File "/usr/lib/python3.8/xmlrpc/client.py", line 1153, in request
    return self.single_request(host, handler, request_body, verbose)
  File "/usr/lib/python3.8/xmlrpc/client.py", line 1165, in single_request
    http_conn = self.send_request(host, handler, request_body, verbose)
  File "/usr/lib/python3.8/xmlrpc/client.py", line 1278, in send_request
    self.send_content(connection, request_body)
  File "/usr/lib/python3.8/xmlrpc/client.py", line 1308, in send_content
    connection.endheaders(request_body)
  File "/usr/lib/python3.8/http/client.py", line 1251, in endheaders
    self._send_output(message_body, encode_chunked=encode_chunked)
  File "/usr/lib/python3.8/http/client.py", line 1011, in _send_output
    self.send(msg)
  File "/usr/lib/python3.8/http/client.py", line 951, in send
    self.connect()
  File "/usr/lib/python3.8/http/client.py", line 922, in connect
    self.sock = self._create_connection(
  File "/usr/lib/python3.8/socket.py", line 808, in create_connection
    raise err
  File "/usr/lib/python3.8/socket.py", line 796, in create_connection
    sock.connect(sa)
ConnectionRefusedError: [Errno 111] Connection refused

[rosmaster.master][INFO] 2023-02-07 23:26:12,864: -SERVICE [/gazebo/delete_light] /gazebo rosrpc://michaeljiang-clouddesktop-deployment-798ccff866-hvfzw:56501
[rosmaster.master][INFO] 2023-02-07 23:26:12,868: -SERVICE [/gazebo/get_model_properties] /gazebo rosrpc://michaeljiang-clouddesktop-deployment-798ccff866-hvfzw:56501
[rosmaster.master][INFO] 2023-02-07 23:26:12,868: -SERVICE [/gazebo/get_model_state] /gazebo rosrpc://michaeljiang-clouddesktop-deployment-798ccff866-hvfzw:56501
[rosmaster.master][INFO] 2023-02-07 23:26:12,869: -SERVICE [/gazebo/get_world_properties] /gazebo rosrpc://michaeljiang-clouddesktop-deployment-798ccff866-hvfzw:56501
[rosmaster.master][INFO] 2023-02-07 23:26:12,870: -SERVICE [/gazebo/get_joint_properties] /gazebo rosrpc://michaeljiang-clouddesktop-deployment-798ccff866-hvfzw:56501
[rosmaster.master][INFO] 2023-02-07 23:26:12,871: -SERVICE [/gazebo/get_link_properties] /gazebo rosrpc://michaeljiang-clouddesktop-deployment-798ccff866-hvfzw:56501
[rosmaster.master][INFO] 2023-02-07 23:26:12,871: -SERVICE [/gazebo/get_link_state] /gazebo rosrpc://michaeljiang-clouddesktop-deployment-798ccff866-hvfzw:56501
[rosmaster.master][INFO] 2023-02-07 23:26:12,872: -SERVICE [/gazebo/get_light_properties] /gazebo rosrpc://michaeljiang-clouddesktop-deployment-798ccff866-hvfzw:56501
[rosmaster.master][INFO] 2023-02-07 23:26:12,873: -SERVICE [/gazebo/set_light_properties] /gazebo rosrpc://michaeljiang-clouddesktop-deployment-798ccff866-hvfzw:56501
[rosmaster.master][INFO] 2023-02-07 23:26:12,874: -SERVICE [/gazebo/get_physics_properties] /gazebo rosrpc://michaeljiang-clouddesktop-deployment-798ccff866-hvfzw:56501
[rosmaster.master][INFO] 2023-02-07 23:26:12,874: -SERVICE [/gazebo/set_link_properties] /gazebo rosrpc://michaeljiang-clouddesktop-deployment-798ccff866-hvfzw:56501
[rosmaster.master][INFO] 2023-02-07 23:26:12,875: -SERVICE [/gazebo/set_physics_properties] /gazebo rosrpc://michaeljiang-clouddesktop-deployment-798ccff866-hvfzw:56501
[rosmaster.master][INFO] 2023-02-07 23:26:12,876: -SERVICE [/gazebo/set_model_state] /gazebo rosrpc://michaeljiang-clouddesktop-deployment-798ccff866-hvfzw:56501
[rosmaster.master][INFO] 2023-02-07 23:26:12,877: -SERVICE [/gazebo/set_model_configuration] /gazebo rosrpc://michaeljiang-clouddesktop-deployment-798ccff866-hvfzw:56501
[rosmaster.master][INFO] 2023-02-07 23:26:12,878: -SERVICE [/gazebo/set_joint_properties] /gazebo rosrpc://michaeljiang-clouddesktop-deployment-798ccff866-hvfzw:56501
[rosmaster.master][INFO] 2023-02-07 23:26:12,878: -SERVICE [/gazebo/set_link_state] /gazebo rosrpc://michaeljiang-clouddesktop-deployment-798ccff866-hvfzw:56501
[rosmaster.master][INFO] 2023-02-07 23:26:12,880: -SERVICE [/gazebo/pause_physics] /gazebo rosrpc://michaeljiang-clouddesktop-deployment-798ccff866-hvfzw:56501
[rosmaster.master][INFO] 2023-02-07 23:26:12,880: -SERVICE [/gazebo/unpause_physics] /gazebo rosrpc://michaeljiang-clouddesktop-deployment-798ccff866-hvfzw:56501
[rosmaster.master][INFO] 2023-02-07 23:26:12,883: -SERVICE [/gazebo/apply_body_wrench] /gazebo rosrpc://michaeljiang-clouddesktop-deployment-798ccff866-hvfzw:56501
[rosmaster.master][INFO] 2023-02-07 23:26:12,884: -SERVICE [/gazebo/apply_joint_effort] /gazebo rosrpc://michaeljiang-clouddesktop-deployment-798ccff866-hvfzw:56501
[rosmaster.master][INFO] 2023-02-07 23:26:12,885: -SERVICE [/gazebo/clear_joint_forces] /gazebo rosrpc://michaeljiang-clouddesktop-deployment-798ccff866-hvfzw:56501
[rosmaster.master][INFO] 2023-02-07 23:26:12,888: publisherUpdate[/clock] -> http://michaeljiang-clouddesktop-deployment-798ccff866-hvfzw:42795/ []: sec=0.04, result=[1, '', 0]
[rosmaster.master][INFO] 2023-02-07 23:26:12,888: -SERVICE [/gazebo/clear_body_wrenches] /gazebo rosrpc://michaeljiang-clouddesktop-deployment-798ccff866-hvfzw:56501
[rosmaster.master][INFO] 2023-02-07 23:26:12,889: -SERVICE [/gazebo/reset_simulation] /gazebo rosrpc://michaeljiang-clouddesktop-deployment-798ccff866-hvfzw:56501
[rosmaster.master][INFO] 2023-02-07 23:26:12,889: -SERVICE [/gazebo/reset_world] /gazebo rosrpc://michaeljiang-clouddesktop-deployment-798ccff866-hvfzw:56501
[rosmaster.master][INFO] 2023-02-07 23:26:12,890: -PUB [/gazebo/parameter_descriptions] /gazebo http://michaeljiang-clouddesktop-deployment-798ccff866-hvfzw:42795/
[rosmaster.master][INFO] 2023-02-07 23:26:12,891: -PUB [/gazebo/parameter_updates] /gazebo http://michaeljiang-clouddesktop-deployment-798ccff866-hvfzw:42795/
[rosmaster.master][INFO] 2023-02-07 23:26:12,892: -SERVICE [/gazebo/set_parameters] /gazebo rosrpc://michaeljiang-clouddesktop-deployment-798ccff866-hvfzw:56501
[rosmaster.master][INFO] 2023-02-07 23:26:12,893: -SUB [/cmd_vel] /gazebo http://michaeljiang-clouddesktop-deployment-798ccff866-hvfzw:42795/
[rosmaster.master][INFO] 2023-02-07 23:26:12,894: -PUB [/joint_states] /gazebo http://michaeljiang-clouddesktop-deployment-798ccff866-hvfzw:42795/
[rosmaster.master][INFO] 2023-02-07 23:26:12,895: -PUB [/odom] /gazebo http://michaeljiang-clouddesktop-deployment-798ccff866-hvfzw:42795/
[rosmaster.master][INFO] 2023-02-07 23:26:12,895: -PUB [/tf] /gazebo http://michaeljiang-clouddesktop-deployment-798ccff866-hvfzw:42795/
[rosmaster.master][INFO] 2023-02-07 23:26:12,896: -PUB [/imu] /gazebo http://michaeljiang-clouddesktop-deployment-798ccff866-hvfzw:42795/
[rosmaster.master][INFO] 2023-02-07 23:26:12,897: -SERVICE [/imu_service] /gazebo rosrpc://michaeljiang-clouddesktop-deployment-798ccff866-hvfzw:56501
[rosmaster.master][INFO] 2023-02-07 23:26:12,905: -PUB [/scan] /gazebo http://michaeljiang-clouddesktop-deployment-798ccff866-hvfzw:42795/
[rosmaster.master][INFO] 2023-02-07 23:26:13,086: -PUB [/rosout] /gazebo http://michaeljiang-clouddesktop-deployment-798ccff866-hvfzw:42795/
[rosmaster.master][INFO] 2023-02-07 23:26:13,086: -SUB [/clock] /gazebo http://michaeljiang-clouddesktop-deployment-798ccff866-hvfzw:42795/
[rosmaster.master][INFO] 2023-02-07 23:26:13,087: -SERVICE [/gazebo/get_loggers] /gazebo rosrpc://michaeljiang-clouddesktop-deployment-798ccff866-hvfzw:56501
[rosmaster.master][INFO] 2023-02-07 23:26:13,088: -SERVICE [/gazebo/set_logger_level] /gazebo rosrpc://michaeljiang-clouddesktop-deployment-798ccff866-hvfzw:56501
[rosmaster.master][INFO] 2023-02-07 23:26:13,088: publisherUpdate[/rosout] -> http://michaeljiang-clouddesktop-deployment-798ccff866-hvfzw:33317/ ['http://michaeljiang-clouddesktop-deployment-798ccff866-hvfzw:42377/']
[rosmaster.master][INFO] 2023-02-07 23:26:13,089: publisherUpdate[/rosout] -> http://michaeljiang-clouddesktop-deployment-798ccff866-hvfzw:33317/ ['http://michaeljiang-clouddesktop-deployment-798ccff866-hvfzw:42377/']: sec=0.00, result=[1, '', 0]
[rosmaster.master][INFO] 2023-02-07 23:26:13,089: -CACHEDPARAM [/rosout_disable_topics_generation] by /gazebo
[rosmaster.master][INFO] 2023-02-07 23:26:13,390: -PUB [/rosout_agg] /rosout http://michaeljiang-clouddesktop-deployment-798ccff866-hvfzw:33317/
[rosmaster.master][INFO] 2023-02-07 23:26:13,391: -SUB [/clock] /rosout http://michaeljiang-clouddesktop-deployment-798ccff866-hvfzw:33317/
[rosmaster.master][INFO] 2023-02-07 23:26:13,391: -SUB [/rosout] /rosout http://michaeljiang-clouddesktop-deployment-798ccff866-hvfzw:33317/
[rosmaster.master][INFO] 2023-02-07 23:26:13,393: -SERVICE [/rosout/get_loggers] /rosout rosrpc://michaeljiang-clouddesktop-deployment-798ccff866-hvfzw:42235
[rosmaster.master][INFO] 2023-02-07 23:26:13,393: -SERVICE [/rosout/set_logger_level] /rosout rosrpc://michaeljiang-clouddesktop-deployment-798ccff866-hvfzw:42235
[rosmaster.master][INFO] 2023-02-07 23:26:13,394: -CACHEDPARAM [/rosout/omit_topics] by /rosout
[rosmaster.main][INFO] 2023-02-07 23:26:13,443: keyboard interrupt, will exit
[rosmaster.main][INFO] 2023-02-07 23:26:13,443: stopping master...
[rospy.core][INFO] 2023-02-07 23:26:13,443: signal_shutdown [atexit]
