[rospy.client][INFO] 2023-02-07 23:46:22,963: init_node, name[/dance], pid[20080]
[xmlrpc][INFO] 2023-02-07 23:46:22,963: XML-RPC server binding to 0.0.0.0:0
[xmlrpc][INFO] 2023-02-07 23:46:22,964: Started XML-RPC server [http://michaeljiang-clouddesktop-deployment-798ccff866-hvfzw:34075/]
[rospy.init][INFO] 2023-02-07 23:46:22,964: ROS Slave URI: [http://michaeljiang-clouddesktop-deployment-798ccff866-hvfzw:34075/]
[rospy.impl.masterslave][INFO] 2023-02-07 23:46:22,964: _ready: http://michaeljiang-clouddesktop-deployment-798ccff866-hvfzw:34075/
[rospy.registration][INFO] 2023-02-07 23:46:22,968: Registering with master node http://localhost:11311
[xmlrpc][INFO] 2023-02-07 23:46:22,970: xml rpc node: starting XML-RPC server
[rospy.init][INFO] 2023-02-07 23:46:23,064: registered with master
[rospy.rosout][INFO] 2023-02-07 23:46:23,064: initializing /rosout core topic
[rospy.rosout][INFO] 2023-02-07 23:46:23,068: connected to core topic /rosout
[rospy.simtime][INFO] 2023-02-07 23:46:23,071: initializing /clock core topic
[rospy.simtime][INFO] 2023-02-07 23:46:23,100: connected to core topic /clock
[rospy.internal][INFO] 2023-02-07 23:46:23,135: topic[/clock] adding connection to [http://michaeljiang-clouddesktop-deployment-798ccff866-hvfzw:45499/], count 0
[rospy.internal][INFO] 2023-02-07 23:46:23,211: topic[/scan] adding connection to [http://michaeljiang-clouddesktop-deployment-798ccff866-hvfzw:45499/], count 0
[rospy.internal][INFO] 2023-02-07 23:46:23,223: topic[/odom] adding connection to [http://michaeljiang-clouddesktop-deployment-798ccff866-hvfzw:45499/], count 0
[rospy.internal][INFO] 2023-02-07 23:46:23,287: topic[/rosout] adding connection to [/rosout], count 0
[rospy.internal][INFO] 2023-02-07 23:46:23,428: topic[/cmd_vel] adding connection to [/gazebo], count 0
[rospy.core][INFO] 2023-02-07 23:46:39,955: signal_shutdown [signal-2]
[rospy.internal][INFO] 2023-02-07 23:46:39,964: topic[/rosout] removing connection to /rosout
[rospy.internal][INFO] 2023-02-07 23:46:39,964: topic[/cmd_vel] removing connection to /gazebo
[rospy.internal][INFO] 2023-02-07 23:46:39,965: topic[/clock] removing connection to http://michaeljiang-clouddesktop-deployment-798ccff866-hvfzw:45499/
[rospy.internal][INFO] 2023-02-07 23:46:39,965: topic[/scan] removing connection to http://michaeljiang-clouddesktop-deployment-798ccff866-hvfzw:45499/
[rospy.internal][INFO] 2023-02-07 23:46:39,965: topic[/odom] removing connection to http://michaeljiang-clouddesktop-deployment-798ccff866-hvfzw:45499/
[rospy.impl.masterslave][INFO] 2023-02-07 23:46:39,966: signal-2
[rospy.core][INFO] 2023-02-07 23:46:40,635: signal_shutdown [atexit]
[rospy.client][INFO] 2023-02-07 23:49:26,966: init_node, name[/dance], pid[27863]
[xmlrpc][INFO] 2023-02-07 23:49:26,967: XML-RPC server binding to 0.0.0.0:0
[xmlrpc][INFO] 2023-02-07 23:49:26,968: Started XML-RPC server [http://michaeljiang-clouddesktop-deployment-798ccff866-hvfzw:40489/]
[rospy.impl.masterslave][INFO] 2023-02-07 23:49:26,968: _ready: http://michaeljiang-clouddesktop-deployment-798ccff866-hvfzw:40489/
[rospy.registration][INFO] 2023-02-07 23:49:26,969: Registering with master node http://localhost:11311
[xmlrpc][INFO] 2023-02-07 23:49:26,970: xml rpc node: starting XML-RPC server
[rospy.init][INFO] 2023-02-07 23:49:26,971: ROS Slave URI: [http://michaeljiang-clouddesktop-deployment-798ccff866-hvfzw:40489/]
[rospy.init][INFO] 2023-02-07 23:49:26,971: registered with master
[rospy.rosout][INFO] 2023-02-07 23:49:26,971: initializing /rosout core topic
[rospy.rosout][INFO] 2023-02-07 23:49:26,976: connected to core topic /rosout
[rospy.simtime][INFO] 2023-02-07 23:49:27,103: initializing /clock core topic
[rospy.simtime][INFO] 2023-02-07 23:49:27,106: connected to core topic /clock
[rospy.internal][INFO] 2023-02-07 23:49:27,139: topic[/keys] adding connection to [http://michaeljiang-clouddesktop-deployment-798ccff866-hvfzw:35443/], count 0
[rospy.core][INFO] 2023-02-07 23:49:27,147: signal_shutdown [atexit]
[rospy.internal][INFO] 2023-02-07 23:49:27,157: topic[/keys] removing connection to http://michaeljiang-clouddesktop-deployment-798ccff866-hvfzw:35443/
[rospy.impl.masterslave][INFO] 2023-02-07 23:49:27,158: atexit
[rospy.client][INFO] 2023-02-07 23:49:45,618: init_node, name[/dance], pid[28663]
[xmlrpc][INFO] 2023-02-07 23:49:45,620: XML-RPC server binding to 0.0.0.0:0
[xmlrpc][INFO] 2023-02-07 23:49:45,621: Started XML-RPC server [http://michaeljiang-clouddesktop-deployment-798ccff866-hvfzw:39125/]
[rospy.impl.masterslave][INFO] 2023-02-07 23:49:45,621: _ready: http://michaeljiang-clouddesktop-deployment-798ccff866-hvfzw:39125/
[rospy.init][INFO] 2023-02-07 23:49:45,621: ROS Slave URI: [http://michaeljiang-clouddesktop-deployment-798ccff866-hvfzw:39125/]
[rospy.registration][INFO] 2023-02-07 23:49:45,622: Registering with master node http://localhost:11311
[xmlrpc][INFO] 2023-02-07 23:49:45,622: xml rpc node: starting XML-RPC server
[rospy.init][INFO] 2023-02-07 23:49:45,722: registered with master
[rospy.rosout][INFO] 2023-02-07 23:49:45,722: initializing /rosout core topic
[rospy.rosout][INFO] 2023-02-07 23:49:45,729: connected to core topic /rosout
[rospy.simtime][INFO] 2023-02-07 23:49:45,736: initializing /clock core topic
[rospy.simtime][INFO] 2023-02-07 23:49:45,738: connected to core topic /clock
[rospy.internal][INFO] 2023-02-07 23:49:45,765: topic[/keys] adding connection to [http://michaeljiang-clouddesktop-deployment-798ccff866-hvfzw:35443/], count 0
[rospy.internal][INFO] 2023-02-07 23:49:45,848: topic[/clock] adding connection to [http://michaeljiang-clouddesktop-deployment-798ccff866-hvfzw:45499/], count 0
[rospy.internal][INFO] 2023-02-07 23:49:45,875: topic[/scan] adding connection to [http://michaeljiang-clouddesktop-deployment-798ccff866-hvfzw:45499/], count 0
[rospy.internal][INFO] 2023-02-07 23:49:45,877: topic[/odom] adding connection to [http://michaeljiang-clouddesktop-deployment-798ccff866-hvfzw:45499/], count 0
[rospy.internal][INFO] 2023-02-07 23:49:45,937: topic[/rosout] adding connection to [/rosout], count 0
[rospy.internal][INFO] 2023-02-07 23:49:46,084: topic[/cmd_vel] adding connection to [/gazebo], count 0
[rospy.core][INFO] 2023-02-07 23:49:50,977: signal_shutdown [signal-2]
[rospy.internal][INFO] 2023-02-07 23:49:50,982: topic[/rosout] removing connection to /rosout
[rospy.internal][INFO] 2023-02-07 23:49:50,982: topic[/cmd_vel] removing connection to /gazebo
[rospy.internal][INFO] 2023-02-07 23:49:50,982: topic[/clock] removing connection to http://michaeljiang-clouddesktop-deployment-798ccff866-hvfzw:45499/
[rospy.internal][INFO] 2023-02-07 23:49:50,982: topic[/scan] removing connection to http://michaeljiang-clouddesktop-deployment-798ccff866-hvfzw:45499/
[rospy.internal][INFO] 2023-02-07 23:49:50,982: topic[/keys] removing connection to http://michaeljiang-clouddesktop-deployment-798ccff866-hvfzw:35443/
[rospy.internal][INFO] 2023-02-07 23:49:50,983: topic[/odom] removing connection to http://michaeljiang-clouddesktop-deployment-798ccff866-hvfzw:45499/
[rospy.impl.masterslave][INFO] 2023-02-07 23:49:50,983: signal-2
[rospy.core][INFO] 2023-02-07 23:49:51,580: signal_shutdown [atexit]
[rospy.client][INFO] 2023-02-08 00:01:07,393: init_node, name[/dance], pid[24877]
[xmlrpc][INFO] 2023-02-08 00:01:07,394: XML-RPC server binding to 0.0.0.0:0
[xmlrpc][INFO] 2023-02-08 00:01:07,394: Started XML-RPC server [http://michaeljiang-clouddesktop-deployment-798ccff866-hvfzw:35533/]
[rospy.impl.masterslave][INFO] 2023-02-08 00:01:07,394: _ready: http://michaeljiang-clouddesktop-deployment-798ccff866-hvfzw:35533/
[rospy.init][INFO] 2023-02-08 00:01:07,394: ROS Slave URI: [http://michaeljiang-clouddesktop-deployment-798ccff866-hvfzw:35533/]
[rospy.registration][INFO] 2023-02-08 00:01:07,395: Registering with master node http://localhost:11311
[xmlrpc][INFO] 2023-02-08 00:01:07,396: xml rpc node: starting XML-RPC server
[rospy.init][INFO] 2023-02-08 00:01:07,495: registered with master
[rospy.rosout][INFO] 2023-02-08 00:01:07,495: initializing /rosout core topic
[rospy.rosout][INFO] 2023-02-08 00:01:07,499: connected to core topic /rosout
[rospy.simtime][INFO] 2023-02-08 00:01:07,501: initializing /clock core topic
[rospy.simtime][INFO] 2023-02-08 00:01:07,503: connected to core topic /clock
[rospy.internal][INFO] 2023-02-08 00:01:07,538: topic[/keys] adding connection to [http://michaeljiang-clouddesktop-deployment-798ccff866-hvfzw:35443/], count 0
[rospy.internal][INFO] 2023-02-08 00:01:07,541: topic[/clock] adding connection to [http://michaeljiang-clouddesktop-deployment-798ccff866-hvfzw:45499/], count 0
[rospy.internal][INFO] 2023-02-08 00:01:07,607: topic[/scan] adding connection to [http://michaeljiang-clouddesktop-deployment-798ccff866-hvfzw:45499/], count 0
[rospy.internal][INFO] 2023-02-08 00:01:07,608: topic[/odom] adding connection to [http://michaeljiang-clouddesktop-deployment-798ccff866-hvfzw:45499/], count 0
[rospy.internal][INFO] 2023-02-08 00:01:07,716: topic[/rosout] adding connection to [/rosout], count 0
[rospy.internal][INFO] 2023-02-08 00:01:07,815: topic[/cmd_vel] adding connection to [/gazebo], count 0
[rospy.core][INFO] 2023-02-08 00:02:55,647: signal_shutdown [signal-2]
[rospy.internal][INFO] 2023-02-08 00:02:55,654: topic[/rosout] removing connection to /rosout
[rospy.internal][INFO] 2023-02-08 00:02:55,654: topic[/cmd_vel] removing connection to /gazebo
[rospy.internal][INFO] 2023-02-08 00:02:55,655: topic[/clock] removing connection to http://michaeljiang-clouddesktop-deployment-798ccff866-hvfzw:45499/
[rospy.internal][INFO] 2023-02-08 00:02:55,655: topic[/scan] removing connection to http://michaeljiang-clouddesktop-deployment-798ccff866-hvfzw:45499/
[rospy.internal][INFO] 2023-02-08 00:02:55,655: topic[/keys] removing connection to http://michaeljiang-clouddesktop-deployment-798ccff866-hvfzw:35443/
[rospy.internal][INFO] 2023-02-08 00:02:55,655: topic[/odom] removing connection to http://michaeljiang-clouddesktop-deployment-798ccff866-hvfzw:45499/
[rospy.impl.masterslave][INFO] 2023-02-08 00:02:55,659: signal-2
[rospy.core][INFO] 2023-02-08 00:02:56,257: signal_shutdown [atexit]
[rospy.client][INFO] 2023-02-08 00:02:59,238: init_node, name[/dance], pid[29545]
[xmlrpc][INFO] 2023-02-08 00:02:59,239: XML-RPC server binding to 0.0.0.0:0
[xmlrpc][INFO] 2023-02-08 00:02:59,239: Started XML-RPC server [http://michaeljiang-clouddesktop-deployment-798ccff866-hvfzw:41509/]
[rospy.impl.masterslave][INFO] 2023-02-08 00:02:59,239: _ready: http://michaeljiang-clouddesktop-deployment-798ccff866-hvfzw:41509/
[rospy.registration][INFO] 2023-02-08 00:02:59,242: Registering with master node http://localhost:11311
[xmlrpc][INFO] 2023-02-08 00:02:59,243: xml rpc node: starting XML-RPC server
[rospy.init][INFO] 2023-02-08 00:02:59,243: ROS Slave URI: [http://michaeljiang-clouddesktop-deployment-798ccff866-hvfzw:41509/]
[rospy.init][INFO] 2023-02-08 00:02:59,243: registered with master
[rospy.rosout][INFO] 2023-02-08 00:02:59,243: initializing /rosout core topic
[rospy.rosout][INFO] 2023-02-08 00:02:59,263: connected to core topic /rosout
[rospy.simtime][INFO] 2023-02-08 00:02:59,274: initializing /clock core topic
[rospy.simtime][INFO] 2023-02-08 00:02:59,290: connected to core topic /clock
[rospy.internal][INFO] 2023-02-08 00:02:59,325: topic[/keys] adding connection to [http://michaeljiang-clouddesktop-deployment-798ccff866-hvfzw:35443/], count 0
[rospy.internal][INFO] 2023-02-08 00:02:59,354: topic[/clock] adding connection to [http://michaeljiang-clouddesktop-deployment-798ccff866-hvfzw:45499/], count 0
[rospy.internal][INFO] 2023-02-08 00:02:59,386: topic[/scan] adding connection to [http://michaeljiang-clouddesktop-deployment-798ccff866-hvfzw:45499/], count 0
[rospy.internal][INFO] 2023-02-08 00:02:59,388: topic[/odom] adding connection to [http://michaeljiang-clouddesktop-deployment-798ccff866-hvfzw:45499/], count 0
[rospy.internal][INFO] 2023-02-08 00:02:59,497: topic[/rosout] adding connection to [/rosout], count 0
[rospy.internal][INFO] 2023-02-08 00:02:59,607: topic[/cmd_vel] adding connection to [/gazebo], count 0
[rospy.core][INFO] 2023-02-08 00:03:54,734: signal_shutdown [signal-2]
[rospy.internal][INFO] 2023-02-08 00:03:54,739: topic[/rosout] removing connection to /rosout
[rospy.internal][INFO] 2023-02-08 00:03:54,739: topic[/cmd_vel] removing connection to /gazebo
[rospy.internal][INFO] 2023-02-08 00:03:54,739: topic[/clock] removing connection to http://michaeljiang-clouddesktop-deployment-798ccff866-hvfzw:45499/
[rospy.internal][INFO] 2023-02-08 00:03:54,739: topic[/scan] removing connection to http://michaeljiang-clouddesktop-deployment-798ccff866-hvfzw:45499/
[rospy.internal][INFO] 2023-02-08 00:03:54,739: topic[/keys] removing connection to http://michaeljiang-clouddesktop-deployment-798ccff866-hvfzw:35443/
[rospy.internal][INFO] 2023-02-08 00:03:54,739: topic[/odom] removing connection to http://michaeljiang-clouddesktop-deployment-798ccff866-hvfzw:45499/
[rospy.impl.masterslave][INFO] 2023-02-08 00:03:54,740: signal-2
[rospy.core][INFO] 2023-02-08 00:03:55,336: signal_shutdown [atexit]
[rospy.client][INFO] 2023-02-08 00:04:51,396: init_node, name[/dance], pid[1806]
[xmlrpc][INFO] 2023-02-08 00:04:51,396: XML-RPC server binding to 0.0.0.0:0
[xmlrpc][INFO] 2023-02-08 00:04:51,396: Started XML-RPC server [http://michaeljiang-clouddesktop-deployment-798ccff866-hvfzw:38127/]
[rospy.impl.masterslave][INFO] 2023-02-08 00:04:51,397: _ready: http://michaeljiang-clouddesktop-deployment-798ccff866-hvfzw:38127/
[rospy.init][INFO] 2023-02-08 00:04:51,397: ROS Slave URI: [http://michaeljiang-clouddesktop-deployment-798ccff866-hvfzw:38127/]
[rospy.registration][INFO] 2023-02-08 00:04:51,397: Registering with master node http://localhost:11311
[xmlrpc][INFO] 2023-02-08 00:04:51,397: xml rpc node: starting XML-RPC server
[rospy.init][INFO] 2023-02-08 00:04:51,498: registered with master
[rospy.rosout][INFO] 2023-02-08 00:04:51,498: initializing /rosout core topic
[rospy.rosout][INFO] 2023-02-08 00:04:51,508: connected to core topic /rosout
[rospy.simtime][INFO] 2023-02-08 00:04:51,509: initializing /clock core topic
[rospy.simtime][INFO] 2023-02-08 00:04:51,511: connected to core topic /clock
[rospy.internal][INFO] 2023-02-08 00:04:51,540: topic[/clock] adding connection to [http://michaeljiang-clouddesktop-deployment-798ccff866-hvfzw:45499/], count 0
[rospy.internal][INFO] 2023-02-08 00:04:51,572: topic[/odom] adding connection to [http://michaeljiang-clouddesktop-deployment-798ccff866-hvfzw:45499/], count 0
[rospy.internal][INFO] 2023-02-08 00:04:51,668: topic[/scan] adding connection to [http://michaeljiang-clouddesktop-deployment-798ccff866-hvfzw:45499/], count 0
[rospy.internal][INFO] 2023-02-08 00:04:51,743: topic[/rosout] adding connection to [/rosout], count 0
[rospy.internal][INFO] 2023-02-08 00:04:51,774: topic[/cmd_vel] adding connection to [/gazebo], count 0
[rospy.core][INFO] 2023-02-08 00:05:20,915: signal_shutdown [signal-2]
[rospy.internal][INFO] 2023-02-08 00:05:20,920: topic[/rosout] removing connection to /rosout
[rospy.internal][INFO] 2023-02-08 00:05:20,920: topic[/cmd_vel] removing connection to /gazebo
[rospy.internal][INFO] 2023-02-08 00:05:20,920: topic[/clock] removing connection to http://michaeljiang-clouddesktop-deployment-798ccff866-hvfzw:45499/
[rospy.internal][INFO] 2023-02-08 00:05:20,920: topic[/scan] removing connection to http://michaeljiang-clouddesktop-deployment-798ccff866-hvfzw:45499/
[rospy.internal][INFO] 2023-02-08 00:05:20,921: topic[/odom] removing connection to http://michaeljiang-clouddesktop-deployment-798ccff866-hvfzw:45499/
[rospy.impl.masterslave][INFO] 2023-02-08 00:05:20,921: signal-2
[rospy.internal][ERROR] 2023-02-08 00:05:20,924: Traceback (most recent call last):
  File "/opt/ros/noetic/lib/python3/dist-packages/rospy/impl/tcpros_base.py", line 739, in receive_once
    sock.setblocking(1)
OSError: [Errno 9] Bad file descriptor

[rospy.core][INFO] 2023-02-08 00:05:21,528: signal_shutdown [atexit]
[rospy.client][INFO] 2023-02-08 00:05:23,362: init_node, name[/dance], pid[3414]
[xmlrpc][INFO] 2023-02-08 00:05:23,362: XML-RPC server binding to 0.0.0.0:0
[xmlrpc][INFO] 2023-02-08 00:05:23,362: Started XML-RPC server [http://michaeljiang-clouddesktop-deployment-798ccff866-hvfzw:35961/]
[rospy.init][INFO] 2023-02-08 00:05:23,362: ROS Slave URI: [http://michaeljiang-clouddesktop-deployment-798ccff866-hvfzw:35961/]
[rospy.impl.masterslave][INFO] 2023-02-08 00:05:23,362: _ready: http://michaeljiang-clouddesktop-deployment-798ccff866-hvfzw:35961/
[rospy.registration][INFO] 2023-02-08 00:05:23,381: Registering with master node http://localhost:11311
[xmlrpc][INFO] 2023-02-08 00:05:23,382: xml rpc node: starting XML-RPC server
[rospy.init][INFO] 2023-02-08 00:05:23,463: registered with master
[rospy.rosout][INFO] 2023-02-08 00:05:23,463: initializing /rosout core topic
[rospy.rosout][INFO] 2023-02-08 00:05:23,467: connected to core topic /rosout
[rospy.simtime][INFO] 2023-02-08 00:05:23,471: initializing /clock core topic
[rospy.simtime][INFO] 2023-02-08 00:05:23,480: connected to core topic /clock
[rospy.internal][INFO] 2023-02-08 00:05:23,568: topic[/clock] adding connection to [http://michaeljiang-clouddesktop-deployment-798ccff866-hvfzw:45499/], count 0
[rospy.internal][INFO] 2023-02-08 00:05:23,656: topic[/scan] adding connection to [http://michaeljiang-clouddesktop-deployment-798ccff866-hvfzw:45499/], count 0
[rospy.internal][INFO] 2023-02-08 00:05:23,660: topic[/odom] adding connection to [http://michaeljiang-clouddesktop-deployment-798ccff866-hvfzw:45499/], count 0
[rospy.internal][INFO] 2023-02-08 00:05:23,680: topic[/rosout] adding connection to [/rosout], count 0
[rospy.internal][INFO] 2023-02-08 00:05:23,772: topic[/cmd_vel] adding connection to [/gazebo], count 0
[rospy.core][INFO] 2023-02-08 00:05:26,763: signal_shutdown [signal-2]
[rospy.internal][INFO] 2023-02-08 00:05:26,766: topic[/rosout] removing connection to /rosout
[rospy.internal][INFO] 2023-02-08 00:05:26,766: topic[/cmd_vel] removing connection to /gazebo
[rospy.internal][INFO] 2023-02-08 00:05:26,767: topic[/clock] removing connection to http://michaeljiang-clouddesktop-deployment-798ccff866-hvfzw:45499/
[rospy.internal][INFO] 2023-02-08 00:05:26,767: topic[/scan] removing connection to http://michaeljiang-clouddesktop-deployment-798ccff866-hvfzw:45499/
[rospy.internal][INFO] 2023-02-08 00:05:26,767: topic[/odom] removing connection to http://michaeljiang-clouddesktop-deployment-798ccff866-hvfzw:45499/
[rospy.impl.masterslave][INFO] 2023-02-08 00:05:26,767: signal-2
[rospy.internal][ERROR] 2023-02-08 00:05:26,768: Traceback (most recent call last):
  File "/opt/ros/noetic/lib/python3/dist-packages/rospy/impl/tcpros_base.py", line 739, in receive_once
    sock.setblocking(1)
OSError: [Errno 9] Bad file descriptor

[rospy.core][INFO] 2023-02-08 00:05:27,365: signal_shutdown [atexit]
[rospy.client][INFO] 2023-02-08 00:09:31,454: init_node, name[/dance], pid[13864]
[xmlrpc][INFO] 2023-02-08 00:09:31,456: XML-RPC server binding to 0.0.0.0:0
[xmlrpc][INFO] 2023-02-08 00:09:31,456: Started XML-RPC server [http://michaeljiang-clouddesktop-deployment-798ccff866-hvfzw:35841/]
[rospy.impl.masterslave][INFO] 2023-02-08 00:09:31,456: _ready: http://michaeljiang-clouddesktop-deployment-798ccff866-hvfzw:35841/
[rospy.registration][INFO] 2023-02-08 00:09:31,457: Registering with master node http://localhost:11311
[xmlrpc][INFO] 2023-02-08 00:09:31,457: xml rpc node: starting XML-RPC server
[rospy.init][INFO] 2023-02-08 00:09:31,459: ROS Slave URI: [http://michaeljiang-clouddesktop-deployment-798ccff866-hvfzw:35841/]
[rospy.init][INFO] 2023-02-08 00:09:31,459: registered with master
[rospy.rosout][INFO] 2023-02-08 00:09:31,459: initializing /rosout core topic
[rospy.rosout][INFO] 2023-02-08 00:09:31,467: connected to core topic /rosout
[rospy.simtime][INFO] 2023-02-08 00:09:31,469: initializing /clock core topic
[rospy.simtime][INFO] 2023-02-08 00:09:31,472: connected to core topic /clock
[rospy.internal][INFO] 2023-02-08 00:09:31,520: topic[/keys] adding connection to [http://michaeljiang-clouddesktop-deployment-798ccff866-hvfzw:39837/], count 0
[rospy.internal][INFO] 2023-02-08 00:09:31,542: topic[/clock] adding connection to [http://michaeljiang-clouddesktop-deployment-798ccff866-hvfzw:45499/], count 0
[rospy.internal][INFO] 2023-02-08 00:09:31,570: topic[/scan] adding connection to [http://michaeljiang-clouddesktop-deployment-798ccff866-hvfzw:45499/], count 0
[rospy.internal][INFO] 2023-02-08 00:09:31,572: topic[/odom] adding connection to [http://michaeljiang-clouddesktop-deployment-798ccff866-hvfzw:45499/], count 0
[rospy.internal][INFO] 2023-02-08 00:09:31,676: topic[/cmd_vel] adding connection to [/gazebo], count 0
[rospy.internal][INFO] 2023-02-08 00:09:31,727: topic[/rosout] adding connection to [/rosout], count 0
[rospy.core][INFO] 2023-02-08 00:09:45,896: signal_shutdown [atexit]
[rospy.internal][INFO] 2023-02-08 00:09:45,903: topic[/rosout] removing connection to /rosout
[rospy.internal][INFO] 2023-02-08 00:09:45,904: topic[/cmd_vel] removing connection to /gazebo
[rospy.internal][INFO] 2023-02-08 00:09:45,904: topic[/clock] removing connection to http://michaeljiang-clouddesktop-deployment-798ccff866-hvfzw:45499/
[rospy.internal][INFO] 2023-02-08 00:09:45,904: topic[/scan] removing connection to http://michaeljiang-clouddesktop-deployment-798ccff866-hvfzw:45499/
[rospy.internal][INFO] 2023-02-08 00:09:45,904: topic[/keys] removing connection to http://michaeljiang-clouddesktop-deployment-798ccff866-hvfzw:39837/
[rospy.internal][INFO] 2023-02-08 00:09:45,905: topic[/odom] removing connection to http://michaeljiang-clouddesktop-deployment-798ccff866-hvfzw:45499/
[rospy.impl.masterslave][INFO] 2023-02-08 00:09:45,905: atexit
[rospy.client][INFO] 2023-02-08 00:11:27,262: init_node, name[/dance], pid[18793]
[xmlrpc][INFO] 2023-02-08 00:11:27,263: XML-RPC server binding to 0.0.0.0:0
[xmlrpc][INFO] 2023-02-08 00:11:27,263: Started XML-RPC server [http://michaeljiang-clouddesktop-deployment-798ccff866-hvfzw:33005/]
[rospy.impl.masterslave][INFO] 2023-02-08 00:11:27,263: _ready: http://michaeljiang-clouddesktop-deployment-798ccff866-hvfzw:33005/
[rospy.init][INFO] 2023-02-08 00:11:27,263: ROS Slave URI: [http://michaeljiang-clouddesktop-deployment-798ccff866-hvfzw:33005/]
[rospy.registration][INFO] 2023-02-08 00:11:27,266: Registering with master node http://localhost:11311
[xmlrpc][INFO] 2023-02-08 00:11:27,268: xml rpc node: starting XML-RPC server
[rospy.init][INFO] 2023-02-08 00:11:27,367: registered with master
[rospy.rosout][INFO] 2023-02-08 00:11:27,367: initializing /rosout core topic
[rospy.rosout][INFO] 2023-02-08 00:11:27,371: connected to core topic /rosout
[rospy.simtime][INFO] 2023-02-08 00:11:27,373: initializing /clock core topic
[rospy.simtime][INFO] 2023-02-08 00:11:27,381: connected to core topic /clock
[rospy.internal][INFO] 2023-02-08 00:11:27,440: topic[/keys] adding connection to [http://michaeljiang-clouddesktop-deployment-798ccff866-hvfzw:35429/], count 0
[rospy.internal][INFO] 2023-02-08 00:11:27,453: topic[/clock] adding connection to [http://michaeljiang-clouddesktop-deployment-798ccff866-hvfzw:45499/], count 0
[rospy.internal][INFO] 2023-02-08 00:11:27,479: topic[/odom] adding connection to [http://michaeljiang-clouddesktop-deployment-798ccff866-hvfzw:45499/], count 0
[rospy.internal][INFO] 2023-02-08 00:11:27,480: topic[/scan] adding connection to [http://michaeljiang-clouddesktop-deployment-798ccff866-hvfzw:45499/], count 0
[rospy.internal][INFO] 2023-02-08 00:11:27,581: topic[/cmd_vel] adding connection to [/gazebo], count 0
[rospy.internal][INFO] 2023-02-08 00:11:27,592: topic[/rosout] adding connection to [/rosout], count 0
[rospy.core][INFO] 2023-02-08 00:13:12,288: signal_shutdown [signal-2]
[rospy.internal][INFO] 2023-02-08 00:13:12,293: topic[/rosout] removing connection to /rosout
[rospy.internal][INFO] 2023-02-08 00:13:12,293: topic[/cmd_vel] removing connection to /gazebo
[rospy.internal][INFO] 2023-02-08 00:13:12,294: topic[/clock] removing connection to http://michaeljiang-clouddesktop-deployment-798ccff866-hvfzw:45499/
[rospy.internal][INFO] 2023-02-08 00:13:12,294: topic[/scan] removing connection to http://michaeljiang-clouddesktop-deployment-798ccff866-hvfzw:45499/
[rospy.internal][INFO] 2023-02-08 00:13:12,295: topic[/keys] removing connection to http://michaeljiang-clouddesktop-deployment-798ccff866-hvfzw:35429/
[rospy.internal][INFO] 2023-02-08 00:13:12,295: topic[/odom] removing connection to http://michaeljiang-clouddesktop-deployment-798ccff866-hvfzw:45499/
[rospy.internal][INFO] 2023-02-08 00:13:12,295: topic[/odom] removing connection to http://michaeljiang-clouddesktop-deployment-798ccff866-hvfzw:45499/
[rospy.topics][ERROR] 2023-02-08 00:13:12,296: Traceback (most recent call last):
  File "/opt/ros/noetic/lib/python3/dist-packages/rospy/topics.py", line 326, in close
    c.close()
  File "/opt/ros/noetic/lib/python3/dist-packages/rospy/impl/tcpros_base.py", line 858, in close
    self.socket.close()
AttributeError: 'NoneType' object has no attribute 'close'

[rospy.impl.masterslave][INFO] 2023-02-08 00:13:12,296: signal-2
[rospy.core][INFO] 2023-02-08 00:13:12,895: signal_shutdown [atexit]
[rospy.client][INFO] 2023-02-08 00:13:24,141: init_node, name[/dance], pid[23610]
[xmlrpc][INFO] 2023-02-08 00:13:24,144: XML-RPC server binding to 0.0.0.0:0
[xmlrpc][INFO] 2023-02-08 00:13:24,144: Started XML-RPC server [http://michaeljiang-clouddesktop-deployment-798ccff866-hvfzw:41931/]
[rospy.impl.masterslave][INFO] 2023-02-08 00:13:24,144: _ready: http://michaeljiang-clouddesktop-deployment-798ccff866-hvfzw:41931/
[rospy.init][INFO] 2023-02-08 00:13:24,144: ROS Slave URI: [http://michaeljiang-clouddesktop-deployment-798ccff866-hvfzw:41931/]
[rospy.registration][INFO] 2023-02-08 00:13:24,145: Registering with master node http://localhost:11311
[xmlrpc][INFO] 2023-02-08 00:13:24,145: xml rpc node: starting XML-RPC server
[rospy.init][INFO] 2023-02-08 00:13:24,248: registered with master
[rospy.rosout][INFO] 2023-02-08 00:13:24,248: initializing /rosout core topic
[rospy.rosout][INFO] 2023-02-08 00:13:24,252: connected to core topic /rosout
[rospy.simtime][INFO] 2023-02-08 00:13:24,253: initializing /clock core topic
[rospy.simtime][INFO] 2023-02-08 00:13:24,256: connected to core topic /clock
[rospy.internal][INFO] 2023-02-08 00:13:24,317: topic[/scan] adding connection to [http://michaeljiang-clouddesktop-deployment-798ccff866-hvfzw:45499/], count 0
[rospy.internal][INFO] 2023-02-08 00:13:24,326: topic[/clock] adding connection to [http://michaeljiang-clouddesktop-deployment-798ccff866-hvfzw:45499/], count 0
[rospy.internal][INFO] 2023-02-08 00:13:24,363: topic[/odom] adding connection to [http://michaeljiang-clouddesktop-deployment-798ccff866-hvfzw:45499/], count 0
[rospy.internal][INFO] 2023-02-08 00:13:24,542: topic[/rosout] adding connection to [/rosout], count 0
[rospy.internal][INFO] 2023-02-08 00:13:24,574: topic[/cmd_vel] adding connection to [/gazebo], count 0
[rospy.core][INFO] 2023-02-08 00:13:32,980: signal_shutdown [signal-2]
[rospy.internal][INFO] 2023-02-08 00:13:32,983: topic[/rosout] removing connection to /rosout
[rospy.internal][INFO] 2023-02-08 00:13:32,983: topic[/cmd_vel] removing connection to /gazebo
[rospy.internal][INFO] 2023-02-08 00:13:32,983: topic[/clock] removing connection to http://michaeljiang-clouddesktop-deployment-798ccff866-hvfzw:45499/
[rospy.internal][INFO] 2023-02-08 00:13:32,983: topic[/scan] removing connection to http://michaeljiang-clouddesktop-deployment-798ccff866-hvfzw:45499/
[rospy.internal][INFO] 2023-02-08 00:13:32,983: topic[/odom] removing connection to http://michaeljiang-clouddesktop-deployment-798ccff866-hvfzw:45499/
[rospy.impl.masterslave][INFO] 2023-02-08 00:13:32,988: signal-2
[rospy.core][INFO] 2023-02-08 00:13:33,088: signal_shutdown [atexit]
[rospy.client][INFO] 2023-02-08 00:13:36,533: init_node, name[/dance], pid[24150]
[xmlrpc][INFO] 2023-02-08 00:13:36,533: XML-RPC server binding to 0.0.0.0:0
[xmlrpc][INFO] 2023-02-08 00:13:36,533: Started XML-RPC server [http://michaeljiang-clouddesktop-deployment-798ccff866-hvfzw:35569/]
[rospy.impl.masterslave][INFO] 2023-02-08 00:13:36,533: _ready: http://michaeljiang-clouddesktop-deployment-798ccff866-hvfzw:35569/
[rospy.init][INFO] 2023-02-08 00:13:36,533: ROS Slave URI: [http://michaeljiang-clouddesktop-deployment-798ccff866-hvfzw:35569/]
[xmlrpc][INFO] 2023-02-08 00:13:36,534: xml rpc node: starting XML-RPC server
[rospy.registration][INFO] 2023-02-08 00:13:36,534: Registering with master node http://localhost:11311
[rospy.init][INFO] 2023-02-08 00:13:36,634: registered with master
[rospy.rosout][INFO] 2023-02-08 00:13:36,635: initializing /rosout core topic
[rospy.rosout][INFO] 2023-02-08 00:13:36,640: connected to core topic /rosout
[rospy.simtime][INFO] 2023-02-08 00:13:36,643: initializing /clock core topic
[rospy.simtime][INFO] 2023-02-08 00:13:36,648: connected to core topic /clock
[rospy.internal][INFO] 2023-02-08 00:13:36,687: topic[/clock] adding connection to [http://michaeljiang-clouddesktop-deployment-798ccff866-hvfzw:45499/], count 0
[rospy.internal][INFO] 2023-02-08 00:13:36,744: topic[/scan] adding connection to [http://michaeljiang-clouddesktop-deployment-798ccff866-hvfzw:45499/], count 0
[rospy.internal][INFO] 2023-02-08 00:13:36,746: topic[/odom] adding connection to [http://michaeljiang-clouddesktop-deployment-798ccff866-hvfzw:45499/], count 0
[rospy.internal][INFO] 2023-02-08 00:13:36,891: topic[/rosout] adding connection to [/rosout], count 0
[rospy.internal][INFO] 2023-02-08 00:13:36,949: topic[/cmd_vel] adding connection to [/gazebo], count 0
[rospy.internal][INFO] 2023-02-08 00:13:58,199: topic[/keys] adding connection to [http://michaeljiang-clouddesktop-deployment-798ccff866-hvfzw:44453/], count 0
[rospy.internal][INFO] 2023-02-08 00:19:27,969: topic[/keys] removing connection to http://michaeljiang-clouddesktop-deployment-798ccff866-hvfzw:44453/
[rospy.core][INFO] 2023-02-08 00:19:31,152: signal_shutdown [signal-2]
[rospy.internal][INFO] 2023-02-08 00:19:31,156: topic[/rosout] removing connection to /rosout
[rospy.internal][INFO] 2023-02-08 00:19:31,157: topic[/cmd_vel] removing connection to /gazebo
[rospy.internal][INFO] 2023-02-08 00:19:31,157: topic[/clock] removing connection to http://michaeljiang-clouddesktop-deployment-798ccff866-hvfzw:45499/
[rospy.internal][INFO] 2023-02-08 00:19:31,157: topic[/scan] removing connection to http://michaeljiang-clouddesktop-deployment-798ccff866-hvfzw:45499/
[rospy.internal][INFO] 2023-02-08 00:19:31,157: topic[/odom] removing connection to http://michaeljiang-clouddesktop-deployment-798ccff866-hvfzw:45499/
[rospy.impl.masterslave][INFO] 2023-02-08 00:19:31,157: signal-2
[rospy.core][INFO] 2023-02-08 00:19:31,764: signal_shutdown [atexit]
[rospy.client][INFO] 2023-02-08 00:20:01,841: init_node, name[/dance], pid[8171]
[xmlrpc][INFO] 2023-02-08 00:20:01,842: XML-RPC server binding to 0.0.0.0:0
[xmlrpc][INFO] 2023-02-08 00:20:01,842: Started XML-RPC server [http://michaeljiang-clouddesktop-deployment-798ccff866-hvfzw:46555/]
[rospy.impl.masterslave][INFO] 2023-02-08 00:20:01,842: _ready: http://michaeljiang-clouddesktop-deployment-798ccff866-hvfzw:46555/
[rospy.init][INFO] 2023-02-08 00:20:01,845: ROS Slave URI: [http://michaeljiang-clouddesktop-deployment-798ccff866-hvfzw:46555/]
[rospy.registration][INFO] 2023-02-08 00:20:01,847: Registering with master node http://localhost:11311
[xmlrpc][INFO] 2023-02-08 00:20:01,848: xml rpc node: starting XML-RPC server
[rospy.init][INFO] 2023-02-08 00:20:01,949: registered with master
[rospy.rosout][INFO] 2023-02-08 00:20:01,949: initializing /rosout core topic
[rospy.rosout][INFO] 2023-02-08 00:20:01,954: connected to core topic /rosout
[rospy.simtime][INFO] 2023-02-08 00:20:01,961: initializing /clock core topic
[rospy.simtime][INFO] 2023-02-08 00:20:01,976: connected to core topic /clock
[rospy.internal][INFO] 2023-02-08 00:20:02,001: topic[/keys] adding connection to [http://michaeljiang-clouddesktop-deployment-798ccff866-hvfzw:38509/], count 0
[rospy.internal][INFO] 2023-02-08 00:20:02,033: topic[/clock] adding connection to [http://michaeljiang-clouddesktop-deployment-798ccff866-hvfzw:45499/], count 0
[rospy.internal][INFO] 2023-02-08 00:20:02,060: topic[/scan] adding connection to [http://michaeljiang-clouddesktop-deployment-798ccff866-hvfzw:45499/], count 0
[rospy.internal][INFO] 2023-02-08 00:20:02,061: topic[/odom] adding connection to [http://michaeljiang-clouddesktop-deployment-798ccff866-hvfzw:45499/], count 0
[rospy.internal][INFO] 2023-02-08 00:20:02,196: topic[/rosout] adding connection to [/rosout], count 0
[rospy.internal][INFO] 2023-02-08 00:20:02,267: topic[/cmd_vel] adding connection to [/gazebo], count 0
[rospy.core][INFO] 2023-02-08 00:21:57,428: signal_shutdown [signal-2]
[rospy.internal][INFO] 2023-02-08 00:21:57,434: topic[/rosout] removing connection to /rosout
[rospy.internal][INFO] 2023-02-08 00:21:57,434: topic[/cmd_vel] removing connection to /gazebo
[rospy.internal][INFO] 2023-02-08 00:21:57,434: topic[/clock] removing connection to http://michaeljiang-clouddesktop-deployment-798ccff866-hvfzw:45499/
[rospy.internal][INFO] 2023-02-08 00:21:57,435: topic[/scan] removing connection to http://michaeljiang-clouddesktop-deployment-798ccff866-hvfzw:45499/
[rospy.internal][INFO] 2023-02-08 00:21:57,435: topic[/keys] removing connection to http://michaeljiang-clouddesktop-deployment-798ccff866-hvfzw:38509/
[rospy.internal][INFO] 2023-02-08 00:21:57,435: topic[/odom] removing connection to http://michaeljiang-clouddesktop-deployment-798ccff866-hvfzw:45499/
[rospy.impl.masterslave][INFO] 2023-02-08 00:21:57,435: signal-2
[rospy.core][INFO] 2023-02-08 00:21:58,030: signal_shutdown [atexit]
[rospy.client][INFO] 2023-02-08 00:22:01,928: init_node, name[/dance], pid[13189]
[xmlrpc][INFO] 2023-02-08 00:22:01,928: XML-RPC server binding to 0.0.0.0:0
[xmlrpc][INFO] 2023-02-08 00:22:01,928: Started XML-RPC server [http://michaeljiang-clouddesktop-deployment-798ccff866-hvfzw:38011/]
[rospy.init][INFO] 2023-02-08 00:22:01,929: ROS Slave URI: [http://michaeljiang-clouddesktop-deployment-798ccff866-hvfzw:38011/]
[rospy.impl.masterslave][INFO] 2023-02-08 00:22:01,929: _ready: http://michaeljiang-clouddesktop-deployment-798ccff866-hvfzw:38011/
[rospy.registration][INFO] 2023-02-08 00:22:01,929: Registering with master node http://localhost:11311
[xmlrpc][INFO] 2023-02-08 00:22:01,929: xml rpc node: starting XML-RPC server
[rospy.init][INFO] 2023-02-08 00:22:02,035: registered with master
[rospy.rosout][INFO] 2023-02-08 00:22:02,035: initializing /rosout core topic
[rospy.rosout][INFO] 2023-02-08 00:22:02,040: connected to core topic /rosout
[rospy.simtime][INFO] 2023-02-08 00:22:02,044: initializing /clock core topic
[rospy.simtime][INFO] 2023-02-08 00:22:02,048: connected to core topic /clock
[rospy.internal][INFO] 2023-02-08 00:22:02,078: topic[/keys] adding connection to [http://michaeljiang-clouddesktop-deployment-798ccff866-hvfzw:38509/], count 0
[rospy.internal][INFO] 2023-02-08 00:22:02,180: topic[/clock] adding connection to [http://michaeljiang-clouddesktop-deployment-798ccff866-hvfzw:45499/], count 0
[rospy.internal][INFO] 2023-02-08 00:22:02,205: topic[/scan] adding connection to [http://michaeljiang-clouddesktop-deployment-798ccff866-hvfzw:45499/], count 0
[rospy.internal][INFO] 2023-02-08 00:22:02,205: topic[/odom] adding connection to [http://michaeljiang-clouddesktop-deployment-798ccff866-hvfzw:45499/], count 0
[rospy.internal][INFO] 2023-02-08 00:22:02,253: topic[/rosout] adding connection to [/rosout], count 0
[rospy.internal][INFO] 2023-02-08 00:22:02,410: topic[/cmd_vel] adding connection to [/gazebo], count 0
[rospy.core][INFO] 2023-02-08 00:23:34,823: signal_shutdown [signal-2]
[rospy.internal][INFO] 2023-02-08 00:23:34,838: topic[/rosout] removing connection to /rosout
[rospy.internal][INFO] 2023-02-08 00:23:34,838: topic[/cmd_vel] removing connection to /gazebo
[rospy.internal][INFO] 2023-02-08 00:23:34,838: topic[/clock] removing connection to http://michaeljiang-clouddesktop-deployment-798ccff866-hvfzw:45499/
[rospy.internal][INFO] 2023-02-08 00:23:34,838: topic[/scan] removing connection to http://michaeljiang-clouddesktop-deployment-798ccff866-hvfzw:45499/
[rospy.internal][INFO] 2023-02-08 00:23:34,838: topic[/keys] removing connection to http://michaeljiang-clouddesktop-deployment-798ccff866-hvfzw:38509/
[rospy.internal][INFO] 2023-02-08 00:23:34,838: topic[/odom] removing connection to http://michaeljiang-clouddesktop-deployment-798ccff866-hvfzw:45499/
[rospy.impl.masterslave][INFO] 2023-02-08 00:23:34,838: signal-2
[rospy.core][INFO] 2023-02-08 00:23:35,432: signal_shutdown [atexit]
[rospy.client][INFO] 2023-02-08 00:23:37,232: init_node, name[/dance], pid[17161]
[xmlrpc][INFO] 2023-02-08 00:23:37,233: XML-RPC server binding to 0.0.0.0:0
[xmlrpc][INFO] 2023-02-08 00:23:37,233: Started XML-RPC server [http://michaeljiang-clouddesktop-deployment-798ccff866-hvfzw:40037/]
[rospy.impl.masterslave][INFO] 2023-02-08 00:23:37,233: _ready: http://michaeljiang-clouddesktop-deployment-798ccff866-hvfzw:40037/
[rospy.init][INFO] 2023-02-08 00:23:37,233: ROS Slave URI: [http://michaeljiang-clouddesktop-deployment-798ccff866-hvfzw:40037/]
[rospy.registration][INFO] 2023-02-08 00:23:37,234: Registering with master node http://localhost:11311
[xmlrpc][INFO] 2023-02-08 00:23:37,248: xml rpc node: starting XML-RPC server
[rospy.init][INFO] 2023-02-08 00:23:37,341: registered with master
[rospy.rosout][INFO] 2023-02-08 00:23:37,341: initializing /rosout core topic
[rospy.rosout][INFO] 2023-02-08 00:23:37,344: connected to core topic /rosout
[rospy.simtime][INFO] 2023-02-08 00:23:37,345: initializing /clock core topic
[rospy.simtime][INFO] 2023-02-08 00:23:37,348: connected to core topic /clock
[rospy.internal][INFO] 2023-02-08 00:23:37,397: topic[/clock] adding connection to [http://michaeljiang-clouddesktop-deployment-798ccff866-hvfzw:45499/], count 0
[rospy.internal][INFO] 2023-02-08 00:23:37,447: topic[/keys] adding connection to [http://michaeljiang-clouddesktop-deployment-798ccff866-hvfzw:38509/], count 0
[rospy.internal][INFO] 2023-02-08 00:23:37,480: topic[/odom] adding connection to [http://michaeljiang-clouddesktop-deployment-798ccff866-hvfzw:45499/], count 0
[rospy.internal][INFO] 2023-02-08 00:23:37,480: topic[/scan] adding connection to [http://michaeljiang-clouddesktop-deployment-798ccff866-hvfzw:45499/], count 0
[rospy.internal][INFO] 2023-02-08 00:23:37,577: topic[/rosout] adding connection to [/rosout], count 0
[rospy.internal][INFO] 2023-02-08 00:23:37,686: topic[/cmd_vel] adding connection to [/gazebo], count 0
[rospy.core][INFO] 2023-02-08 00:24:52,223: signal_shutdown [signal-2]
[rospy.internal][INFO] 2023-02-08 00:24:52,250: topic[/rosout] removing connection to /rosout
[rospy.internal][INFO] 2023-02-08 00:24:52,251: topic[/cmd_vel] removing connection to /gazebo
[rospy.internal][INFO] 2023-02-08 00:24:52,251: topic[/clock] removing connection to http://michaeljiang-clouddesktop-deployment-798ccff866-hvfzw:45499/
[rospy.internal][INFO] 2023-02-08 00:24:52,251: topic[/scan] removing connection to http://michaeljiang-clouddesktop-deployment-798ccff866-hvfzw:45499/
[rospy.internal][INFO] 2023-02-08 00:24:52,252: topic[/keys] removing connection to http://michaeljiang-clouddesktop-deployment-798ccff866-hvfzw:38509/
[rospy.internal][INFO] 2023-02-08 00:24:52,252: topic[/keys] removing connection to http://michaeljiang-clouddesktop-deployment-798ccff866-hvfzw:38509/
[rospy.internal][INFO] 2023-02-08 00:24:52,252: topic[/odom] removing connection to http://michaeljiang-clouddesktop-deployment-798ccff866-hvfzw:45499/
[rospy.impl.masterslave][INFO] 2023-02-08 00:24:52,252: signal-2
[rospy.core][INFO] 2023-02-08 00:24:52,825: signal_shutdown [atexit]
[rospy.client][INFO] 2023-02-08 00:24:54,932: init_node, name[/dance], pid[20400]
[xmlrpc][INFO] 2023-02-08 00:24:54,939: XML-RPC server binding to 0.0.0.0:0
[xmlrpc][INFO] 2023-02-08 00:24:54,939: Started XML-RPC server [http://michaeljiang-clouddesktop-deployment-798ccff866-hvfzw:42255/]
[rospy.impl.masterslave][INFO] 2023-02-08 00:24:54,940: _ready: http://michaeljiang-clouddesktop-deployment-798ccff866-hvfzw:42255/
[rospy.registration][INFO] 2023-02-08 00:24:54,946: Registering with master node http://localhost:11311
[xmlrpc][INFO] 2023-02-08 00:24:54,946: xml rpc node: starting XML-RPC server
[rospy.init][INFO] 2023-02-08 00:24:54,951: ROS Slave URI: [http://michaeljiang-clouddesktop-deployment-798ccff866-hvfzw:42255/]
[rospy.init][INFO] 2023-02-08 00:24:54,951: registered with master
[rospy.rosout][INFO] 2023-02-08 00:24:54,952: initializing /rosout core topic
[rospy.rosout][INFO] 2023-02-08 00:24:54,956: connected to core topic /rosout
[rospy.simtime][INFO] 2023-02-08 00:24:54,961: initializing /clock core topic
[rospy.simtime][INFO] 2023-02-08 00:24:54,964: connected to core topic /clock
[rospy.internal][INFO] 2023-02-08 00:24:54,996: topic[/clock] adding connection to [http://michaeljiang-clouddesktop-deployment-798ccff866-hvfzw:45499/], count 0
[rospy.internal][INFO] 2023-02-08 00:24:55,054: topic[/keys] adding connection to [http://michaeljiang-clouddesktop-deployment-798ccff866-hvfzw:38509/], count 0
[rospy.internal][INFO] 2023-02-08 00:24:55,121: topic[/scan] adding connection to [http://michaeljiang-clouddesktop-deployment-798ccff866-hvfzw:45499/], count 0
[rospy.internal][INFO] 2023-02-08 00:24:55,121: topic[/odom] adding connection to [http://michaeljiang-clouddesktop-deployment-798ccff866-hvfzw:45499/], count 0
[rospy.internal][INFO] 2023-02-08 00:24:55,175: topic[/rosout] adding connection to [/rosout], count 0
[rospy.internal][INFO] 2023-02-08 00:24:55,226: topic[/cmd_vel] adding connection to [/gazebo], count 0
[rospy.core][INFO] 2023-02-08 00:25:28,573: signal_shutdown [signal-2]
[rospy.internal][INFO] 2023-02-08 00:25:28,579: topic[/rosout] removing connection to /rosout
[rospy.internal][INFO] 2023-02-08 00:25:28,579: topic[/cmd_vel] removing connection to /gazebo
[rospy.internal][INFO] 2023-02-08 00:25:28,579: topic[/clock] removing connection to http://michaeljiang-clouddesktop-deployment-798ccff866-hvfzw:45499/
[rospy.internal][INFO] 2023-02-08 00:25:28,579: topic[/scan] removing connection to http://michaeljiang-clouddesktop-deployment-798ccff866-hvfzw:45499/
[rospy.internal][INFO] 2023-02-08 00:25:28,582: topic[/keys] removing connection to http://michaeljiang-clouddesktop-deployment-798ccff866-hvfzw:38509/
[rospy.internal][INFO] 2023-02-08 00:25:28,582: topic[/odom] removing connection to http://michaeljiang-clouddesktop-deployment-798ccff866-hvfzw:45499/
[rospy.impl.masterslave][INFO] 2023-02-08 00:25:28,582: signal-2
[rospy.core][INFO] 2023-02-08 00:25:29,183: signal_shutdown [atexit]
[rospy.client][INFO] 2023-02-08 00:25:32,240: init_node, name[/dance], pid[21983]
[xmlrpc][INFO] 2023-02-08 00:25:32,240: XML-RPC server binding to 0.0.0.0:0
[xmlrpc][INFO] 2023-02-08 00:25:32,241: Started XML-RPC server [http://michaeljiang-clouddesktop-deployment-798ccff866-hvfzw:34325/]
[rospy.init][INFO] 2023-02-08 00:25:32,241: ROS Slave URI: [http://michaeljiang-clouddesktop-deployment-798ccff866-hvfzw:34325/]
[rospy.impl.masterslave][INFO] 2023-02-08 00:25:32,241: _ready: http://michaeljiang-clouddesktop-deployment-798ccff866-hvfzw:34325/
[rospy.registration][INFO] 2023-02-08 00:25:32,244: Registering with master node http://localhost:11311
[xmlrpc][INFO] 2023-02-08 00:25:32,244: xml rpc node: starting XML-RPC server
[rospy.init][INFO] 2023-02-08 00:25:32,344: registered with master
[rospy.rosout][INFO] 2023-02-08 00:25:32,344: initializing /rosout core topic
[rospy.rosout][INFO] 2023-02-08 00:25:32,352: connected to core topic /rosout
[rospy.simtime][INFO] 2023-02-08 00:25:32,355: initializing /clock core topic
[rospy.simtime][INFO] 2023-02-08 00:25:32,359: connected to core topic /clock
[rospy.internal][INFO] 2023-02-08 00:25:32,410: topic[/clock] adding connection to [http://michaeljiang-clouddesktop-deployment-798ccff866-hvfzw:45499/], count 0
[rospy.internal][INFO] 2023-02-08 00:25:32,453: topic[/keys] adding connection to [http://michaeljiang-clouddesktop-deployment-798ccff866-hvfzw:38509/], count 0
[rospy.internal][INFO] 2023-02-08 00:25:32,503: topic[/scan] adding connection to [http://michaeljiang-clouddesktop-deployment-798ccff866-hvfzw:45499/], count 0
[rospy.internal][INFO] 2023-02-08 00:25:32,503: topic[/odom] adding connection to [http://michaeljiang-clouddesktop-deployment-798ccff866-hvfzw:45499/], count 0
[rospy.internal][INFO] 2023-02-08 00:25:32,578: topic[/rosout] adding connection to [/rosout], count 0
[rospy.internal][INFO] 2023-02-08 00:25:32,708: topic[/cmd_vel] adding connection to [/gazebo], count 0
[rospy.core][INFO] 2023-02-08 00:33:02,805: signal_shutdown [signal-2]
[rospy.internal][INFO] 2023-02-08 00:33:02,810: topic[/rosout] removing connection to /rosout
[rospy.internal][INFO] 2023-02-08 00:33:02,811: topic[/cmd_vel] removing connection to /gazebo
[rospy.internal][INFO] 2023-02-08 00:33:02,811: topic[/clock] removing connection to http://michaeljiang-clouddesktop-deployment-798ccff866-hvfzw:45499/
[rospy.internal][INFO] 2023-02-08 00:33:02,811: topic[/scan] removing connection to http://michaeljiang-clouddesktop-deployment-798ccff866-hvfzw:45499/
[rospy.internal][INFO] 2023-02-08 00:33:02,812: topic[/keys] removing connection to http://michaeljiang-clouddesktop-deployment-798ccff866-hvfzw:38509/
[rospy.internal][INFO] 2023-02-08 00:33:02,812: topic[/odom] removing connection to http://michaeljiang-clouddesktop-deployment-798ccff866-hvfzw:45499/
[rospy.impl.masterslave][INFO] 2023-02-08 00:33:02,813: signal-2
[rospy.core][INFO] 2023-02-08 00:33:03,412: signal_shutdown [atexit]
[rospy.client][INFO] 2023-02-08 00:33:08,914: init_node, name[/dance], pid[8654]
[xmlrpc][INFO] 2023-02-08 00:33:08,915: XML-RPC server binding to 0.0.0.0:0
[xmlrpc][INFO] 2023-02-08 00:33:08,915: Started XML-RPC server [http://michaeljiang-clouddesktop-deployment-798ccff866-hvfzw:36105/]
[rospy.init][INFO] 2023-02-08 00:33:08,915: ROS Slave URI: [http://michaeljiang-clouddesktop-deployment-798ccff866-hvfzw:36105/]
[rospy.impl.masterslave][INFO] 2023-02-08 00:33:08,915: _ready: http://michaeljiang-clouddesktop-deployment-798ccff866-hvfzw:36105/
[rospy.registration][INFO] 2023-02-08 00:33:08,916: Registering with master node http://localhost:11311
[xmlrpc][INFO] 2023-02-08 00:33:08,916: xml rpc node: starting XML-RPC server
[rospy.init][INFO] 2023-02-08 00:33:09,016: registered with master
[rospy.rosout][INFO] 2023-02-08 00:33:09,016: initializing /rosout core topic
[rospy.rosout][INFO] 2023-02-08 00:33:09,020: connected to core topic /rosout
[rospy.simtime][INFO] 2023-02-08 00:33:09,024: initializing /clock core topic
[rospy.simtime][INFO] 2023-02-08 00:33:09,036: connected to core topic /clock
[rospy.internal][INFO] 2023-02-08 00:33:09,069: topic[/clock] adding connection to [http://michaeljiang-clouddesktop-deployment-798ccff866-hvfzw:45499/], count 0
[rospy.internal][INFO] 2023-02-08 00:33:09,140: topic[/keys] adding connection to [http://michaeljiang-clouddesktop-deployment-798ccff866-hvfzw:38509/], count 0
[rospy.internal][INFO] 2023-02-08 00:33:09,174: topic[/scan] adding connection to [http://michaeljiang-clouddesktop-deployment-798ccff866-hvfzw:45499/], count 0
[rospy.internal][INFO] 2023-02-08 00:33:09,174: topic[/odom] adding connection to [http://michaeljiang-clouddesktop-deployment-798ccff866-hvfzw:45499/], count 0
[rospy.internal][INFO] 2023-02-08 00:33:09,296: topic[/rosout] adding connection to [/rosout], count 0
[rospy.internal][INFO] 2023-02-08 00:33:09,404: topic[/cmd_vel] adding connection to [/gazebo], count 0
[rospy.core][INFO] 2023-02-08 00:33:11,120: signal_shutdown [atexit]
[rospy.internal][INFO] 2023-02-08 00:33:11,123: topic[/rosout] removing connection to /rosout
[rospy.internal][INFO] 2023-02-08 00:33:11,123: topic[/cmd_vel] removing connection to /gazebo
[rospy.internal][INFO] 2023-02-08 00:33:11,124: topic[/clock] removing connection to http://michaeljiang-clouddesktop-deployment-798ccff866-hvfzw:45499/
[rospy.internal][INFO] 2023-02-08 00:33:11,124: topic[/scan] removing connection to http://michaeljiang-clouddesktop-deployment-798ccff866-hvfzw:45499/
[rospy.internal][INFO] 2023-02-08 00:33:11,124: topic[/keys] removing connection to http://michaeljiang-clouddesktop-deployment-798ccff866-hvfzw:38509/
[rospy.internal][INFO] 2023-02-08 00:33:11,124: topic[/odom] removing connection to http://michaeljiang-clouddesktop-deployment-798ccff866-hvfzw:45499/
[rospy.impl.masterslave][INFO] 2023-02-08 00:33:11,124: atexit
[rospy.client][INFO] 2023-02-08 00:33:46,867: init_node, name[/dance], pid[10274]
[xmlrpc][INFO] 2023-02-08 00:33:46,868: XML-RPC server binding to 0.0.0.0:0
[xmlrpc][INFO] 2023-02-08 00:33:46,869: Started XML-RPC server [http://michaeljiang-clouddesktop-deployment-798ccff866-hvfzw:46035/]
[rospy.impl.masterslave][INFO] 2023-02-08 00:33:46,869: _ready: http://michaeljiang-clouddesktop-deployment-798ccff866-hvfzw:46035/
[rospy.init][INFO] 2023-02-08 00:33:46,869: ROS Slave URI: [http://michaeljiang-clouddesktop-deployment-798ccff866-hvfzw:46035/]
[rospy.registration][INFO] 2023-02-08 00:33:46,875: Registering with master node http://localhost:11311
[xmlrpc][INFO] 2023-02-08 00:33:46,875: xml rpc node: starting XML-RPC server
[rospy.init][INFO] 2023-02-08 00:33:46,971: registered with master
[rospy.rosout][INFO] 2023-02-08 00:33:46,971: initializing /rosout core topic
[rospy.rosout][INFO] 2023-02-08 00:33:46,978: connected to core topic /rosout
[rospy.simtime][INFO] 2023-02-08 00:33:46,979: initializing /clock core topic
[rospy.simtime][INFO] 2023-02-08 00:33:46,985: connected to core topic /clock
[rospy.internal][INFO] 2023-02-08 00:33:47,002: topic[/keys] adding connection to [http://michaeljiang-clouddesktop-deployment-798ccff866-hvfzw:38509/], count 0
[rospy.internal][INFO] 2023-02-08 00:33:47,074: topic[/clock] adding connection to [http://michaeljiang-clouddesktop-deployment-798ccff866-hvfzw:45499/], count 0
[rospy.internal][INFO] 2023-02-08 00:33:47,108: topic[/odom] adding connection to [http://michaeljiang-clouddesktop-deployment-798ccff866-hvfzw:45499/], count 0
[rospy.internal][INFO] 2023-02-08 00:33:47,114: topic[/scan] adding connection to [http://michaeljiang-clouddesktop-deployment-798ccff866-hvfzw:45499/], count 0
[rospy.internal][INFO] 2023-02-08 00:33:47,205: topic[/rosout] adding connection to [/rosout], count 0
[rospy.internal][INFO] 2023-02-08 00:33:47,223: topic[/cmd_vel] adding connection to [/gazebo], count 0
[rospy.core][INFO] 2023-02-08 00:34:48,507: signal_shutdown [signal-2]
[rospy.internal][INFO] 2023-02-08 00:34:48,510: topic[/rosout] removing connection to /rosout
[rospy.internal][INFO] 2023-02-08 00:34:48,510: topic[/cmd_vel] removing connection to /gazebo
[rospy.internal][INFO] 2023-02-08 00:34:48,515: topic[/clock] removing connection to http://michaeljiang-clouddesktop-deployment-798ccff866-hvfzw:45499/
[rospy.internal][INFO] 2023-02-08 00:34:48,515: topic[/scan] removing connection to http://michaeljiang-clouddesktop-deployment-798ccff866-hvfzw:45499/
[rospy.internal][INFO] 2023-02-08 00:34:48,519: topic[/keys] removing connection to http://michaeljiang-clouddesktop-deployment-798ccff866-hvfzw:38509/
[rospy.internal][INFO] 2023-02-08 00:34:48,519: topic[/odom] removing connection to http://michaeljiang-clouddesktop-deployment-798ccff866-hvfzw:45499/
[rospy.impl.masterslave][INFO] 2023-02-08 00:34:48,519: signal-2
[rospy.core][INFO] 2023-02-08 00:35:48,363: signal_shutdown [signal-2]
[rospy.core][INFO] 2023-02-08 00:35:48,699: signal_shutdown [signal-2]
[rospy.core][INFO] 2023-02-08 00:35:48,891: signal_shutdown [signal-2]
[rospy.client][INFO] 2023-02-08 00:36:03,431: init_node, name[/dance], pid[15943]
[xmlrpc][INFO] 2023-02-08 00:36:03,435: XML-RPC server binding to 0.0.0.0:0
[xmlrpc][INFO] 2023-02-08 00:36:03,435: Started XML-RPC server [http://michaeljiang-clouddesktop-deployment-798ccff866-hvfzw:32887/]
[rospy.impl.masterslave][INFO] 2023-02-08 00:36:03,436: _ready: http://michaeljiang-clouddesktop-deployment-798ccff866-hvfzw:32887/
[rospy.registration][INFO] 2023-02-08 00:36:03,436: Registering with master node http://localhost:11311
[xmlrpc][INFO] 2023-02-08 00:36:03,437: xml rpc node: starting XML-RPC server
[rospy.init][INFO] 2023-02-08 00:36:03,438: ROS Slave URI: [http://michaeljiang-clouddesktop-deployment-798ccff866-hvfzw:32887/]
[rospy.init][INFO] 2023-02-08 00:36:03,439: registered with master
[rospy.rosout][INFO] 2023-02-08 00:36:03,439: initializing /rosout core topic
[rospy.rosout][INFO] 2023-02-08 00:36:03,442: connected to core topic /rosout
[rospy.simtime][INFO] 2023-02-08 00:36:03,447: initializing /clock core topic
[rospy.simtime][INFO] 2023-02-08 00:36:03,454: connected to core topic /clock
[rospy.internal][INFO] 2023-02-08 00:36:03,516: topic[/keys] adding connection to [http://michaeljiang-clouddesktop-deployment-798ccff866-hvfzw:38509/], count 0
[rospy.internal][INFO] 2023-02-08 00:36:03,524: topic[/clock] adding connection to [http://michaeljiang-clouddesktop-deployment-798ccff866-hvfzw:45499/], count 0
[rospy.internal][INFO] 2023-02-08 00:36:03,546: topic[/odom] adding connection to [http://michaeljiang-clouddesktop-deployment-798ccff866-hvfzw:45499/], count 0
[rospy.internal][INFO] 2023-02-08 00:36:03,546: topic[/scan] adding connection to [http://michaeljiang-clouddesktop-deployment-798ccff866-hvfzw:45499/], count 0
[rospy.internal][INFO] 2023-02-08 00:36:03,689: topic[/rosout] adding connection to [/rosout], count 0
[rospy.internal][INFO] 2023-02-08 00:36:03,749: topic[/cmd_vel] adding connection to [/gazebo], count 0
[rospy.core][INFO] 2023-02-08 00:38:26,748: signal_shutdown [signal-2]
[rospy.internal][INFO] 2023-02-08 00:38:26,765: topic[/rosout] removing connection to /rosout
[rospy.internal][INFO] 2023-02-08 00:38:26,766: topic[/cmd_vel] removing connection to /gazebo
[rospy.internal][INFO] 2023-02-08 00:38:26,767: topic[/clock] removing connection to http://michaeljiang-clouddesktop-deployment-798ccff866-hvfzw:45499/
[rospy.internal][INFO] 2023-02-08 00:38:26,768: topic[/clock] removing connection to http://michaeljiang-clouddesktop-deployment-798ccff866-hvfzw:45499/
[rospy.topics][ERROR] 2023-02-08 00:38:26,768: Traceback (most recent call last):
  File "/opt/ros/noetic/lib/python3/dist-packages/rospy/topics.py", line 326, in close
    c.close()
  File "/opt/ros/noetic/lib/python3/dist-packages/rospy/impl/tcpros_base.py", line 858, in close
    self.socket.close()
AttributeError: 'NoneType' object has no attribute 'close'

[rospy.internal][INFO] 2023-02-08 00:38:26,768: topic[/scan] removing connection to http://michaeljiang-clouddesktop-deployment-798ccff866-hvfzw:45499/
[rospy.internal][INFO] 2023-02-08 00:38:26,768: topic[/keys] removing connection to http://michaeljiang-clouddesktop-deployment-798ccff866-hvfzw:38509/
[rospy.internal][INFO] 2023-02-08 00:38:26,768: topic[/odom] removing connection to http://michaeljiang-clouddesktop-deployment-798ccff866-hvfzw:45499/
[rospy.impl.masterslave][INFO] 2023-02-08 00:38:26,768: signal-2
[rospy.core][INFO] 2023-02-08 00:38:27,354: signal_shutdown [atexit]
[rospy.client][INFO] 2023-02-08 00:38:29,161: init_node, name[/dance], pid[22010]
[xmlrpc][INFO] 2023-02-08 00:38:29,162: XML-RPC server binding to 0.0.0.0:0
[xmlrpc][INFO] 2023-02-08 00:38:29,162: Started XML-RPC server [http://michaeljiang-clouddesktop-deployment-798ccff866-hvfzw:35437/]
[rospy.impl.masterslave][INFO] 2023-02-08 00:38:29,162: _ready: http://michaeljiang-clouddesktop-deployment-798ccff866-hvfzw:35437/
[rospy.registration][INFO] 2023-02-08 00:38:29,163: Registering with master node http://localhost:11311
[xmlrpc][INFO] 2023-02-08 00:38:29,163: xml rpc node: starting XML-RPC server
[rospy.init][INFO] 2023-02-08 00:38:29,162: ROS Slave URI: [http://michaeljiang-clouddesktop-deployment-798ccff866-hvfzw:35437/]
[rospy.init][INFO] 2023-02-08 00:38:29,163: registered with master
[rospy.rosout][INFO] 2023-02-08 00:38:29,163: initializing /rosout core topic
[rospy.rosout][INFO] 2023-02-08 00:38:29,168: connected to core topic /rosout
[rospy.simtime][INFO] 2023-02-08 00:38:29,176: initializing /clock core topic
[rospy.simtime][INFO] 2023-02-08 00:38:29,179: connected to core topic /clock
[rospy.internal][INFO] 2023-02-08 00:38:29,204: topic[/keys] adding connection to [http://michaeljiang-clouddesktop-deployment-798ccff866-hvfzw:38509/], count 0
[rospy.internal][INFO] 2023-02-08 00:38:29,241: topic[/clock] adding connection to [http://michaeljiang-clouddesktop-deployment-798ccff866-hvfzw:45499/], count 0
[rospy.internal][INFO] 2023-02-08 00:38:29,270: topic[/scan] adding connection to [http://michaeljiang-clouddesktop-deployment-798ccff866-hvfzw:45499/], count 0
[rospy.internal][INFO] 2023-02-08 00:38:29,270: topic[/odom] adding connection to [http://michaeljiang-clouddesktop-deployment-798ccff866-hvfzw:45499/], count 0
[rospy.internal][INFO] 2023-02-08 00:38:29,382: topic[/rosout] adding connection to [/rosout], count 0
[rospy.internal][INFO] 2023-02-08 00:38:29,482: topic[/cmd_vel] adding connection to [/gazebo], count 0
[rospy.core][INFO] 2023-02-08 00:39:13,751: signal_shutdown [signal-2]
[rospy.internal][INFO] 2023-02-08 00:39:13,804: topic[/rosout] removing connection to /rosout
[rospy.internal][INFO] 2023-02-08 00:39:13,805: topic[/cmd_vel] removing connection to /gazebo
[rospy.internal][INFO] 2023-02-08 00:39:13,805: topic[/clock] removing connection to http://michaeljiang-clouddesktop-deployment-798ccff866-hvfzw:45499/
[rospy.internal][INFO] 2023-02-08 00:39:13,805: topic[/scan] removing connection to http://michaeljiang-clouddesktop-deployment-798ccff866-hvfzw:45499/
[rospy.internal][INFO] 2023-02-08 00:39:13,805: topic[/keys] removing connection to http://michaeljiang-clouddesktop-deployment-798ccff866-hvfzw:38509/
[rospy.internal][INFO] 2023-02-08 00:39:13,806: topic[/odom] removing connection to http://michaeljiang-clouddesktop-deployment-798ccff866-hvfzw:45499/
[rospy.impl.masterslave][INFO] 2023-02-08 00:39:13,806: signal-2
[rospy.core][INFO] 2023-02-08 00:39:14,355: signal_shutdown [atexit]
[rospy.client][INFO] 2023-02-08 00:39:18,864: init_node, name[/dance], pid[24083]
[xmlrpc][INFO] 2023-02-08 00:39:18,865: XML-RPC server binding to 0.0.0.0:0
[xmlrpc][INFO] 2023-02-08 00:39:18,866: Started XML-RPC server [http://michaeljiang-clouddesktop-deployment-798ccff866-hvfzw:46723/]
[rospy.impl.masterslave][INFO] 2023-02-08 00:39:18,866: _ready: http://michaeljiang-clouddesktop-deployment-798ccff866-hvfzw:46723/
[rospy.init][INFO] 2023-02-08 00:39:18,866: ROS Slave URI: [http://michaeljiang-clouddesktop-deployment-798ccff866-hvfzw:46723/]
[rospy.registration][INFO] 2023-02-08 00:39:18,867: Registering with master node http://localhost:11311
[xmlrpc][INFO] 2023-02-08 00:39:18,867: xml rpc node: starting XML-RPC server
[rospy.init][INFO] 2023-02-08 00:39:18,967: registered with master
[rospy.rosout][INFO] 2023-02-08 00:39:18,967: initializing /rosout core topic
[rospy.rosout][INFO] 2023-02-08 00:39:18,972: connected to core topic /rosout
[rospy.simtime][INFO] 2023-02-08 00:39:18,976: initializing /clock core topic
[rospy.simtime][INFO] 2023-02-08 00:39:18,995: connected to core topic /clock
[rospy.internal][INFO] 2023-02-08 00:39:19,030: topic[/clock] adding connection to [http://michaeljiang-clouddesktop-deployment-798ccff866-hvfzw:45499/], count 0
[rospy.internal][INFO] 2023-02-08 00:39:19,058: topic[/keys] adding connection to [http://michaeljiang-clouddesktop-deployment-798ccff866-hvfzw:38509/], count 0
[rospy.internal][INFO] 2023-02-08 00:39:19,104: topic[/scan] adding connection to [http://michaeljiang-clouddesktop-deployment-798ccff866-hvfzw:45499/], count 0
[rospy.internal][INFO] 2023-02-08 00:39:19,104: topic[/odom] adding connection to [http://michaeljiang-clouddesktop-deployment-798ccff866-hvfzw:45499/], count 0
[rospy.internal][INFO] 2023-02-08 00:39:19,211: topic[/rosout] adding connection to [/rosout], count 0
[rospy.internal][INFO] 2023-02-08 00:39:19,312: topic[/cmd_vel] adding connection to [/gazebo], count 0
[rospy.core][INFO] 2023-02-08 00:41:29,901: signal_shutdown [signal-2]
[rospy.internal][INFO] 2023-02-08 00:41:29,906: topic[/rosout] removing connection to /rosout
[rospy.internal][INFO] 2023-02-08 00:41:29,906: topic[/cmd_vel] removing connection to /gazebo
[rospy.internal][INFO] 2023-02-08 00:41:29,906: topic[/clock] removing connection to http://michaeljiang-clouddesktop-deployment-798ccff866-hvfzw:45499/
[rospy.internal][INFO] 2023-02-08 00:41:29,906: topic[/scan] removing connection to http://michaeljiang-clouddesktop-deployment-798ccff866-hvfzw:45499/
[rospy.internal][INFO] 2023-02-08 00:41:29,906: topic[/keys] removing connection to http://michaeljiang-clouddesktop-deployment-798ccff866-hvfzw:38509/
[rospy.internal][INFO] 2023-02-08 00:41:29,907: topic[/odom] removing connection to http://michaeljiang-clouddesktop-deployment-798ccff866-hvfzw:45499/
[rospy.internal][INFO] 2023-02-08 00:41:29,907: topic[/odom] removing connection to http://michaeljiang-clouddesktop-deployment-798ccff866-hvfzw:45499/
[rospy.topics][ERROR] 2023-02-08 00:41:29,908: Traceback (most recent call last):
  File "/opt/ros/noetic/lib/python3/dist-packages/rospy/topics.py", line 326, in close
    c.close()
  File "/opt/ros/noetic/lib/python3/dist-packages/rospy/impl/tcpros_base.py", line 858, in close
    self.socket.close()
AttributeError: 'NoneType' object has no attribute 'close'

[rospy.impl.masterslave][INFO] 2023-02-08 00:41:29,909: signal-2
[rospy.core][INFO] 2023-02-08 00:41:30,509: signal_shutdown [atexit]
[rospy.client][INFO] 2023-02-08 00:41:34,690: init_node, name[/dance], pid[29770]
[xmlrpc][INFO] 2023-02-08 00:41:34,695: XML-RPC server binding to 0.0.0.0:0
[xmlrpc][INFO] 2023-02-08 00:41:34,696: Started XML-RPC server [http://michaeljiang-clouddesktop-deployment-798ccff866-hvfzw:34333/]
[rospy.impl.masterslave][INFO] 2023-02-08 00:41:34,696: _ready: http://michaeljiang-clouddesktop-deployment-798ccff866-hvfzw:34333/
[rospy.init][INFO] 2023-02-08 00:41:34,696: ROS Slave URI: [http://michaeljiang-clouddesktop-deployment-798ccff866-hvfzw:34333/]
[rospy.registration][INFO] 2023-02-08 00:41:34,699: Registering with master node http://localhost:11311
[xmlrpc][INFO] 2023-02-08 00:41:34,702: xml rpc node: starting XML-RPC server
[rospy.init][INFO] 2023-02-08 00:41:34,798: registered with master
[rospy.rosout][INFO] 2023-02-08 00:41:34,798: initializing /rosout core topic
[rospy.rosout][INFO] 2023-02-08 00:41:34,804: connected to core topic /rosout
[rospy.simtime][INFO] 2023-02-08 00:41:34,806: initializing /clock core topic
[rospy.simtime][INFO] 2023-02-08 00:41:34,809: connected to core topic /clock
[rospy.internal][INFO] 2023-02-08 00:41:34,842: topic[/clock] adding connection to [http://michaeljiang-clouddesktop-deployment-798ccff866-hvfzw:45499/], count 0
[rospy.internal][INFO] 2023-02-08 00:41:34,968: topic[/keys] adding connection to [http://michaeljiang-clouddesktop-deployment-798ccff866-hvfzw:38509/], count 0
[rospy.internal][INFO] 2023-02-08 00:41:35,025: topic[/odom] adding connection to [http://michaeljiang-clouddesktop-deployment-798ccff866-hvfzw:45499/], count 0
[rospy.internal][INFO] 2023-02-08 00:41:35,026: topic[/scan] adding connection to [http://michaeljiang-clouddesktop-deployment-798ccff866-hvfzw:45499/], count 0
[rospy.internal][INFO] 2023-02-08 00:41:35,079: topic[/rosout] adding connection to [/rosout], count 0
[rospy.internal][INFO] 2023-02-08 00:41:35,240: topic[/cmd_vel] adding connection to [/gazebo], count 0
[rospy.internal][INFO] 2023-02-08 00:47:19,382: topic[/keys] removing connection to http://michaeljiang-clouddesktop-deployment-798ccff866-hvfzw:38509/
[rospy.core][INFO] 2023-02-08 00:47:35,978: signal_shutdown [atexit]
[rospy.internal][INFO] 2023-02-08 00:47:35,982: topic[/rosout] removing connection to /rosout
[rospy.internal][INFO] 2023-02-08 00:47:35,982: topic[/cmd_vel] removing connection to /gazebo
[rospy.internal][INFO] 2023-02-08 00:47:35,982: topic[/clock] removing connection to http://michaeljiang-clouddesktop-deployment-798ccff866-hvfzw:45499/
[rospy.internal][INFO] 2023-02-08 00:47:35,983: topic[/scan] removing connection to http://michaeljiang-clouddesktop-deployment-798ccff866-hvfzw:45499/
[rospy.internal][INFO] 2023-02-08 00:47:35,989: topic[/odom] removing connection to http://michaeljiang-clouddesktop-deployment-798ccff866-hvfzw:45499/
[rospy.impl.masterslave][INFO] 2023-02-08 00:47:35,989: atexit
[rospy.client][INFO] 2023-02-08 00:48:02,305: init_node, name[/dance], pid[13584]
[xmlrpc][INFO] 2023-02-08 00:48:02,307: XML-RPC server binding to 0.0.0.0:0
[xmlrpc][INFO] 2023-02-08 00:48:02,307: Started XML-RPC server [http://michaeljiang-clouddesktop-deployment-798ccff866-hvfzw:46617/]
[rospy.impl.masterslave][INFO] 2023-02-08 00:48:02,308: _ready: http://michaeljiang-clouddesktop-deployment-798ccff866-hvfzw:46617/
[rospy.registration][INFO] 2023-02-08 00:48:02,310: Registering with master node http://localhost:11311
[xmlrpc][INFO] 2023-02-08 00:48:02,311: xml rpc node: starting XML-RPC server
[rospy.init][INFO] 2023-02-08 00:48:02,312: ROS Slave URI: [http://michaeljiang-clouddesktop-deployment-798ccff866-hvfzw:46617/]
[rospy.init][INFO] 2023-02-08 00:48:02,312: registered with master
[rospy.rosout][INFO] 2023-02-08 00:48:02,312: initializing /rosout core topic
[rospy.rosout][INFO] 2023-02-08 00:48:02,315: connected to core topic /rosout
[rospy.simtime][INFO] 2023-02-08 00:48:02,315: initializing /clock core topic
[rospy.simtime][INFO] 2023-02-08 00:48:02,317: connected to core topic /clock
[rospy.internal][INFO] 2023-02-08 00:48:02,343: topic[/keys] adding connection to [http://michaeljiang-clouddesktop-deployment-798ccff866-hvfzw:42673/], count 0
[rospy.internal][INFO] 2023-02-08 00:48:02,379: topic[/clock] adding connection to [http://michaeljiang-clouddesktop-deployment-798ccff866-hvfzw:45499/], count 0
[rospy.internal][INFO] 2023-02-08 00:48:02,409: topic[/scan] adding connection to [http://michaeljiang-clouddesktop-deployment-798ccff866-hvfzw:45499/], count 0
[rospy.internal][INFO] 2023-02-08 00:48:02,409: topic[/odom] adding connection to [http://michaeljiang-clouddesktop-deployment-798ccff866-hvfzw:45499/], count 0
[rospy.internal][INFO] 2023-02-08 00:48:02,519: topic[/cmd_vel] adding connection to [/gazebo], count 0
[rospy.internal][INFO] 2023-02-08 00:48:02,540: topic[/rosout] adding connection to [/rosout], count 0
[rospy.core][INFO] 2023-02-08 00:48:06,136: signal_shutdown [atexit]
[rospy.internal][INFO] 2023-02-08 00:48:06,149: topic[/rosout] removing connection to /rosout
[rospy.internal][INFO] 2023-02-08 00:48:06,150: topic[/cmd_vel] removing connection to /gazebo
[rospy.internal][INFO] 2023-02-08 00:48:06,150: topic[/clock] removing connection to http://michaeljiang-clouddesktop-deployment-798ccff866-hvfzw:45499/
[rospy.internal][INFO] 2023-02-08 00:48:06,150: topic[/scan] removing connection to http://michaeljiang-clouddesktop-deployment-798ccff866-hvfzw:45499/
[rospy.internal][INFO] 2023-02-08 00:48:06,150: topic[/keys] removing connection to http://michaeljiang-clouddesktop-deployment-798ccff866-hvfzw:42673/
[rospy.internal][INFO] 2023-02-08 00:48:06,152: topic[/odom] removing connection to http://michaeljiang-clouddesktop-deployment-798ccff866-hvfzw:45499/
[rospy.impl.masterslave][INFO] 2023-02-08 00:48:06,152: atexit
[rospy.client][INFO] 2023-02-08 00:49:44,238: init_node, name[/dance], pid[17825]
[xmlrpc][INFO] 2023-02-08 00:49:44,239: XML-RPC server binding to 0.0.0.0:0
[xmlrpc][INFO] 2023-02-08 00:49:44,239: Started XML-RPC server [http://michaeljiang-clouddesktop-deployment-798ccff866-hvfzw:33187/]
[rospy.init][INFO] 2023-02-08 00:49:44,239: ROS Slave URI: [http://michaeljiang-clouddesktop-deployment-798ccff866-hvfzw:33187/]
[rospy.impl.masterslave][INFO] 2023-02-08 00:49:44,239: _ready: http://michaeljiang-clouddesktop-deployment-798ccff866-hvfzw:33187/
[rospy.registration][INFO] 2023-02-08 00:49:44,240: Registering with master node http://localhost:11311
[xmlrpc][INFO] 2023-02-08 00:49:44,240: xml rpc node: starting XML-RPC server
[rospy.init][INFO] 2023-02-08 00:49:44,340: registered with master
[rospy.rosout][INFO] 2023-02-08 00:49:44,340: initializing /rosout core topic
[rospy.rosout][INFO] 2023-02-08 00:49:44,344: connected to core topic /rosout
[rospy.simtime][INFO] 2023-02-08 00:49:44,347: initializing /clock core topic
[rospy.simtime][INFO] 2023-02-08 00:49:44,351: connected to core topic /clock
[rospy.internal][INFO] 2023-02-08 00:49:44,433: topic[/keys] adding connection to [http://michaeljiang-clouddesktop-deployment-798ccff866-hvfzw:42673/], count 0
[rospy.internal][INFO] 2023-02-08 00:49:44,546: topic[/clock] adding connection to [http://michaeljiang-clouddesktop-deployment-798ccff866-hvfzw:45499/], count 0
[rospy.internal][INFO] 2023-02-08 00:49:44,573: topic[/scan] adding connection to [http://michaeljiang-clouddesktop-deployment-798ccff866-hvfzw:45499/], count 0
[rospy.internal][INFO] 2023-02-08 00:49:44,573: topic[/odom] adding connection to [http://michaeljiang-clouddesktop-deployment-798ccff866-hvfzw:45499/], count 0
[rospy.internal][INFO] 2023-02-08 00:49:44,619: topic[/rosout] adding connection to [/rosout], count 0
[rospy.internal][INFO] 2023-02-08 00:49:44,799: topic[/cmd_vel] adding connection to [/gazebo], count 0
[rospy.core][INFO] 2023-02-08 00:51:22,102: signal_shutdown [atexit]
[rospy.internal][INFO] 2023-02-08 00:51:22,109: topic[/rosout] removing connection to /rosout
[rospy.internal][INFO] 2023-02-08 00:51:22,109: topic[/keys] removing connection to http://michaeljiang-clouddesktop-deployment-798ccff866-hvfzw:42673/
[rospy.internal][INFO] 2023-02-08 00:51:22,109: topic[/cmd_vel] removing connection to /gazebo
[rospy.internal][INFO] 2023-02-08 00:51:22,110: topic[/clock] removing connection to http://michaeljiang-clouddesktop-deployment-798ccff866-hvfzw:45499/
[rospy.internal][INFO] 2023-02-08 00:51:22,110: topic[/scan] removing connection to http://michaeljiang-clouddesktop-deployment-798ccff866-hvfzw:45499/
[rospy.internal][INFO] 2023-02-08 00:51:22,110: topic[/odom] removing connection to http://michaeljiang-clouddesktop-deployment-798ccff866-hvfzw:45499/
[rospy.impl.masterslave][INFO] 2023-02-08 00:51:22,111: atexit
[rospy.client][INFO] 2023-02-08 00:51:39,003: init_node, name[/dance], pid[22655]
[xmlrpc][INFO] 2023-02-08 00:51:39,004: XML-RPC server binding to 0.0.0.0:0
[xmlrpc][INFO] 2023-02-08 00:51:39,004: Started XML-RPC server [http://michaeljiang-clouddesktop-deployment-798ccff866-hvfzw:43611/]
[rospy.impl.masterslave][INFO] 2023-02-08 00:51:39,004: _ready: http://michaeljiang-clouddesktop-deployment-798ccff866-hvfzw:43611/
[rospy.init][INFO] 2023-02-08 00:51:39,005: ROS Slave URI: [http://michaeljiang-clouddesktop-deployment-798ccff866-hvfzw:43611/]
[rospy.registration][INFO] 2023-02-08 00:51:39,007: Registering with master node http://localhost:11311
[xmlrpc][INFO] 2023-02-08 00:51:39,007: xml rpc node: starting XML-RPC server
[rospy.init][INFO] 2023-02-08 00:51:39,105: registered with master
[rospy.rosout][INFO] 2023-02-08 00:51:39,105: initializing /rosout core topic
[rospy.rosout][INFO] 2023-02-08 00:51:39,115: connected to core topic /rosout
[rospy.simtime][INFO] 2023-02-08 00:51:39,117: initializing /clock core topic
[rospy.simtime][INFO] 2023-02-08 00:51:39,121: connected to core topic /clock
[rospy.internal][INFO] 2023-02-08 00:51:39,150: topic[/clock] adding connection to [http://michaeljiang-clouddesktop-deployment-798ccff866-hvfzw:45499/], count 0
[rospy.internal][INFO] 2023-02-08 00:51:39,175: topic[/keys] adding connection to [http://michaeljiang-clouddesktop-deployment-798ccff866-hvfzw:44227/], count 0
[rospy.internal][INFO] 2023-02-08 00:51:39,276: topic[/scan] adding connection to [http://michaeljiang-clouddesktop-deployment-798ccff866-hvfzw:45499/], count 0
[rospy.internal][INFO] 2023-02-08 00:51:39,281: topic[/odom] adding connection to [http://michaeljiang-clouddesktop-deployment-798ccff866-hvfzw:45499/], count 0
[rospy.internal][INFO] 2023-02-08 00:51:39,364: topic[/rosout] adding connection to [/rosout], count 0
[rospy.internal][INFO] 2023-02-08 00:51:39,483: topic[/cmd_vel] adding connection to [/gazebo], count 0
[rospy.core][INFO] 2023-02-08 01:16:36,446: signal_shutdown [signal-2]
[rospy.internal][INFO] 2023-02-08 01:16:36,467: topic[/rosout] removing connection to /rosout
[rospy.internal][INFO] 2023-02-08 01:16:36,467: topic[/cmd_vel] removing connection to /gazebo
[rospy.internal][INFO] 2023-02-08 01:16:36,467: topic[/clock] removing connection to http://michaeljiang-clouddesktop-deployment-798ccff866-hvfzw:45499/
[rospy.internal][INFO] 2023-02-08 01:16:36,467: topic[/scan] removing connection to http://michaeljiang-clouddesktop-deployment-798ccff866-hvfzw:45499/
[rospy.internal][INFO] 2023-02-08 01:16:36,468: topic[/keys] removing connection to http://michaeljiang-clouddesktop-deployment-798ccff866-hvfzw:44227/
[rospy.internal][INFO] 2023-02-08 01:16:36,468: topic[/odom] removing connection to http://michaeljiang-clouddesktop-deployment-798ccff866-hvfzw:45499/
[rospy.internal][INFO] 2023-02-08 01:16:36,469: topic[/odom] removing connection to http://michaeljiang-clouddesktop-deployment-798ccff866-hvfzw:45499/
[rospy.topics][ERROR] 2023-02-08 01:16:36,469: Traceback (most recent call last):
  File "/opt/ros/noetic/lib/python3/dist-packages/rospy/topics.py", line 326, in close
    c.close()
  File "/opt/ros/noetic/lib/python3/dist-packages/rospy/impl/tcpros_base.py", line 858, in close
    self.socket.close()
AttributeError: 'NoneType' object has no attribute 'close'

[rospy.impl.masterslave][INFO] 2023-02-08 01:16:36,470: signal-2
[rospy.core][INFO] 2023-02-08 01:16:37,057: signal_shutdown [atexit]
[rospy.client][INFO] 2023-02-08 01:16:56,868: init_node, name[/dance], pid[20709]
[xmlrpc][INFO] 2023-02-08 01:16:56,869: XML-RPC server binding to 0.0.0.0:0
[xmlrpc][INFO] 2023-02-08 01:16:56,869: Started XML-RPC server [http://michaeljiang-clouddesktop-deployment-798ccff866-hvfzw:41605/]
[rospy.impl.masterslave][INFO] 2023-02-08 01:16:56,869: _ready: http://michaeljiang-clouddesktop-deployment-798ccff866-hvfzw:41605/
[rospy.init][INFO] 2023-02-08 01:16:56,869: ROS Slave URI: [http://michaeljiang-clouddesktop-deployment-798ccff866-hvfzw:41605/]
[rospy.registration][INFO] 2023-02-08 01:16:56,872: Registering with master node http://localhost:11311
[xmlrpc][INFO] 2023-02-08 01:16:56,872: xml rpc node: starting XML-RPC server
[rospy.init][INFO] 2023-02-08 01:16:56,970: registered with master
[rospy.rosout][INFO] 2023-02-08 01:16:56,970: initializing /rosout core topic
[rospy.rosout][INFO] 2023-02-08 01:16:56,973: connected to core topic /rosout
[rospy.simtime][INFO] 2023-02-08 01:16:56,976: initializing /clock core topic
[rospy.simtime][INFO] 2023-02-08 01:16:56,979: connected to core topic /clock
[rospy.internal][INFO] 2023-02-08 01:16:57,009: topic[/keys] adding connection to [http://michaeljiang-clouddesktop-deployment-798ccff866-hvfzw:44227/], count 0
[rospy.internal][INFO] 2023-02-08 01:16:57,037: topic[/clock] adding connection to [http://michaeljiang-clouddesktop-deployment-798ccff866-hvfzw:45499/], count 0
[rospy.internal][INFO] 2023-02-08 01:16:57,063: topic[/scan] adding connection to [http://michaeljiang-clouddesktop-deployment-798ccff866-hvfzw:45499/], count 0
[rospy.internal][INFO] 2023-02-08 01:16:57,068: topic[/odom] adding connection to [http://michaeljiang-clouddesktop-deployment-798ccff866-hvfzw:45499/], count 0
[rospy.internal][INFO] 2023-02-08 01:16:57,188: topic[/rosout] adding connection to [/rosout], count 0
[rospy.internal][INFO] 2023-02-08 01:16:57,283: topic[/cmd_vel] adding connection to [/gazebo], count 0
[rospy.core][INFO] 2023-02-08 01:29:41,914: signal_shutdown [signal-2]
[rospy.internal][INFO] 2023-02-08 01:29:41,936: topic[/rosout] removing connection to /rosout
[rospy.internal][INFO] 2023-02-08 01:29:41,936: topic[/cmd_vel] removing connection to /gazebo
[rospy.internal][INFO] 2023-02-08 01:29:41,936: topic[/clock] removing connection to http://michaeljiang-clouddesktop-deployment-798ccff866-hvfzw:45499/
[rospy.internal][INFO] 2023-02-08 01:29:41,936: topic[/scan] removing connection to http://michaeljiang-clouddesktop-deployment-798ccff866-hvfzw:45499/
[rospy.internal][INFO] 2023-02-08 01:29:41,936: topic[/keys] removing connection to http://michaeljiang-clouddesktop-deployment-798ccff866-hvfzw:44227/
[rospy.internal][INFO] 2023-02-08 01:29:41,937: topic[/odom] removing connection to http://michaeljiang-clouddesktop-deployment-798ccff866-hvfzw:45499/
[rospy.impl.masterslave][INFO] 2023-02-08 01:29:41,951: signal-2
[rospy.core][INFO] 2023-02-08 01:29:42,524: signal_shutdown [atexit]
[rospy.client][INFO] 2023-02-08 03:29:50,467: init_node, name[/dance], pid[30277]
[xmlrpc][INFO] 2023-02-08 03:29:50,467: XML-RPC server binding to 0.0.0.0:0
[xmlrpc][INFO] 2023-02-08 03:29:50,468: Started XML-RPC server [http://michaeljiang-clouddesktop-deployment-798ccff866-hvfzw:38555/]
[rospy.init][INFO] 2023-02-08 03:29:50,468: ROS Slave URI: [http://michaeljiang-clouddesktop-deployment-798ccff866-hvfzw:38555/]
[rospy.impl.masterslave][INFO] 2023-02-08 03:29:50,468: _ready: http://michaeljiang-clouddesktop-deployment-798ccff866-hvfzw:38555/
[rospy.registration][INFO] 2023-02-08 03:29:50,469: Registering with master node http://localhost:11311
[xmlrpc][INFO] 2023-02-08 03:29:50,469: xml rpc node: starting XML-RPC server
[rospy.init][INFO] 2023-02-08 03:29:50,569: registered with master
[rospy.rosout][INFO] 2023-02-08 03:29:50,569: initializing /rosout core topic
[rospy.rosout][INFO] 2023-02-08 03:29:50,573: connected to core topic /rosout
[rospy.simtime][INFO] 2023-02-08 03:29:50,580: initializing /clock core topic
[rospy.simtime][INFO] 2023-02-08 03:29:50,583: connected to core topic /clock
[rospy.internal][INFO] 2023-02-08 03:29:50,612: topic[/clock] adding connection to [http://michaeljiang-clouddesktop-deployment-798ccff866-hvfzw:45499/], count 0
[rospy.internal][INFO] 2023-02-08 03:29:50,622: topic[/keys] adding connection to [http://michaeljiang-clouddesktop-deployment-798ccff866-hvfzw:35187/], count 0
[rospy.core][INFO] 2023-02-08 03:29:50,624: signal_shutdown [atexit]
[rospy.internal][INFO] 2023-02-08 03:29:50,629: topic[/clock] removing connection to http://michaeljiang-clouddesktop-deployment-798ccff866-hvfzw:45499/
[rospy.internal][INFO] 2023-02-08 03:29:50,629: topic[/keys] removing connection to http://michaeljiang-clouddesktop-deployment-798ccff866-hvfzw:35187/
[rospy.impl.masterslave][INFO] 2023-02-08 03:29:50,630: atexit
[rospy.client][INFO] 2023-02-08 03:30:19,672: init_node, name[/dance], pid[31536]
[xmlrpc][INFO] 2023-02-08 03:30:19,673: XML-RPC server binding to 0.0.0.0:0
[xmlrpc][INFO] 2023-02-08 03:30:19,673: Started XML-RPC server [http://michaeljiang-clouddesktop-deployment-798ccff866-hvfzw:36797/]
[rospy.impl.masterslave][INFO] 2023-02-08 03:30:19,673: _ready: http://michaeljiang-clouddesktop-deployment-798ccff866-hvfzw:36797/
[rospy.init][INFO] 2023-02-08 03:30:19,675: ROS Slave URI: [http://michaeljiang-clouddesktop-deployment-798ccff866-hvfzw:36797/]
[rospy.registration][INFO] 2023-02-08 03:30:19,675: Registering with master node http://localhost:11311
[xmlrpc][INFO] 2023-02-08 03:30:19,679: xml rpc node: starting XML-RPC server
[rospy.init][INFO] 2023-02-08 03:30:19,776: registered with master
[rospy.rosout][INFO] 2023-02-08 03:30:19,776: initializing /rosout core topic
[rospy.rosout][INFO] 2023-02-08 03:30:19,782: connected to core topic /rosout
[rospy.simtime][INFO] 2023-02-08 03:30:19,785: initializing /clock core topic
[rospy.simtime][INFO] 2023-02-08 03:30:19,791: connected to core topic /clock
[rospy.internal][INFO] 2023-02-08 03:30:19,826: topic[/clock] adding connection to [http://michaeljiang-clouddesktop-deployment-798ccff866-hvfzw:45499/], count 0
[rospy.core][INFO] 2023-02-08 03:30:19,894: signal_shutdown [atexit]
[rospy.internal][INFO] 2023-02-08 03:30:19,898: topic[/clock] removing connection to http://michaeljiang-clouddesktop-deployment-798ccff866-hvfzw:45499/
[rospy.impl.masterslave][INFO] 2023-02-08 03:30:19,898: atexit
[rospy.client][INFO] 2023-02-08 03:31:18,837: init_node, name[/dance], pid[1595]
[xmlrpc][INFO] 2023-02-08 03:31:18,837: XML-RPC server binding to 0.0.0.0:0
[xmlrpc][INFO] 2023-02-08 03:31:18,838: Started XML-RPC server [http://michaeljiang-clouddesktop-deployment-798ccff866-hvfzw:43127/]
[rospy.impl.masterslave][INFO] 2023-02-08 03:31:18,838: _ready: http://michaeljiang-clouddesktop-deployment-798ccff866-hvfzw:43127/
[rospy.init][INFO] 2023-02-08 03:31:18,838: ROS Slave URI: [http://michaeljiang-clouddesktop-deployment-798ccff866-hvfzw:43127/]
[rospy.registration][INFO] 2023-02-08 03:31:18,839: Registering with master node http://localhost:11311
[xmlrpc][INFO] 2023-02-08 03:31:18,839: xml rpc node: starting XML-RPC server
[rospy.init][INFO] 2023-02-08 03:31:18,939: registered with master
[rospy.rosout][INFO] 2023-02-08 03:31:18,940: initializing /rosout core topic
[rospy.rosout][INFO] 2023-02-08 03:31:18,944: connected to core topic /rosout
[rospy.simtime][INFO] 2023-02-08 03:31:18,945: initializing /clock core topic
[rospy.simtime][INFO] 2023-02-08 03:31:18,958: connected to core topic /clock
[rospy.core][INFO] 2023-02-08 03:31:18,969: signal_shutdown [atexit]
[rospy.impl.masterslave][INFO] 2023-02-08 03:31:18,972: atexit
[rospy.client][INFO] 2023-02-08 03:32:14,182: init_node, name[/dance], pid[4252]
[xmlrpc][INFO] 2023-02-08 03:32:14,182: XML-RPC server binding to 0.0.0.0:0
[xmlrpc][INFO] 2023-02-08 03:32:14,182: Started XML-RPC server [http://michaeljiang-clouddesktop-deployment-798ccff866-hvfzw:39897/]
[rospy.impl.masterslave][INFO] 2023-02-08 03:32:14,182: _ready: http://michaeljiang-clouddesktop-deployment-798ccff866-hvfzw:39897/
[rospy.registration][INFO] 2023-02-08 03:32:14,183: Registering with master node http://localhost:11311
[xmlrpc][INFO] 2023-02-08 03:32:14,183: xml rpc node: starting XML-RPC server
[rospy.init][INFO] 2023-02-08 03:32:14,184: ROS Slave URI: [http://michaeljiang-clouddesktop-deployment-798ccff866-hvfzw:39897/]
[rospy.init][INFO] 2023-02-08 03:32:14,184: registered with master
[rospy.rosout][INFO] 2023-02-08 03:32:14,184: initializing /rosout core topic
[rospy.rosout][INFO] 2023-02-08 03:32:14,191: connected to core topic /rosout
[rospy.simtime][INFO] 2023-02-08 03:32:14,193: initializing /clock core topic
[rospy.simtime][INFO] 2023-02-08 03:32:14,241: connected to core topic /clock
[rospy.internal][INFO] 2023-02-08 03:32:14,270: topic[/clock] adding connection to [http://michaeljiang-clouddesktop-deployment-798ccff866-hvfzw:45499/], count 0
[rospy.internal][INFO] 2023-02-08 03:32:14,280: topic[/keys] adding connection to [http://michaeljiang-clouddesktop-deployment-798ccff866-hvfzw:35187/], count 0
[rospy.internal][INFO] 2023-02-08 03:32:14,348: topic[/odom] adding connection to [http://michaeljiang-clouddesktop-deployment-798ccff866-hvfzw:45499/], count 0
[rospy.internal][INFO] 2023-02-08 03:32:14,348: topic[/scan] adding connection to [http://michaeljiang-clouddesktop-deployment-798ccff866-hvfzw:45499/], count 0
[rospy.internal][INFO] 2023-02-08 03:32:14,431: topic[/rosout] adding connection to [/rosout], count 0
[rospy.internal][INFO] 2023-02-08 03:32:14,451: topic[/cmd_vel] adding connection to [/gazebo], count 0
[rospy.core][INFO] 2023-02-13 22:04:21,527: signal_shutdown [signal-2]
[rospy.internal][INFO] 2023-02-13 22:04:21,531: topic[/rosout] removing connection to /rosout
[rospy.internal][INFO] 2023-02-13 22:04:21,531: topic[/cmd_vel] removing connection to /gazebo
[rospy.internal][INFO] 2023-02-13 22:04:21,531: topic[/clock] removing connection to http://michaeljiang-clouddesktop-deployment-798ccff866-hvfzw:45499/
[rospy.internal][INFO] 2023-02-13 22:04:21,531: topic[/scan] removing connection to http://michaeljiang-clouddesktop-deployment-798ccff866-hvfzw:45499/
[rospy.internal][INFO] 2023-02-13 22:04:21,532: topic[/keys] removing connection to http://michaeljiang-clouddesktop-deployment-798ccff866-hvfzw:35187/
[rospy.internal][INFO] 2023-02-13 22:04:21,532: topic[/odom] removing connection to http://michaeljiang-clouddesktop-deployment-798ccff866-hvfzw:45499/
[rospy.impl.masterslave][INFO] 2023-02-13 22:04:21,533: signal-2
[rospy.core][INFO] 2023-02-13 22:04:22,148: signal_shutdown [atexit]
