[rospy.client][INFO] 2023-02-07 23:49:17,097: init_node, name[/keyboard_driver], pid[27418]
[xmlrpc][INFO] 2023-02-07 23:49:17,098: XML-RPC server binding to 0.0.0.0:0
[xmlrpc][INFO] 2023-02-07 23:49:17,098: Started XML-RPC server [http://michaeljiang-clouddesktop-deployment-798ccff866-hvfzw:35443/]
[rospy.impl.masterslave][INFO] 2023-02-07 23:49:17,098: _ready: http://michaeljiang-clouddesktop-deployment-798ccff866-hvfzw:35443/
[rospy.registration][INFO] 2023-02-07 23:49:17,099: Registering with master node http://localhost:11311
[rospy.registration][INFO] 2023-02-07 23:49:17,099: Registering publisher topic [/keys] type [std_msgs/String] with master
[xmlrpc][INFO] 2023-02-07 23:49:17,101: xml rpc node: starting XML-RPC server
[rospy.init][INFO] 2023-02-07 23:49:17,107: ROS Slave URI: [http://michaeljiang-clouddesktop-deployment-798ccff866-hvfzw:35443/]
[rospy.init][INFO] 2023-02-07 23:49:17,107: registered with master
[rospy.rosout][INFO] 2023-02-07 23:49:17,107: initializing /rosout core topic
[rospy.rosout][INFO] 2023-02-07 23:49:17,110: connected to core topic /rosout
[rospy.simtime][INFO] 2023-02-07 23:49:17,111: initializing /clock core topic
[rospy.simtime][INFO] 2023-02-07 23:49:17,122: connected to core topic /clock
[rospy.internal][INFO] 2023-02-07 23:49:17,163: topic[/clock] adding connection to [http://michaeljiang-clouddesktop-deployment-798ccff866-hvfzw:45499/], count 0
[rospy.internal][INFO] 2023-02-07 23:49:17,329: topic[/rosout] adding connection to [/rosout], count 0
[rospy.internal][INFO] 2023-02-07 23:49:27,156: topic[/keys] adding connection to [/dance], count 0
[rospy.internal][INFO] 2023-02-07 23:49:27,658: topic[/keys] removing connection to /dance
[rospy.internal][INFO] 2023-02-07 23:49:45,791: topic[/keys] adding connection to [/dance], count 0
[rospy.internal][INFO] 2023-02-07 23:49:51,212: topic[/keys] removing connection to /dance
[rospy.internal][INFO] 2023-02-08 00:01:07,571: topic[/keys] adding connection to [/dance], count 0
[rospy.internal][INFO] 2023-02-08 00:02:55,916: topic[/keys] removing connection to /dance
[rospy.internal][INFO] 2023-02-08 00:02:59,332: topic[/keys] adding connection to [/dance], count 0
[rospy.internal][INFO] 2023-02-08 00:03:55,043: topic[/keys] removing connection to /dance
[rospy.core][INFO] 2023-02-08 00:04:11,622: signal_shutdown [atexit]
[rospy.internal][INFO] 2023-02-08 00:04:11,624: topic[/rosout] removing connection to /rosout
[rospy.internal][INFO] 2023-02-08 00:04:11,624: topic[/clock] removing connection to http://michaeljiang-clouddesktop-deployment-798ccff866-hvfzw:45499/
[rospy.impl.masterslave][INFO] 2023-02-08 00:04:11,624: atexit
[rospy.client][INFO] 2023-02-08 00:09:26,361: init_node, name[/keyboard_driver], pid[13630]
[xmlrpc][INFO] 2023-02-08 00:09:26,362: XML-RPC server binding to 0.0.0.0:0
[xmlrpc][INFO] 2023-02-08 00:09:26,362: Started XML-RPC server [http://michaeljiang-clouddesktop-deployment-798ccff866-hvfzw:39837/]
[rospy.impl.masterslave][INFO] 2023-02-08 00:09:26,362: _ready: http://michaeljiang-clouddesktop-deployment-798ccff866-hvfzw:39837/
[rospy.init][INFO] 2023-02-08 00:09:26,363: ROS Slave URI: [http://michaeljiang-clouddesktop-deployment-798ccff866-hvfzw:39837/]
[rospy.registration][INFO] 2023-02-08 00:09:26,363: Registering with master node http://localhost:11311
[xmlrpc][INFO] 2023-02-08 00:09:26,363: xml rpc node: starting XML-RPC server
[rospy.registration][INFO] 2023-02-08 00:09:26,363: Registering publisher topic [/keys] type [std_msgs/String] with master
[rospy.init][INFO] 2023-02-08 00:09:26,463: registered with master
[rospy.rosout][INFO] 2023-02-08 00:09:26,463: initializing /rosout core topic
[rospy.rosout][INFO] 2023-02-08 00:09:26,465: connected to core topic /rosout
[rospy.simtime][INFO] 2023-02-08 00:09:26,468: initializing /clock core topic
[rospy.simtime][INFO] 2023-02-08 00:09:26,477: connected to core topic /clock
[rospy.internal][INFO] 2023-02-08 00:09:26,528: topic[/clock] adding connection to [http://michaeljiang-clouddesktop-deployment-798ccff866-hvfzw:45499/], count 0
[rospy.internal][INFO] 2023-02-08 00:09:26,683: topic[/rosout] adding connection to [/rosout], count 0
[rospy.internal][INFO] 2023-02-08 00:09:31,522: topic[/keys] adding connection to [/dance], count 0
[rospy.core][INFO] 2023-02-08 00:09:45,896: signal_shutdown [atexit]
[rospy.internal][INFO] 2023-02-08 00:09:45,908: topic[/keys] removing connection to /dance
[rospy.internal][INFO] 2023-02-08 00:09:45,908: topic[/rosout] removing connection to /rosout
[rospy.internal][INFO] 2023-02-08 00:09:45,908: topic[/clock] removing connection to http://michaeljiang-clouddesktop-deployment-798ccff866-hvfzw:45499/
[rospy.impl.masterslave][INFO] 2023-02-08 00:09:45,908: atexit
[rospy.client][INFO] 2023-02-08 00:11:13,189: init_node, name[/keyboard_driver], pid[18184]
[xmlrpc][INFO] 2023-02-08 00:11:13,197: XML-RPC server binding to 0.0.0.0:0
[xmlrpc][INFO] 2023-02-08 00:11:13,198: Started XML-RPC server [http://michaeljiang-clouddesktop-deployment-798ccff866-hvfzw:35429/]
[rospy.impl.masterslave][INFO] 2023-02-08 00:11:13,198: _ready: http://michaeljiang-clouddesktop-deployment-798ccff866-hvfzw:35429/
[rospy.init][INFO] 2023-02-08 00:11:13,198: ROS Slave URI: [http://michaeljiang-clouddesktop-deployment-798ccff866-hvfzw:35429/]
[rospy.registration][INFO] 2023-02-08 00:11:13,214: Registering with master node http://localhost:11311
[rospy.registration][INFO] 2023-02-08 00:11:13,214: Registering publisher topic [/keys] type [std_msgs/String] with master
[xmlrpc][INFO] 2023-02-08 00:11:13,213: xml rpc node: starting XML-RPC server
[rospy.init][INFO] 2023-02-08 00:11:13,319: registered with master
[rospy.rosout][INFO] 2023-02-08 00:11:13,319: initializing /rosout core topic
[rospy.rosout][INFO] 2023-02-08 00:11:13,324: connected to core topic /rosout
[rospy.simtime][INFO] 2023-02-08 00:11:13,331: initializing /clock core topic
[rospy.simtime][INFO] 2023-02-08 00:11:13,350: connected to core topic /clock
[rospy.internal][INFO] 2023-02-08 00:11:13,379: topic[/clock] adding connection to [http://michaeljiang-clouddesktop-deployment-798ccff866-hvfzw:45499/], count 0
[rospy.internal][INFO] 2023-02-08 00:11:13,531: topic[/rosout] adding connection to [/rosout], count 0
[rospy.internal][INFO] 2023-02-08 00:11:27,446: topic[/keys] adding connection to [/dance], count 0
[rospy.internal][INFO] 2023-02-08 00:13:12,628: topic[/keys] removing connection to /dance
[rospy.core][INFO] 2023-02-08 00:13:14,952: signal_shutdown [signal-2]
[rospy.internal][INFO] 2023-02-08 00:13:14,961: topic[/rosout] removing connection to /rosout
[rospy.internal][INFO] 2023-02-08 00:13:14,961: topic[/clock] removing connection to http://michaeljiang-clouddesktop-deployment-798ccff866-hvfzw:45499/
[rospy.impl.masterslave][INFO] 2023-02-08 00:13:14,961: signal-2
[rospy.core][INFO] 2023-02-08 00:13:16,289: signal_shutdown [signal-2]
[rospy.core][INFO] 2023-02-08 00:13:27,298: signal_shutdown [atexit]
[rospy.client][INFO] 2023-02-08 00:13:58,174: init_node, name[/keyboard_driver], pid[25135]
[xmlrpc][INFO] 2023-02-08 00:13:58,175: XML-RPC server binding to 0.0.0.0:0
[xmlrpc][INFO] 2023-02-08 00:13:58,175: Started XML-RPC server [http://michaeljiang-clouddesktop-deployment-798ccff866-hvfzw:44453/]
[rospy.impl.masterslave][INFO] 2023-02-08 00:13:58,175: _ready: http://michaeljiang-clouddesktop-deployment-798ccff866-hvfzw:44453/
[rospy.registration][INFO] 2023-02-08 00:13:58,179: Registering with master node http://localhost:11311
[rospy.init][INFO] 2023-02-08 00:13:58,180: ROS Slave URI: [http://michaeljiang-clouddesktop-deployment-798ccff866-hvfzw:44453/]
[rospy.registration][INFO] 2023-02-08 00:13:58,180: Registering publisher topic [/keys] type [std_msgs/String] with master
[xmlrpc][INFO] 2023-02-08 00:13:58,180: xml rpc node: starting XML-RPC server
[rospy.internal][INFO] 2023-02-08 00:13:58,204: topic[/keys] adding connection to [/dance], count 0
[rospy.init][INFO] 2023-02-08 00:13:58,281: registered with master
[rospy.rosout][INFO] 2023-02-08 00:13:58,281: initializing /rosout core topic
[rospy.rosout][INFO] 2023-02-08 00:13:58,292: connected to core topic /rosout
[rospy.simtime][INFO] 2023-02-08 00:13:58,295: initializing /clock core topic
[rospy.simtime][INFO] 2023-02-08 00:13:58,313: connected to core topic /clock
[rospy.internal][INFO] 2023-02-08 00:13:58,350: topic[/clock] adding connection to [http://michaeljiang-clouddesktop-deployment-798ccff866-hvfzw:45499/], count 0
[rospy.internal][INFO] 2023-02-08 00:13:58,515: topic[/rosout] adding connection to [/rosout], count 0
[rospy.core][INFO] 2023-02-08 00:19:27,952: signal_shutdown [signal-2]
[rospy.internal][INFO] 2023-02-08 00:19:27,968: topic[/keys] removing connection to /dance
[rospy.internal][INFO] 2023-02-08 00:19:27,968: topic[/rosout] removing connection to /rosout
[rospy.internal][INFO] 2023-02-08 00:19:27,969: topic[/clock] removing connection to http://michaeljiang-clouddesktop-deployment-798ccff866-hvfzw:45499/
[rospy.impl.masterslave][INFO] 2023-02-08 00:19:27,969: signal-2
[rospy.core][INFO] 2023-02-08 00:19:28,558: signal_shutdown [atexit]
[rospy.client][INFO] 2023-02-08 00:19:56,980: init_node, name[/keyboard_driver], pid[7955]
[xmlrpc][INFO] 2023-02-08 00:19:56,981: XML-RPC server binding to 0.0.0.0:0
[xmlrpc][INFO] 2023-02-08 00:19:56,981: Started XML-RPC server [http://michaeljiang-clouddesktop-deployment-798ccff866-hvfzw:38509/]
[rospy.impl.masterslave][INFO] 2023-02-08 00:19:56,981: _ready: http://michaeljiang-clouddesktop-deployment-798ccff866-hvfzw:38509/
[rospy.registration][INFO] 2023-02-08 00:19:56,982: Registering with master node http://localhost:11311
[rospy.registration][INFO] 2023-02-08 00:19:56,982: Registering publisher topic [/keys] type [std_msgs/String] with master
[rospy.init][INFO] 2023-02-08 00:19:56,982: ROS Slave URI: [http://michaeljiang-clouddesktop-deployment-798ccff866-hvfzw:38509/]
[xmlrpc][INFO] 2023-02-08 00:19:56,982: xml rpc node: starting XML-RPC server
[rospy.init][INFO] 2023-02-08 00:19:57,085: registered with master
[rospy.rosout][INFO] 2023-02-08 00:19:57,085: initializing /rosout core topic
[rospy.rosout][INFO] 2023-02-08 00:19:57,086: connected to core topic /rosout
[rospy.simtime][INFO] 2023-02-08 00:19:57,088: initializing /clock core topic
[rospy.simtime][INFO] 2023-02-08 00:19:57,093: connected to core topic /clock
[rospy.internal][INFO] 2023-02-08 00:19:57,157: topic[/clock] adding connection to [http://michaeljiang-clouddesktop-deployment-798ccff866-hvfzw:45499/], count 0
[rospy.internal][INFO] 2023-02-08 00:19:57,336: topic[/rosout] adding connection to [/rosout], count 0
[rospy.internal][INFO] 2023-02-08 00:20:02,002: topic[/keys] adding connection to [/dance], count 0
[rospy.internal][INFO] 2023-02-08 00:21:57,880: topic[/keys] removing connection to /dance
[rospy.internal][INFO] 2023-02-08 00:22:02,081: topic[/keys] adding connection to [/dance], count 0
[rospy.internal][INFO] 2023-02-08 00:23:35,085: topic[/keys] removing connection to /dance
[rospy.internal][INFO] 2023-02-08 00:23:37,454: topic[/keys] adding connection to [/dance], count 0
[rospy.internal][INFO] 2023-02-08 00:24:52,291: topic[/keys] removing connection to /dance
[rospy.internal][INFO] 2023-02-08 00:24:55,062: topic[/keys] adding connection to [/dance], count 0
[rospy.internal][INFO] 2023-02-08 00:25:28,884: topic[/keys] removing connection to /dance
[rospy.internal][INFO] 2023-02-08 00:25:32,454: topic[/keys] adding connection to [/dance], count 0
[rospy.internal][INFO] 2023-02-08 00:33:03,079: topic[/keys] removing connection to /dance
[rospy.internal][INFO] 2023-02-08 00:33:09,144: topic[/keys] adding connection to [/dance], count 0
[rospy.internal][INFO] 2023-02-08 00:33:11,609: topic[/keys] removing connection to /dance
[rospy.internal][INFO] 2023-02-08 00:33:47,005: topic[/keys] adding connection to [/dance], count 0
[rospy.internal][INFO] 2023-02-08 00:34:48,904: topic[/keys] removing connection to /dance
[rospy.internal][INFO] 2023-02-08 00:36:03,532: topic[/keys] adding connection to [/dance], count 0
[rospy.internal][INFO] 2023-02-08 00:38:27,034: topic[/keys] removing connection to /dance
[rospy.internal][INFO] 2023-02-08 00:38:29,211: topic[/keys] adding connection to [/dance], count 0
[rospy.internal][INFO] 2023-02-08 00:39:14,184: topic[/keys] removing connection to /dance
[rospy.internal][INFO] 2023-02-08 00:39:19,059: topic[/keys] adding connection to [/dance], count 0
[rospy.internal][INFO] 2023-02-08 00:41:30,004: topic[/keys] removing connection to /dance
[rospy.internal][INFO] 2023-02-08 00:41:34,969: topic[/keys] adding connection to [/dance], count 0
[rospy.core][INFO] 2023-02-08 00:47:19,363: signal_shutdown [signal-2]
[rospy.internal][INFO] 2023-02-08 00:47:19,366: topic[/keys] removing connection to /dance
[rospy.internal][INFO] 2023-02-08 00:47:19,367: topic[/rosout] removing connection to /rosout
[rospy.internal][INFO] 2023-02-08 00:47:19,367: topic[/clock] removing connection to http://michaeljiang-clouddesktop-deployment-798ccff866-hvfzw:45499/
[rospy.impl.masterslave][INFO] 2023-02-08 00:47:19,367: signal-2
[rospy.core][INFO] 2023-02-08 00:47:20,404: signal_shutdown [signal-2]
[rospy.core][INFO] 2023-02-08 00:47:21,866: signal_shutdown [signal-2]
[rospy.core][INFO] 2023-02-08 00:47:22,041: signal_shutdown [signal-2]
[rospy.core][INFO] 2023-02-08 00:47:48,818: signal_shutdown [atexit]
[rospy.client][INFO] 2023-02-08 00:47:58,689: init_node, name[/keyboard_driver], pid[13406]
[xmlrpc][INFO] 2023-02-08 00:47:58,690: XML-RPC server binding to 0.0.0.0:0
[xmlrpc][INFO] 2023-02-08 00:47:58,692: Started XML-RPC server [http://michaeljiang-clouddesktop-deployment-798ccff866-hvfzw:42673/]
[rospy.init][INFO] 2023-02-08 00:47:58,692: ROS Slave URI: [http://michaeljiang-clouddesktop-deployment-798ccff866-hvfzw:42673/]
[rospy.impl.masterslave][INFO] 2023-02-08 00:47:58,692: _ready: http://michaeljiang-clouddesktop-deployment-798ccff866-hvfzw:42673/
[rospy.registration][INFO] 2023-02-08 00:47:58,693: Registering with master node http://localhost:11311
[xmlrpc][INFO] 2023-02-08 00:47:58,693: xml rpc node: starting XML-RPC server
[rospy.registration][INFO] 2023-02-08 00:47:58,693: Registering publisher topic [/keys] type [std_msgs/String] with master
[rospy.init][INFO] 2023-02-08 00:47:58,792: registered with master
[rospy.rosout][INFO] 2023-02-08 00:47:58,793: initializing /rosout core topic
[rospy.rosout][INFO] 2023-02-08 00:47:58,844: connected to core topic /rosout
[rospy.simtime][INFO] 2023-02-08 00:47:58,853: initializing /clock core topic
[rospy.simtime][INFO] 2023-02-08 00:47:58,855: connected to core topic /clock
[rospy.internal][INFO] 2023-02-08 00:47:58,913: topic[/clock] adding connection to [http://michaeljiang-clouddesktop-deployment-798ccff866-hvfzw:45499/], count 0
[rospy.internal][INFO] 2023-02-08 00:47:59,116: topic[/rosout] adding connection to [/rosout], count 0
[rospy.internal][INFO] 2023-02-08 00:48:02,349: topic[/keys] adding connection to [/dance], count 0
[rospy.internal][INFO] 2023-02-08 00:48:06,367: topic[/keys] removing connection to /dance
[rospy.internal][INFO] 2023-02-08 00:49:44,478: topic[/keys] adding connection to [/dance], count 0
[rospy.core][INFO] 2023-02-08 00:51:22,101: signal_shutdown [atexit]
[rospy.internal][INFO] 2023-02-08 00:51:22,109: topic[/keys] removing connection to /dance
[rospy.internal][INFO] 2023-02-08 00:51:22,110: topic[/rosout] removing connection to /rosout
[rospy.internal][INFO] 2023-02-08 00:51:22,110: topic[/clock] removing connection to http://michaeljiang-clouddesktop-deployment-798ccff866-hvfzw:45499/
[rospy.impl.masterslave][INFO] 2023-02-08 00:51:22,110: atexit
[rospy.client][INFO] 2023-02-08 00:51:36,149: init_node, name[/keyboard_driver], pid[22512]
[xmlrpc][INFO] 2023-02-08 00:51:36,152: XML-RPC server binding to 0.0.0.0:0
[xmlrpc][INFO] 2023-02-08 00:51:36,152: Started XML-RPC server [http://michaeljiang-clouddesktop-deployment-798ccff866-hvfzw:44227/]
[rospy.impl.masterslave][INFO] 2023-02-08 00:51:36,153: _ready: http://michaeljiang-clouddesktop-deployment-798ccff866-hvfzw:44227/
[rospy.registration][INFO] 2023-02-08 00:51:36,155: Registering with master node http://localhost:11311
[rospy.registration][INFO] 2023-02-08 00:51:36,157: Registering publisher topic [/keys] type [std_msgs/String] with master
[xmlrpc][INFO] 2023-02-08 00:51:36,158: xml rpc node: starting XML-RPC server
[rospy.init][INFO] 2023-02-08 00:51:36,163: ROS Slave URI: [http://michaeljiang-clouddesktop-deployment-798ccff866-hvfzw:44227/]
[rospy.init][INFO] 2023-02-08 00:51:36,263: registered with master
[rospy.rosout][INFO] 2023-02-08 00:51:36,264: initializing /rosout core topic
[rospy.rosout][INFO] 2023-02-08 00:51:36,266: connected to core topic /rosout
[rospy.simtime][INFO] 2023-02-08 00:51:36,269: initializing /clock core topic
[rospy.simtime][INFO] 2023-02-08 00:51:36,272: connected to core topic /clock
[rospy.internal][INFO] 2023-02-08 00:51:36,324: topic[/clock] adding connection to [http://michaeljiang-clouddesktop-deployment-798ccff866-hvfzw:45499/], count 0
[rospy.internal][INFO] 2023-02-08 00:51:36,514: topic[/rosout] adding connection to [/rosout], count 0
[rospy.internal][INFO] 2023-02-08 00:51:39,184: topic[/keys] adding connection to [/dance], count 0
[rospy.internal][INFO] 2023-02-08 01:16:36,508: topic[/keys] removing connection to /dance
[rospy.internal][INFO] 2023-02-08 01:16:57,040: topic[/keys] adding connection to [/dance], count 0
[rospy.internal][INFO] 2023-02-08 01:29:42,191: topic[/keys] removing connection to /dance
[rospy.core][INFO] 2023-02-08 03:28:14,047: signal_shutdown [atexit]
[rospy.internal][INFO] 2023-02-08 03:28:14,051: topic[/rosout] removing connection to /rosout
[rospy.internal][INFO] 2023-02-08 03:28:14,051: topic[/clock] removing connection to http://michaeljiang-clouddesktop-deployment-798ccff866-hvfzw:45499/
[rospy.impl.masterslave][INFO] 2023-02-08 03:28:14,051: atexit
[rospy.client][INFO] 2023-02-08 03:29:44,176: init_node, name[/keyboard_driver], pid[29987]
[xmlrpc][INFO] 2023-02-08 03:29:44,177: XML-RPC server binding to 0.0.0.0:0
[xmlrpc][INFO] 2023-02-08 03:29:44,178: Started XML-RPC server [http://michaeljiang-clouddesktop-deployment-798ccff866-hvfzw:35187/]
[rospy.init][INFO] 2023-02-08 03:29:44,178: ROS Slave URI: [http://michaeljiang-clouddesktop-deployment-798ccff866-hvfzw:35187/]
[rospy.impl.masterslave][INFO] 2023-02-08 03:29:44,178: _ready: http://michaeljiang-clouddesktop-deployment-798ccff866-hvfzw:35187/
[rospy.registration][INFO] 2023-02-08 03:29:44,179: Registering with master node http://localhost:11311
[rospy.registration][INFO] 2023-02-08 03:29:44,179: Registering publisher topic [/keys] type [std_msgs/String] with master
[xmlrpc][INFO] 2023-02-08 03:29:44,181: xml rpc node: starting XML-RPC server
[rospy.init][INFO] 2023-02-08 03:29:44,278: registered with master
[rospy.rosout][INFO] 2023-02-08 03:29:44,279: initializing /rosout core topic
[rospy.rosout][INFO] 2023-02-08 03:29:44,284: connected to core topic /rosout
[rospy.simtime][INFO] 2023-02-08 03:29:44,287: initializing /clock core topic
[rospy.simtime][INFO] 2023-02-08 03:29:44,293: connected to core topic /clock
[rospy.internal][INFO] 2023-02-08 03:29:44,322: topic[/clock] adding connection to [http://michaeljiang-clouddesktop-deployment-798ccff866-hvfzw:45499/], count 0
[rospy.internal][INFO] 2023-02-08 03:29:44,571: topic[/rosout] adding connection to [/rosout], count 0
[rospy.internal][INFO] 2023-02-08 03:29:50,623: topic[/keys] adding connection to [/dance], count 0
[rospy.internal][INFO] 2023-02-08 03:29:50,803: topic[/keys] removing connection to /dance
[rospy.internal][INFO] 2023-02-08 03:32:14,288: topic[/keys] adding connection to [/dance], count 0
[rospy.internal][INFO] 2023-02-13 22:04:21,819: topic[/keys] removing connection to /dance
[rospy.core][INFO] 2023-02-13 22:04:25,171: signal_shutdown [signal-2]
[rospy.internal][INFO] 2023-02-13 22:04:25,180: topic[/rosout] removing connection to /rosout
[rospy.internal][INFO] 2023-02-13 22:04:25,181: topic[/clock] removing connection to http://michaeljiang-clouddesktop-deployment-798ccff866-hvfzw:45499/
[rospy.impl.masterslave][INFO] 2023-02-13 22:04:25,181: signal-2
[rospy.core][INFO] 2023-02-13 22:04:25,783: signal_shutdown [atexit]
