[rospy.client][INFO] 2023-02-14 21:57:18,271: init_node, name[/rostopic_19317_1676411838235], pid[19317]
[xmlrpc][INFO] 2023-02-14 21:57:18,275: XML-RPC server binding to 0.0.0.0:0
[xmlrpc][INFO] 2023-02-14 21:57:18,275: Started XML-RPC server [http://michaeljiang-clouddesktop-deployment-798ccff866-hvfzw:36863/]
[rospy.impl.masterslave][INFO] 2023-02-14 21:57:18,275: _ready: http://michaeljiang-clouddesktop-deployment-798ccff866-hvfzw:36863/
[rospy.init][INFO] 2023-02-14 21:57:18,276: ROS Slave URI: [http://michaeljiang-clouddesktop-deployment-798ccff866-hvfzw:36863/]
[rospy.registration][INFO] 2023-02-14 21:57:18,276: Registering with master node http://localhost:11311
[xmlrpc][INFO] 2023-02-14 21:57:18,276: xml rpc node: starting XML-RPC server
[rospy.init][INFO] 2023-02-14 21:57:18,379: registered with master
[rospy.rosout][INFO] 2023-02-14 21:57:18,379: initializing /rosout core topic
[rospy.rosout][INFO] 2023-02-14 21:57:18,382: connected to core topic /rosout
[rospy.simtime][INFO] 2023-02-14 21:57:18,388: initializing /clock core topic
[rospy.simtime][INFO] 2023-02-14 21:57:18,393: connected to core topic /clock
[rospy.internal][INFO] 2023-02-14 21:57:18,423: topic[/clock] adding connection to [http://michaeljiang-clouddesktop-deployment-798ccff866-hvfzw:45499/], count 0
[rospy.internal][INFO] 2023-02-14 21:57:18,456: topic[/scan] adding connection to [http://michaeljiang-clouddesktop-deployment-798ccff866-hvfzw:45499/], count 0
[rospy.internal][INFO] 2023-02-14 21:57:18,585: topic[/rosout] adding connection to [/rosout], count 0
[rospy.core][INFO] 2023-02-14 21:57:25,160: signal_shutdown [signal-2]
[rospy.internal][INFO] 2023-02-14 21:57:25,165: topic[/rosout] removing connection to /rosout
[rospy.internal][INFO] 2023-02-14 21:57:25,165: topic[/clock] removing connection to http://michaeljiang-clouddesktop-deployment-798ccff866-hvfzw:45499/
[rospy.internal][INFO] 2023-02-14 21:57:25,165: topic[/scan] removing connection to http://michaeljiang-clouddesktop-deployment-798ccff866-hvfzw:45499/
[rospy.impl.masterslave][INFO] 2023-02-14 21:57:25,166: signal-2
[rospy.core][INFO] 2023-02-14 21:57:25,766: signal_shutdown [atexit]
