[rosmaster.main][INFO] 2023-02-14 23:25:47,842: initialization complete, waiting for shutdown
[rosmaster.main][INFO] 2023-02-14 23:25:47,842: Starting ROS Master Node
[xmlrpc][INFO] 2023-02-14 23:25:47,854: XML-RPC server binding to 0.0.0.0:11311
[xmlrpc][INFO] 2023-02-14 23:25:47,855: Started XML-RPC server [http://michaeljiang-clouddesktop-deployment-798ccff866-hvfzw:11311/]
[xmlrpc][INFO] 2023-02-14 23:25:47,855: xml rpc node: starting XML-RPC server
[rosmaster.master][INFO] 2023-02-14 23:25:47,855: Master initialized: port[11311], uri[http://michaeljiang-clouddesktop-deployment-798ccff866-hvfzw:11311/]
[rosmaster.master][INFO] 2023-02-14 23:25:47,927: +PARAM [/run_id] by /roslaunch
[rosmaster.master][INFO] 2023-02-14 23:25:47,928: +PARAM [/roslaunch/uris/host_michaeljiang_clouddesktop_deployment_798ccff866_hvfzw__38729] by /roslaunch
[rosmaster.master][INFO] 2023-02-14 23:25:47,991: +PARAM [/rosversion] by /roslaunch
[rosmaster.master][INFO] 2023-02-14 23:25:47,991: +PARAM [/rosdistro] by /roslaunch
[rosmaster.master][INFO] 2023-02-14 23:25:47,991: +PARAM [/use_sim_time] by /roslaunch
[rosmaster.master][INFO] 2023-02-14 23:25:47,991: +PARAM [/gazebo/enable_ros_network] by /roslaunch
[rosmaster.master][INFO] 2023-02-14 23:25:47,991: +PARAM [/robot_description] by /roslaunch
[rosmaster.master][INFO] 2023-02-14 23:25:48,001: +SERVICE [/rosout/get_loggers] /rosout http://michaeljiang-clouddesktop-deployment-798ccff866-hvfzw:40609/
[rosmaster.master][INFO] 2023-02-14 23:25:48,002: +SERVICE [/rosout/set_logger_level] /rosout http://michaeljiang-clouddesktop-deployment-798ccff866-hvfzw:40609/
[rosmaster.master][INFO] 2023-02-14 23:25:48,004: +PUB [/rosout_agg] /rosout http://michaeljiang-clouddesktop-deployment-798ccff866-hvfzw:40609/
[rosmaster.master][INFO] 2023-02-14 23:25:48,027: +SUB [/rosout] /rosout http://michaeljiang-clouddesktop-deployment-798ccff866-hvfzw:40609/
[rosmaster.master][INFO] 2023-02-14 23:25:48,422: +PUB [/rosout] /spawn_urdf http://michaeljiang-clouddesktop-deployment-798ccff866-hvfzw:38389/
[rosmaster.master][INFO] 2023-02-14 23:25:48,426: +SUB [/clock] /spawn_urdf http://michaeljiang-clouddesktop-deployment-798ccff866-hvfzw:38389/
[rosmaster.master][INFO] 2023-02-14 23:25:48,430: +SERVICE [/spawn_urdf/get_loggers] /spawn_urdf http://michaeljiang-clouddesktop-deployment-798ccff866-hvfzw:38389/
[rosmaster.master][INFO] 2023-02-14 23:25:48,436: +SERVICE [/spawn_urdf/set_logger_level] /spawn_urdf http://michaeljiang-clouddesktop-deployment-798ccff866-hvfzw:38389/
[rosmaster.master][INFO] 2023-02-14 23:25:48,441: +CACHEDPARAM [/rosout_disable_topics_generation] by /spawn_urdf
[rosmaster.master][INFO] 2023-02-14 23:25:48,444: publisherUpdate[/rosout] -> http://michaeljiang-clouddesktop-deployment-798ccff866-hvfzw:40609/ ['http://michaeljiang-clouddesktop-deployment-798ccff866-hvfzw:38389/']
[rosmaster.master][INFO] 2023-02-14 23:25:48,451: +CACHEDPARAM [/rosout_disable_topics_generation] by /spawn_urdf
[rosmaster.master][INFO] 2023-02-14 23:25:48,479: publisherUpdate[/rosout] -> http://michaeljiang-clouddesktop-deployment-798ccff866-hvfzw:40609/ ['http://michaeljiang-clouddesktop-deployment-798ccff866-hvfzw:38389/']: sec=0.04, result=[1, '', 0]
[rosmaster.master][INFO] 2023-02-14 23:25:48,683: +CACHEDPARAM [/rosout/omit_topics] by /rosout
[rosmaster.master][INFO] 2023-02-14 23:25:48,708: +PUB [/rosout] /gazebo http://michaeljiang-clouddesktop-deployment-798ccff866-hvfzw:42907/
[rosmaster.master][INFO] 2023-02-14 23:25:48,709: +SERVICE [/gazebo/get_loggers] /gazebo http://michaeljiang-clouddesktop-deployment-798ccff866-hvfzw:42907/
[rosmaster.master][INFO] 2023-02-14 23:25:48,709: +SERVICE [/gazebo/set_logger_level] /gazebo http://michaeljiang-clouddesktop-deployment-798ccff866-hvfzw:42907/
[rosmaster.master][INFO] 2023-02-14 23:25:48,740: +CACHEDPARAM [/rosout_disable_topics_generation] by /gazebo
[rosmaster.master][INFO] 2023-02-14 23:25:48,759: publisherUpdate[/rosout] -> http://michaeljiang-clouddesktop-deployment-798ccff866-hvfzw:40609/ ['http://michaeljiang-clouddesktop-deployment-798ccff866-hvfzw:38389/', 'http://michaeljiang-clouddesktop-deployment-798ccff866-hvfzw:42907/']
[rosmaster.master][INFO] 2023-02-14 23:25:48,800: +PUB [/rosout] /gazebo_gui http://michaeljiang-clouddesktop-deployment-798ccff866-hvfzw:44953/
[rosmaster.master][INFO] 2023-02-14 23:25:48,802: +SERVICE [/gazebo_gui/get_loggers] /gazebo_gui http://michaeljiang-clouddesktop-deployment-798ccff866-hvfzw:44953/
[rosmaster.master][INFO] 2023-02-14 23:25:48,812: +SERVICE [/gazebo_gui/set_logger_level] /gazebo_gui http://michaeljiang-clouddesktop-deployment-798ccff866-hvfzw:44953/
[rosmaster.master][INFO] 2023-02-14 23:25:48,822: publisherUpdate[/rosout] -> http://michaeljiang-clouddesktop-deployment-798ccff866-hvfzw:40609/ ['http://michaeljiang-clouddesktop-deployment-798ccff866-hvfzw:38389/', 'http://michaeljiang-clouddesktop-deployment-798ccff866-hvfzw:42907/']: sec=0.06, result=[1, '', 0]
[rosmaster.master][INFO] 2023-02-14 23:25:48,822: publisherUpdate[/rosout] -> http://michaeljiang-clouddesktop-deployment-798ccff866-hvfzw:40609/ ['http://michaeljiang-clouddesktop-deployment-798ccff866-hvfzw:38389/', 'http://michaeljiang-clouddesktop-deployment-798ccff866-hvfzw:42907/', 'http://michaeljiang-clouddesktop-deployment-798ccff866-hvfzw:44953/']
[rosmaster.master][INFO] 2023-02-14 23:25:48,823: publisherUpdate[/rosout] -> http://michaeljiang-clouddesktop-deployment-798ccff866-hvfzw:40609/ ['http://michaeljiang-clouddesktop-deployment-798ccff866-hvfzw:38389/', 'http://michaeljiang-clouddesktop-deployment-798ccff866-hvfzw:42907/', 'http://michaeljiang-clouddesktop-deployment-798ccff866-hvfzw:44953/']: sec=0.00, result=[1, '', 0]
[rosmaster.master][INFO] 2023-02-14 23:25:48,828: +CACHEDPARAM [/rosout_disable_topics_generation] by /gazebo_gui
[rosmaster.master][INFO] 2023-02-14 23:25:50,074: +PUB [/clock] /gazebo http://michaeljiang-clouddesktop-deployment-798ccff866-hvfzw:42907/
[rosmaster.master][INFO] 2023-02-14 23:25:50,075: +SERVICE [/gazebo/spawn_sdf_model] /gazebo http://michaeljiang-clouddesktop-deployment-798ccff866-hvfzw:42907/
[rosmaster.master][INFO] 2023-02-14 23:25:50,076: +SERVICE [/gazebo/spawn_urdf_model] /gazebo http://michaeljiang-clouddesktop-deployment-798ccff866-hvfzw:42907/
[rosmaster.master][INFO] 2023-02-14 23:25:50,080: +SERVICE [/gazebo/delete_model] /gazebo http://michaeljiang-clouddesktop-deployment-798ccff866-hvfzw:42907/
[rosmaster.master][INFO] 2023-02-14 23:25:50,083: publisherUpdate[/clock] -> http://michaeljiang-clouddesktop-deployment-798ccff866-hvfzw:38389/ ['http://michaeljiang-clouddesktop-deployment-798ccff866-hvfzw:42907/']
[rosmaster.master][INFO] 2023-02-14 23:25:50,085: +SERVICE [/gazebo/delete_light] /gazebo http://michaeljiang-clouddesktop-deployment-798ccff866-hvfzw:42907/
[rosmaster.master][INFO] 2023-02-14 23:25:50,086: publisherUpdate[/clock] -> http://michaeljiang-clouddesktop-deployment-798ccff866-hvfzw:38389/ ['http://michaeljiang-clouddesktop-deployment-798ccff866-hvfzw:42907/']: sec=0.00, result=[1, '', 0]
[rosmaster.master][INFO] 2023-02-14 23:25:50,094: +SERVICE [/gazebo/get_model_properties] /gazebo http://michaeljiang-clouddesktop-deployment-798ccff866-hvfzw:42907/
[rosmaster.master][INFO] 2023-02-14 23:25:50,097: +SERVICE [/gazebo/get_model_state] /gazebo http://michaeljiang-clouddesktop-deployment-798ccff866-hvfzw:42907/
[rosmaster.master][INFO] 2023-02-14 23:25:50,099: +SERVICE [/gazebo/get_world_properties] /gazebo http://michaeljiang-clouddesktop-deployment-798ccff866-hvfzw:42907/
[rosmaster.master][INFO] 2023-02-14 23:25:50,102: +SERVICE [/gazebo/get_joint_properties] /gazebo http://michaeljiang-clouddesktop-deployment-798ccff866-hvfzw:42907/
[rosmaster.master][INFO] 2023-02-14 23:25:50,103: +SERVICE [/gazebo/get_link_properties] /gazebo http://michaeljiang-clouddesktop-deployment-798ccff866-hvfzw:42907/
[rosmaster.master][INFO] 2023-02-14 23:25:50,104: +SERVICE [/gazebo/get_link_state] /gazebo http://michaeljiang-clouddesktop-deployment-798ccff866-hvfzw:42907/
[rosmaster.master][INFO] 2023-02-14 23:25:50,104: +SERVICE [/gazebo/get_light_properties] /gazebo http://michaeljiang-clouddesktop-deployment-798ccff866-hvfzw:42907/
[rosmaster.master][INFO] 2023-02-14 23:25:50,105: +SERVICE [/gazebo/set_light_properties] /gazebo http://michaeljiang-clouddesktop-deployment-798ccff866-hvfzw:42907/
[rosmaster.master][INFO] 2023-02-14 23:25:50,105: +SERVICE [/gazebo/get_physics_properties] /gazebo http://michaeljiang-clouddesktop-deployment-798ccff866-hvfzw:42907/
[rosmaster.master][INFO] 2023-02-14 23:25:50,106: +PUB [/gazebo/link_states] /gazebo http://michaeljiang-clouddesktop-deployment-798ccff866-hvfzw:42907/
[rosmaster.master][INFO] 2023-02-14 23:25:50,106: +PUB [/gazebo/model_states] /gazebo http://michaeljiang-clouddesktop-deployment-798ccff866-hvfzw:42907/
[rosmaster.master][INFO] 2023-02-14 23:25:50,106: +PUB [/gazebo/performance_metrics] /gazebo http://michaeljiang-clouddesktop-deployment-798ccff866-hvfzw:42907/
[rosmaster.master][INFO] 2023-02-14 23:25:50,107: +SERVICE [/gazebo/set_link_properties] /gazebo http://michaeljiang-clouddesktop-deployment-798ccff866-hvfzw:42907/
[rosmaster.master][INFO] 2023-02-14 23:25:50,107: +SERVICE [/gazebo/set_physics_properties] /gazebo http://michaeljiang-clouddesktop-deployment-798ccff866-hvfzw:42907/
[rosmaster.master][INFO] 2023-02-14 23:25:50,108: +SERVICE [/gazebo/set_model_state] /gazebo http://michaeljiang-clouddesktop-deployment-798ccff866-hvfzw:42907/
[rosmaster.master][INFO] 2023-02-14 23:25:50,108: +SERVICE [/gazebo/set_model_configuration] /gazebo http://michaeljiang-clouddesktop-deployment-798ccff866-hvfzw:42907/
[rosmaster.master][INFO] 2023-02-14 23:25:50,109: +SERVICE [/gazebo/set_joint_properties] /gazebo http://michaeljiang-clouddesktop-deployment-798ccff866-hvfzw:42907/
[rosmaster.master][INFO] 2023-02-14 23:25:50,109: +SERVICE [/gazebo/set_link_state] /gazebo http://michaeljiang-clouddesktop-deployment-798ccff866-hvfzw:42907/
[rosmaster.master][INFO] 2023-02-14 23:25:50,123: +SUB [/gazebo/set_link_state] /gazebo http://michaeljiang-clouddesktop-deployment-798ccff866-hvfzw:42907/
[rosmaster.master][INFO] 2023-02-14 23:25:50,126: +SERVICE [/gazebo/set_parameters] /gazebo http://michaeljiang-clouddesktop-deployment-798ccff866-hvfzw:42907/
[rosmaster.master][INFO] 2023-02-14 23:25:50,127: +SUB [/gazebo/set_model_state] /gazebo http://michaeljiang-clouddesktop-deployment-798ccff866-hvfzw:42907/
[rosmaster.master][INFO] 2023-02-14 23:25:50,128: +PUB [/gazebo/parameter_descriptions] /gazebo http://michaeljiang-clouddesktop-deployment-798ccff866-hvfzw:42907/
[rosmaster.master][INFO] 2023-02-14 23:25:50,129: +SERVICE [/gazebo/pause_physics] /gazebo http://michaeljiang-clouddesktop-deployment-798ccff866-hvfzw:42907/
[rosmaster.master][INFO] 2023-02-14 23:25:50,130: +PUB [/gazebo/parameter_updates] /gazebo http://michaeljiang-clouddesktop-deployment-798ccff866-hvfzw:42907/
[rosmaster.master][INFO] 2023-02-14 23:25:50,131: +SERVICE [/gazebo/unpause_physics] /gazebo http://michaeljiang-clouddesktop-deployment-798ccff866-hvfzw:42907/
[rosmaster.master][INFO] 2023-02-14 23:25:50,132: +SERVICE [/gazebo/apply_body_wrench] /gazebo http://michaeljiang-clouddesktop-deployment-798ccff866-hvfzw:42907/
[rosmaster.master][INFO] 2023-02-14 23:25:50,133: +SERVICE [/gazebo/apply_joint_effort] /gazebo http://michaeljiang-clouddesktop-deployment-798ccff866-hvfzw:42907/
[rosmaster.master][INFO] 2023-02-14 23:25:50,139: +SERVICE [/gazebo/clear_joint_forces] /gazebo http://michaeljiang-clouddesktop-deployment-798ccff866-hvfzw:42907/
[rosmaster.master][INFO] 2023-02-14 23:25:50,141: +SERVICE [/gazebo/clear_body_wrenches] /gazebo http://michaeljiang-clouddesktop-deployment-798ccff866-hvfzw:42907/
[rosmaster.master][INFO] 2023-02-14 23:25:50,142: +SERVICE [/gazebo/reset_simulation] /gazebo http://michaeljiang-clouddesktop-deployment-798ccff866-hvfzw:42907/
[rosmaster.master][INFO] 2023-02-14 23:25:50,147: +SERVICE [/gazebo/reset_world] /gazebo http://michaeljiang-clouddesktop-deployment-798ccff866-hvfzw:42907/
[rosmaster.master][INFO] 2023-02-14 23:25:50,153: +PARAM [/gazebo/time_step] by /gazebo
[rosmaster.master][INFO] 2023-02-14 23:25:50,154: +PARAM [/gazebo/max_update_rate] by /gazebo
[rosmaster.master][INFO] 2023-02-14 23:25:50,155: +PARAM [/gazebo/gravity_x] by /gazebo
[rosmaster.master][INFO] 2023-02-14 23:25:50,156: +PARAM [/gazebo/gravity_y] by /gazebo
[rosmaster.master][INFO] 2023-02-14 23:25:50,157: +PARAM [/gazebo/gravity_z] by /gazebo
[rosmaster.master][INFO] 2023-02-14 23:25:50,158: +PARAM [/gazebo/auto_disable_bodies] by /gazebo
[rosmaster.master][INFO] 2023-02-14 23:25:50,158: +PARAM [/gazebo/sor_pgs_precon_iters] by /gazebo
[rosmaster.master][INFO] 2023-02-14 23:25:50,159: +PARAM [/gazebo/sor_pgs_iters] by /gazebo
[rosmaster.master][INFO] 2023-02-14 23:25:50,159: +PARAM [/gazebo/sor_pgs_w] by /gazebo
[rosmaster.master][INFO] 2023-02-14 23:25:50,160: +PARAM [/gazebo/sor_pgs_rms_error_tol] by /gazebo
[rosmaster.master][INFO] 2023-02-14 23:25:50,162: +PARAM [/gazebo/cfm] by /gazebo
[rosmaster.master][INFO] 2023-02-14 23:25:50,164: +PARAM [/gazebo/erp] by /gazebo
[rosmaster.master][INFO] 2023-02-14 23:25:50,165: +PARAM [/gazebo/contact_surface_layer] by /gazebo
[rosmaster.master][INFO] 2023-02-14 23:25:50,167: +PARAM [/gazebo/contact_max_correcting_vel] by /gazebo
[rosmaster.master][INFO] 2023-02-14 23:25:50,168: +PARAM [/gazebo/max_contacts] by /gazebo
[rosmaster.master][INFO] 2023-02-14 23:25:50,172: +PARAM [/gazebo/time_step] by /gazebo
[rosmaster.master][INFO] 2023-02-14 23:25:50,173: +PARAM [/gazebo/max_update_rate] by /gazebo
[rosmaster.master][INFO] 2023-02-14 23:25:50,173: +PARAM [/gazebo/gravity_x] by /gazebo
[rosmaster.master][INFO] 2023-02-14 23:25:50,174: +PARAM [/gazebo/gravity_y] by /gazebo
[rosmaster.master][INFO] 2023-02-14 23:25:50,175: +PARAM [/gazebo/gravity_z] by /gazebo
[rosmaster.master][INFO] 2023-02-14 23:25:50,175: +PARAM [/gazebo/auto_disable_bodies] by /gazebo
[rosmaster.master][INFO] 2023-02-14 23:25:50,176: +PARAM [/gazebo/sor_pgs_precon_iters] by /gazebo
[rosmaster.master][INFO] 2023-02-14 23:25:50,176: +PARAM [/gazebo/sor_pgs_iters] by /gazebo
[rosmaster.master][INFO] 2023-02-14 23:25:50,177: +PARAM [/gazebo/sor_pgs_w] by /gazebo
[rosmaster.master][INFO] 2023-02-14 23:25:50,177: +PARAM [/gazebo/sor_pgs_rms_error_tol] by /gazebo
[rosmaster.master][INFO] 2023-02-14 23:25:50,178: +PARAM [/gazebo/cfm] by /gazebo
[rosmaster.master][INFO] 2023-02-14 23:25:50,178: +PARAM [/gazebo/erp] by /gazebo
[rosmaster.master][INFO] 2023-02-14 23:25:50,179: +PARAM [/gazebo/contact_surface_layer] by /gazebo
[rosmaster.master][INFO] 2023-02-14 23:25:50,180: +PARAM [/gazebo/contact_max_correcting_vel] by /gazebo
[rosmaster.master][INFO] 2023-02-14 23:25:50,181: +PARAM [/gazebo/max_contacts] by /gazebo
[rosmaster.master][INFO] 2023-02-14 23:25:50,297: +CACHEDPARAM [/rosout_disable_topics_generation] by /spawn_urdf
[rosmaster.master][ERROR] 2023-02-14 23:25:50,699: Traceback (most recent call last):
  File "/opt/ros/noetic/lib/python3/dist-packages/rosmaster/master_api.py", line 177, in validated_f
    code, msg, val = f(*newArgs, **kwds)
  File "/opt/ros/noetic/lib/python3/dist-packages/rosmaster/master_api.py", line 435, in searchParam
    search_key = self.param_server.search_param(caller_id, key)
  File "/opt/ros/noetic/lib/python3/dist-packages/rosmaster/paramserver.py", line 116, in search_param
    raise ValueError("namespace must be global")
ValueError: namespace must be global

[rosmaster.master][INFO] 2023-02-14 23:25:50,700: +PUB [/scan] /gazebo http://michaeljiang-clouddesktop-deployment-798ccff866-hvfzw:42907/
[rosmaster.master][INFO] 2023-02-14 23:25:50,783: +CACHEDPARAM [/rosout_disable_topics_generation] by /spawn_urdf
[rosmaster.master][INFO] 2023-02-14 23:25:50,784: -SUB [/clock] /spawn_urdf http://michaeljiang-clouddesktop-deployment-798ccff866-hvfzw:38389/
[rosmaster.master][INFO] 2023-02-14 23:25:50,784: -PUB [/rosout] /spawn_urdf http://michaeljiang-clouddesktop-deployment-798ccff866-hvfzw:38389/
[rosmaster.master][INFO] 2023-02-14 23:25:50,784: -SERVICE [/spawn_urdf/get_loggers] /spawn_urdf rosrpc://michaeljiang-clouddesktop-deployment-798ccff866-hvfzw:33179
[rosmaster.master][INFO] 2023-02-14 23:25:50,784: -SERVICE [/spawn_urdf/set_logger_level] /spawn_urdf rosrpc://michaeljiang-clouddesktop-deployment-798ccff866-hvfzw:33179
[rosmaster.master][INFO] 2023-02-14 23:25:50,791: publisherUpdate[/rosout] -> http://michaeljiang-clouddesktop-deployment-798ccff866-hvfzw:40609/ ['http://michaeljiang-clouddesktop-deployment-798ccff866-hvfzw:42907/', 'http://michaeljiang-clouddesktop-deployment-798ccff866-hvfzw:44953/']
[rosmaster.master][INFO] 2023-02-14 23:25:50,792: publisherUpdate[/rosout] -> http://michaeljiang-clouddesktop-deployment-798ccff866-hvfzw:40609/ ['http://michaeljiang-clouddesktop-deployment-798ccff866-hvfzw:42907/', 'http://michaeljiang-clouddesktop-deployment-798ccff866-hvfzw:44953/']: sec=0.00, result=[1, '', 0]
[rosmaster.master][ERROR] 2023-02-14 23:25:50,794: Traceback (most recent call last):
  File "/opt/ros/noetic/lib/python3/dist-packages/rosmaster/master_api.py", line 177, in validated_f
    code, msg, val = f(*newArgs, **kwds)
  File "/opt/ros/noetic/lib/python3/dist-packages/rosmaster/master_api.py", line 435, in searchParam
    search_key = self.param_server.search_param(caller_id, key)
  File "/opt/ros/noetic/lib/python3/dist-packages/rosmaster/paramserver.py", line 116, in search_param
    raise ValueError("namespace must be global")
ValueError: namespace must be global

[rosmaster.master][INFO] 2023-02-14 23:25:50,797: +PUB [/joint_states] /gazebo http://michaeljiang-clouddesktop-deployment-798ccff866-hvfzw:42907/
[rosmaster.master][INFO] 2023-02-14 23:25:50,814: +PUB [/tf] /gazebo http://michaeljiang-clouddesktop-deployment-798ccff866-hvfzw:42907/
[rosmaster.master][INFO] 2023-02-14 23:25:50,827: +SUB [/cmd_vel] /gazebo http://michaeljiang-clouddesktop-deployment-798ccff866-hvfzw:42907/
[rosmaster.master][INFO] 2023-02-14 23:25:50,832: +PUB [/odom] /gazebo http://michaeljiang-clouddesktop-deployment-798ccff866-hvfzw:42907/
[rosmaster.master][INFO] 2023-02-14 23:25:50,846: +PUB [/imu] /gazebo http://michaeljiang-clouddesktop-deployment-798ccff866-hvfzw:42907/
[rosmaster.master][INFO] 2023-02-14 23:25:50,847: +SERVICE [/imu_service] /gazebo http://michaeljiang-clouddesktop-deployment-798ccff866-hvfzw:42907/
[rosmaster.master][INFO] 2023-02-14 23:27:07,162: -SUB [/gazebo/set_link_state] /gazebo http://michaeljiang-clouddesktop-deployment-798ccff866-hvfzw:42907/
[rosmaster.master][INFO] 2023-02-14 23:27:07,163: -SUB [/gazebo/set_model_state] /gazebo http://michaeljiang-clouddesktop-deployment-798ccff866-hvfzw:42907/
[rosmaster.master][INFO] 2023-02-14 23:27:07,164: -PUB [/clock] /gazebo http://michaeljiang-clouddesktop-deployment-798ccff866-hvfzw:42907/
[rosmaster.master][INFO] 2023-02-14 23:27:07,164: -PUB [/gazebo/link_states] /gazebo http://michaeljiang-clouddesktop-deployment-798ccff866-hvfzw:42907/
[rosmaster.master][INFO] 2023-02-14 23:27:07,165: -PUB [/gazebo/model_states] /gazebo http://michaeljiang-clouddesktop-deployment-798ccff866-hvfzw:42907/
[rosmaster.master][INFO] 2023-02-14 23:27:07,166: -PUB [/gazebo/performance_metrics] /gazebo http://michaeljiang-clouddesktop-deployment-798ccff866-hvfzw:42907/
[rosmaster.master][INFO] 2023-02-14 23:27:07,167: -SERVICE [/gazebo/spawn_sdf_model] /gazebo rosrpc://michaeljiang-clouddesktop-deployment-798ccff866-hvfzw:33885
[rosmaster.master][INFO] 2023-02-14 23:27:07,168: -SERVICE [/gazebo/spawn_urdf_model] /gazebo rosrpc://michaeljiang-clouddesktop-deployment-798ccff866-hvfzw:33885
[rosmaster.master][INFO] 2023-02-14 23:27:07,169: -SERVICE [/gazebo/delete_model] /gazebo rosrpc://michaeljiang-clouddesktop-deployment-798ccff866-hvfzw:33885
[rosmaster.master][INFO] 2023-02-14 23:27:07,171: -SERVICE [/gazebo/delete_light] /gazebo rosrpc://michaeljiang-clouddesktop-deployment-798ccff866-hvfzw:33885
[rosmaster.master][INFO] 2023-02-14 23:27:07,176: -SERVICE [/gazebo/get_model_properties] /gazebo rosrpc://michaeljiang-clouddesktop-deployment-798ccff866-hvfzw:33885
[rosmaster.master][INFO] 2023-02-14 23:27:07,178: -SERVICE [/gazebo/get_model_state] /gazebo rosrpc://michaeljiang-clouddesktop-deployment-798ccff866-hvfzw:33885
[rosmaster.master][INFO] 2023-02-14 23:27:07,178: -SERVICE [/gazebo/get_world_properties] /gazebo rosrpc://michaeljiang-clouddesktop-deployment-798ccff866-hvfzw:33885
[rosmaster.master][INFO] 2023-02-14 23:27:07,179: -SERVICE [/gazebo/get_joint_properties] /gazebo rosrpc://michaeljiang-clouddesktop-deployment-798ccff866-hvfzw:33885
[rosmaster.master][INFO] 2023-02-14 23:27:07,180: -SERVICE [/gazebo/get_link_properties] /gazebo rosrpc://michaeljiang-clouddesktop-deployment-798ccff866-hvfzw:33885
[rosmaster.master][INFO] 2023-02-14 23:27:07,181: -SERVICE [/gazebo/get_link_state] /gazebo rosrpc://michaeljiang-clouddesktop-deployment-798ccff866-hvfzw:33885
[rosmaster.master][INFO] 2023-02-14 23:27:07,181: -SERVICE [/gazebo/get_light_properties] /gazebo rosrpc://michaeljiang-clouddesktop-deployment-798ccff866-hvfzw:33885
[rosmaster.master][INFO] 2023-02-14 23:27:07,182: -SERVICE [/gazebo/set_light_properties] /gazebo rosrpc://michaeljiang-clouddesktop-deployment-798ccff866-hvfzw:33885
[rosmaster.master][INFO] 2023-02-14 23:27:07,183: -SERVICE [/gazebo/get_physics_properties] /gazebo rosrpc://michaeljiang-clouddesktop-deployment-798ccff866-hvfzw:33885
[rosmaster.master][INFO] 2023-02-14 23:27:07,183: -SERVICE [/gazebo/set_link_properties] /gazebo rosrpc://michaeljiang-clouddesktop-deployment-798ccff866-hvfzw:33885
[rosmaster.master][INFO] 2023-02-14 23:27:07,184: -SERVICE [/gazebo/set_physics_properties] /gazebo rosrpc://michaeljiang-clouddesktop-deployment-798ccff866-hvfzw:33885
[rosmaster.master][INFO] 2023-02-14 23:27:07,185: -SERVICE [/gazebo/set_model_state] /gazebo rosrpc://michaeljiang-clouddesktop-deployment-798ccff866-hvfzw:33885
[rosmaster.master][INFO] 2023-02-14 23:27:07,185: -SERVICE [/gazebo/set_model_configuration] /gazebo rosrpc://michaeljiang-clouddesktop-deployment-798ccff866-hvfzw:33885
[rosmaster.master][INFO] 2023-02-14 23:27:07,186: -SERVICE [/gazebo/set_joint_properties] /gazebo rosrpc://michaeljiang-clouddesktop-deployment-798ccff866-hvfzw:33885
[rosmaster.master][INFO] 2023-02-14 23:27:07,187: -SERVICE [/gazebo/set_link_state] /gazebo rosrpc://michaeljiang-clouddesktop-deployment-798ccff866-hvfzw:33885
[rosmaster.master][INFO] 2023-02-14 23:27:07,192: -SERVICE [/gazebo/pause_physics] /gazebo rosrpc://michaeljiang-clouddesktop-deployment-798ccff866-hvfzw:33885
[rosmaster.master][INFO] 2023-02-14 23:27:07,193: -SERVICE [/gazebo/unpause_physics] /gazebo rosrpc://michaeljiang-clouddesktop-deployment-798ccff866-hvfzw:33885
[rosmaster.master][INFO] 2023-02-14 23:27:07,193: -SERVICE [/gazebo/apply_body_wrench] /gazebo rosrpc://michaeljiang-clouddesktop-deployment-798ccff866-hvfzw:33885
[rosmaster.master][INFO] 2023-02-14 23:27:07,197: -SERVICE [/gazebo/apply_joint_effort] /gazebo rosrpc://michaeljiang-clouddesktop-deployment-798ccff866-hvfzw:33885
[rosmaster.master][INFO] 2023-02-14 23:27:07,198: -SERVICE [/gazebo/clear_joint_forces] /gazebo rosrpc://michaeljiang-clouddesktop-deployment-798ccff866-hvfzw:33885
[rosmaster.master][INFO] 2023-02-14 23:27:07,200: -SERVICE [/gazebo/clear_body_wrenches] /gazebo rosrpc://michaeljiang-clouddesktop-deployment-798ccff866-hvfzw:33885
[rosmaster.master][INFO] 2023-02-14 23:27:07,203: -SERVICE [/gazebo/reset_simulation] /gazebo rosrpc://michaeljiang-clouddesktop-deployment-798ccff866-hvfzw:33885
[rosmaster.master][INFO] 2023-02-14 23:27:07,203: -SERVICE [/gazebo/reset_world] /gazebo rosrpc://michaeljiang-clouddesktop-deployment-798ccff866-hvfzw:33885
[rosmaster.master][INFO] 2023-02-14 23:27:07,205: -PUB [/gazebo/parameter_descriptions] /gazebo http://michaeljiang-clouddesktop-deployment-798ccff866-hvfzw:42907/
[rosmaster.master][INFO] 2023-02-14 23:27:07,206: -PUB [/gazebo/parameter_updates] /gazebo http://michaeljiang-clouddesktop-deployment-798ccff866-hvfzw:42907/
[rosmaster.master][INFO] 2023-02-14 23:27:07,206: -SERVICE [/gazebo/set_parameters] /gazebo rosrpc://michaeljiang-clouddesktop-deployment-798ccff866-hvfzw:33885
[rosmaster.master][INFO] 2023-02-14 23:27:07,210: -SUB [/cmd_vel] /gazebo http://michaeljiang-clouddesktop-deployment-798ccff866-hvfzw:42907/
[rosmaster.master][INFO] 2023-02-14 23:27:07,216: -PUB [/joint_states] /gazebo http://michaeljiang-clouddesktop-deployment-798ccff866-hvfzw:42907/
[rosmaster.master][INFO] 2023-02-14 23:27:07,216: -PUB [/odom] /gazebo http://michaeljiang-clouddesktop-deployment-798ccff866-hvfzw:42907/
[rosmaster.master][INFO] 2023-02-14 23:27:07,217: -PUB [/tf] /gazebo http://michaeljiang-clouddesktop-deployment-798ccff866-hvfzw:42907/
[rosmaster.master][INFO] 2023-02-14 23:27:07,218: -PUB [/imu] /gazebo http://michaeljiang-clouddesktop-deployment-798ccff866-hvfzw:42907/
[rosmaster.master][INFO] 2023-02-14 23:27:07,219: -SERVICE [/imu_service] /gazebo rosrpc://michaeljiang-clouddesktop-deployment-798ccff866-hvfzw:33885
[rosmaster.master][INFO] 2023-02-14 23:27:07,225: -PUB [/scan] /gazebo http://michaeljiang-clouddesktop-deployment-798ccff866-hvfzw:42907/
[rosmaster.master][INFO] 2023-02-14 23:27:07,308: -PUB [/rosout] /gazebo http://michaeljiang-clouddesktop-deployment-798ccff866-hvfzw:42907/
[rosmaster.master][INFO] 2023-02-14 23:27:07,309: -SERVICE [/gazebo/get_loggers] /gazebo rosrpc://michaeljiang-clouddesktop-deployment-798ccff866-hvfzw:33885
[rosmaster.master][INFO] 2023-02-14 23:27:07,311: -SERVICE [/gazebo/set_logger_level] /gazebo rosrpc://michaeljiang-clouddesktop-deployment-798ccff866-hvfzw:33885
[rosmaster.master][INFO] 2023-02-14 23:27:07,312: -CACHEDPARAM [/rosout_disable_topics_generation] by /gazebo
[rosmaster.master][INFO] 2023-02-14 23:27:07,329: publisherUpdate[/rosout] -> http://michaeljiang-clouddesktop-deployment-798ccff866-hvfzw:40609/ ['http://michaeljiang-clouddesktop-deployment-798ccff866-hvfzw:44953/']
[rosmaster.master][INFO] 2023-02-14 23:27:07,329: publisherUpdate[/rosout] -> http://michaeljiang-clouddesktop-deployment-798ccff866-hvfzw:40609/ ['http://michaeljiang-clouddesktop-deployment-798ccff866-hvfzw:44953/']: sec=0.00, result=[1, '', 0]
[rosmaster.master][INFO] 2023-02-14 23:27:07,632: -PUB [/rosout_agg] /rosout http://michaeljiang-clouddesktop-deployment-798ccff866-hvfzw:40609/
[rosmaster.master][INFO] 2023-02-14 23:27:07,633: -SUB [/rosout] /rosout http://michaeljiang-clouddesktop-deployment-798ccff866-hvfzw:40609/
[rosmaster.master][INFO] 2023-02-14 23:27:07,634: -SERVICE [/rosout/get_loggers] /rosout rosrpc://michaeljiang-clouddesktop-deployment-798ccff866-hvfzw:52529
[rosmaster.master][INFO] 2023-02-14 23:27:07,635: -SERVICE [/rosout/set_logger_level] /rosout rosrpc://michaeljiang-clouddesktop-deployment-798ccff866-hvfzw:52529
[rosmaster.master][INFO] 2023-02-14 23:27:07,635: -CACHEDPARAM [/rosout/omit_topics] by /rosout
[rosmaster.main][INFO] 2023-02-14 23:27:07,671: keyboard interrupt, will exit
[rosmaster.main][INFO] 2023-02-14 23:27:07,671: stopping master...
[rospy.core][INFO] 2023-02-14 23:27:07,671: signal_shutdown [atexit]
