[rospy.client][INFO] 2023-02-14 23:25:48,318: init_node, name[/spawn_urdf], pid[9571]
[xmlrpc][INFO] 2023-02-14 23:25:48,318: XML-RPC server binding to 0.0.0.0:0
[xmlrpc][INFO] 2023-02-14 23:25:48,319: Started XML-RPC server [http://michaeljiang-clouddesktop-deployment-798ccff866-hvfzw:38389/]
[rospy.impl.masterslave][INFO] 2023-02-14 23:25:48,319: _ready: http://michaeljiang-clouddesktop-deployment-798ccff866-hvfzw:38389/
[rospy.init][INFO] 2023-02-14 23:25:48,319: ROS Slave URI: [http://michaeljiang-clouddesktop-deployment-798ccff866-hvfzw:38389/]
[rospy.registration][INFO] 2023-02-14 23:25:48,319: Registering with master node http://localhost:11311
[xmlrpc][INFO] 2023-02-14 23:25:48,320: xml rpc node: starting XML-RPC server
[rospy.init][INFO] 2023-02-14 23:25:48,419: registered with master
[rospy.rosout][INFO] 2023-02-14 23:25:48,419: initializing /rosout core topic
[rospy.rosout][INFO] 2023-02-14 23:25:48,423: connected to core topic /rosout
[rospy.simtime][INFO] 2023-02-14 23:25:48,424: initializing /clock core topic
[rospy.simtime][INFO] 2023-02-14 23:25:48,429: connected to core topic /clock
[rosout][INFO] 2023-02-14 23:25:48,437: Loading model XML from ros parameter robot_description
[rosout][INFO] 2023-02-14 23:25:48,450: Waiting for service /gazebo/spawn_urdf_model
[rospy.internal][INFO] 2023-02-14 23:25:48,681: topic[/rosout] adding connection to [/rosout], count 0
[rospy.internal][INFO] 2023-02-14 23:25:50,112: topic[/clock] adding connection to [http://michaeljiang-clouddesktop-deployment-798ccff866-hvfzw:42907/], count 0
[rosout][INFO] 2023-02-14 23:25:50,296: Calling service /gazebo/spawn_urdf_model
[rosout][INFO] 2023-02-14 23:25:50,781: Spawn status: SpawnModel: Successfully spawned entity
[rospy.core][INFO] 2023-02-14 23:25:50,783: signal_shutdown [atexit]
[rospy.internal][INFO] 2023-02-14 23:25:50,785: topic[/rosout] removing connection to /rosout
[rospy.internal][INFO] 2023-02-14 23:25:50,785: topic[/clock] removing connection to http://michaeljiang-clouddesktop-deployment-798ccff866-hvfzw:42907/
[rospy.impl.masterslave][INFO] 2023-02-14 23:25:50,785: atexit
