[2023-02-15T03:22:24.381Z] Log level: Info
[2023-02-15T03:22:24.384Z] [info] Validating found git in: git
[2023-02-15T03:22:24.458Z] [info] Using git 2.25.1 from git
[2023-02-15T03:22:24.637Z] > git rev-parse --show-toplevel [116ms]
[2023-02-15T03:22:24.673Z] > git rev-parse --git-dir --git-common-dir [1ms]
[2023-02-15T03:22:24.680Z] [info] Open repository: /my_ros_data
[2023-02-15T03:22:24.776Z] > git status -z -uall [80ms]
[2023-02-15T03:22:24.880Z] > git symbolic-ref --short HEAD [28ms]
[2023-02-15T03:22:24.892Z] > git for-each-ref --format=%(refname)%00%(upstream:short)%00%(objectname)%00%(upstream:track)%00%(upstream:remotename)%00%(upstream:remoteref) refs/heads/master refs/remotes/master [5ms]
[2023-02-15T03:22:24.913Z] > git for-each-ref --sort -committerdate --format %(refname) %(objectname) %(*objectname) [14ms]
[2023-02-15T03:22:24.915Z] > git remote --verbose [5ms]
[2023-02-15T03:22:24.932Z] > git config --get commit.template [5ms]
[2023-02-15T03:22:25.607Z] > git check-ignore -v -z --stdin [4ms]
[2023-02-15T03:22:25.733Z] > git show --textconv :catkin_ws/src/prrexamples/src/pa_starters/dance_pa_starter.py [52ms]
[2023-02-15T03:22:25.734Z] > git ls-files --stage -- /my_ros_data/catkin_ws/src/prrexamples/src/pa_starters/dance_pa_starter.py [5ms]
[2023-02-15T03:22:29.971Z] > git status -z -uall [98ms]
[2023-02-15T03:22:30.012Z] > git symbolic-ref --short HEAD [0ms]
[2023-02-15T03:22:30.034Z] > git for-each-ref --format=%(refname)%00%(upstream:short)%00%(objectname)%00%(upstream:track)%00%(upstream:remotename)%00%(upstream:remoteref) refs/heads/master refs/remotes/master [0ms]
[2023-02-15T03:22:30.103Z] > git for-each-ref --sort -committerdate --format %(refname) %(objectname) %(*objectname) [47ms]
[2023-02-15T03:22:30.116Z] > git remote --verbose [19ms]
[2023-02-15T03:22:30.191Z] > git config --get commit.template [39ms]
[2023-02-15T03:22:34.948Z] > git check-ignore -v -z --stdin [3ms]
[2023-02-15T03:22:35.256Z] > git status -z -uall [42ms]
[2023-02-15T03:22:35.282Z] > git symbolic-ref --short HEAD [1ms]
[2023-02-15T03:22:35.302Z] > git for-each-ref --format=%(refname)%00%(upstream:short)%00%(objectname)%00%(upstream:track)%00%(upstream:remotename)%00%(upstream:remoteref) refs/heads/master refs/remotes/master [1ms]
[2023-02-15T03:22:35.360Z] > git remote --verbose [2ms]
[2023-02-15T03:22:35.360Z] > git for-each-ref --sort -committerdate --format %(refname) %(objectname) %(*objectname) [36ms]
[2023-02-15T03:22:35.371Z] > git config --get commit.template [1ms]
[2023-02-15T03:22:38.042Z] > git check-ignore -v -z --stdin [1ms]
[2023-02-15T03:22:40.431Z] > git status -z -uall [41ms]
[2023-02-15T03:22:40.450Z] > git symbolic-ref --short HEAD [1ms]
[2023-02-15T03:22:40.538Z] > git for-each-ref --format=%(refname)%00%(upstream:short)%00%(objectname)%00%(upstream:track)%00%(upstream:remotename)%00%(upstream:remoteref) refs/heads/master refs/remotes/master [1ms]
[2023-02-15T03:22:40.569Z] > git remote --verbose [1ms]
[2023-02-15T03:22:40.569Z] > git for-each-ref --sort -committerdate --format %(refname) %(objectname) %(*objectname) [22ms]
[2023-02-15T03:22:40.585Z] > git config --get commit.template [1ms]
[2023-02-15T03:23:05.834Z] > git status -z -uall [39ms]
[2023-02-15T03:23:05.901Z] > git symbolic-ref --short HEAD [4ms]
[2023-02-15T03:23:05.929Z] > git for-each-ref --format=%(refname)%00%(upstream:short)%00%(objectname)%00%(upstream:track)%00%(upstream:remotename)%00%(upstream:remoteref) refs/heads/master refs/remotes/master [14ms]
[2023-02-15T03:23:05.958Z] > git for-each-ref --sort -committerdate --format %(refname) %(objectname) %(*objectname) [18ms]
[2023-02-15T03:23:05.959Z] > git remote --verbose [2ms]
[2023-02-15T03:23:05.974Z] > git config --get commit.template [1ms]
[2023-02-15T03:23:11.073Z] > git status -z -uall [88ms]
[2023-02-15T03:23:11.096Z] > git symbolic-ref --short HEAD [1ms]
[2023-02-15T03:23:11.122Z] > git for-each-ref --format=%(refname)%00%(upstream:short)%00%(objectname)%00%(upstream:track)%00%(upstream:remotename)%00%(upstream:remoteref) refs/heads/master refs/remotes/master [2ms]
[2023-02-15T03:23:11.208Z] > git remote --verbose [1ms]
[2023-02-15T03:23:11.208Z] > git for-each-ref --sort -committerdate --format %(refname) %(objectname) %(*objectname) [22ms]
[2023-02-15T03:23:11.223Z] > git config --get commit.template [1ms]
[2023-02-15T03:23:13.939Z] > git check-ignore -v -z --stdin [1ms]
[2023-02-15T03:23:15.640Z] > git check-ignore -v -z --stdin [2ms]
[2023-02-15T03:23:16.355Z] > git status -z -uall [101ms]
[2023-02-15T03:23:16.370Z] > git symbolic-ref --short HEAD [1ms]
[2023-02-15T03:23:16.384Z] > git for-each-ref --format=%(refname)%00%(upstream:short)%00%(objectname)%00%(upstream:track)%00%(upstream:remotename)%00%(upstream:remoteref) refs/heads/master refs/remotes/master [1ms]
[2023-02-15T03:23:16.402Z] > git remote --verbose [1ms]
[2023-02-15T03:23:16.402Z] > git for-each-ref --sort -committerdate --format %(refname) %(objectname) %(*objectname) [11ms]
[2023-02-15T03:23:16.424Z] > git config --get commit.template [2ms]
[2023-02-15T03:23:21.498Z] > git status -z -uall [51ms]
[2023-02-15T03:23:21.506Z] > git symbolic-ref --short HEAD [1ms]
[2023-02-15T03:23:21.567Z] > git for-each-ref --format=%(refname)%00%(upstream:short)%00%(objectname)%00%(upstream:track)%00%(upstream:remotename)%00%(upstream:remoteref) refs/heads/master refs/remotes/master [1ms]
[2023-02-15T03:23:21.610Z] > git remote --verbose [1ms]
[2023-02-15T03:23:21.610Z] > git for-each-ref --sort -committerdate --format %(refname) %(objectname) %(*objectname) [21ms]
[2023-02-15T03:23:21.623Z] > git config --get commit.template [2ms]
[2023-02-15T03:23:22.754Z] > git check-ignore -v -z --stdin [4ms]
[2023-02-15T03:23:26.660Z] > git status -z -uall [29ms]
[2023-02-15T03:23:26.676Z] > git symbolic-ref --short HEAD [1ms]
[2023-02-15T03:23:26.685Z] > git for-each-ref --format=%(refname)%00%(upstream:short)%00%(objectname)%00%(upstream:track)%00%(upstream:remotename)%00%(upstream:remoteref) refs/heads/master refs/remotes/master [2ms]
[2023-02-15T03:23:26.716Z] > git remote --verbose [2ms]
[2023-02-15T03:23:26.717Z] > git for-each-ref --sort -committerdate --format %(refname) %(objectname) %(*objectname) [16ms]
[2023-02-15T03:23:26.731Z] > git config --get commit.template [1ms]
[2023-02-15T03:23:28.406Z] > git check-ignore -v -z --stdin [2ms]
[2023-02-15T03:23:31.835Z] > git status -z -uall [69ms]
[2023-02-15T03:23:31.880Z] > git symbolic-ref --short HEAD [2ms]
[2023-02-15T03:23:31.911Z] > git for-each-ref --format=%(refname)%00%(upstream:short)%00%(objectname)%00%(upstream:track)%00%(upstream:remotename)%00%(upstream:remoteref) refs/heads/master refs/remotes/master [7ms]
[2023-02-15T03:23:31.932Z] > git remote --verbose [1ms]
[2023-02-15T03:23:31.932Z] > git for-each-ref --sort -committerdate --format %(refname) %(objectname) %(*objectname) [9ms]
[2023-02-15T03:23:31.948Z] > git config --get commit.template [1ms]
[2023-02-15T03:23:36.992Z] > git status -z -uall [33ms]
[2023-02-15T03:23:37.009Z] > git symbolic-ref --short HEAD [2ms]
[2023-02-15T03:23:37.046Z] > git for-each-ref --format=%(refname)%00%(upstream:short)%00%(objectname)%00%(upstream:track)%00%(upstream:remotename)%00%(upstream:remoteref) refs/heads/master refs/remotes/master [5ms]
[2023-02-15T03:23:37.069Z] > git for-each-ref --sort -committerdate --format %(refname) %(objectname) %(*objectname) [9ms]
[2023-02-15T03:23:37.071Z] > git remote --verbose [2ms]
[2023-02-15T03:23:37.097Z] > git config --get commit.template [1ms]
[2023-02-15T03:23:37.254Z] > git ls-files --stage -- /my_ros_data/catkin_ws/src/prrexamples/src/pa_starters/dance_pa_starter.py [2ms]
[2023-02-15T03:23:37.380Z] > git show --textconv :catkin_ws/src/prrexamples/src/pa_starters/dance_pa_starter.py [0ms]
[2023-02-15T03:23:42.157Z] > git status -z -uall [34ms]
[2023-02-15T03:23:42.176Z] > git symbolic-ref --short HEAD [1ms]
[2023-02-15T03:23:42.201Z] > git for-each-ref --format=%(refname)%00%(upstream:short)%00%(objectname)%00%(upstream:track)%00%(upstream:remotename)%00%(upstream:remoteref) refs/heads/master refs/remotes/master [2ms]
[2023-02-15T03:23:42.237Z] > git for-each-ref --sort -committerdate --format %(refname) %(objectname) %(*objectname) [27ms]
[2023-02-15T03:23:42.237Z] > git remote --verbose [1ms]
[2023-02-15T03:23:42.246Z] > git config --get commit.template [0ms]
[2023-02-15T03:23:46.407Z] > git ls-files --stage -- /my_ros_data/catkin_ws/src/prrexamples/src/pa_starters/dance_pa_starter.py [7ms]
[2023-02-15T03:23:46.477Z] > git show --textconv :catkin_ws/src/prrexamples/src/pa_starters/dance_pa_starter.py [2ms]
[2023-02-15T03:23:47.311Z] > git status -z -uall [40ms]
[2023-02-15T03:23:47.347Z] > git symbolic-ref --short HEAD [1ms]
[2023-02-15T03:23:47.364Z] > git for-each-ref --format=%(refname)%00%(upstream:short)%00%(objectname)%00%(upstream:track)%00%(upstream:remotename)%00%(upstream:remoteref) refs/heads/master refs/remotes/master [0ms]
[2023-02-15T03:23:47.409Z] > git remote --verbose [1ms]
[2023-02-15T03:23:47.413Z] > git for-each-ref --sort -committerdate --format %(refname) %(objectname) %(*objectname) [39ms]
[2023-02-15T03:23:47.438Z] > git config --get commit.template [1ms]
[2023-02-15T03:23:51.970Z] > git ls-files --stage -- /my_ros_data/catkin_ws/src/prrexamples/src/pa_starters/dance_pa_starter.py [1ms]
[2023-02-15T03:23:52.064Z] > git show --textconv :catkin_ws/src/prrexamples/src/pa_starters/dance_pa_starter.py [1ms]
[2023-02-15T03:24:04.374Z] > git status -z -uall [62ms]
[2023-02-15T03:24:04.388Z] > git symbolic-ref --short HEAD [1ms]
[2023-02-15T03:24:04.408Z] > git for-each-ref --format=%(refname)%00%(upstream:short)%00%(objectname)%00%(upstream:track)%00%(upstream:remotename)%00%(upstream:remoteref) refs/heads/master refs/remotes/master [1ms]
[2023-02-15T03:24:04.463Z] > git remote --verbose [2ms]
[2023-02-15T03:24:04.464Z] > git for-each-ref --sort -committerdate --format %(refname) %(objectname) %(*objectname) [16ms]
[2023-02-15T03:24:04.474Z] > git config --get commit.template [1ms]
[2023-02-15T03:24:05.459Z] > git check-ignore -v -z --stdin [1ms]
[2023-02-15T03:24:09.563Z] > git status -z -uall [72ms]
[2023-02-15T03:24:09.574Z] > git symbolic-ref --short HEAD [1ms]
[2023-02-15T03:24:09.604Z] > git for-each-ref --format=%(refname)%00%(upstream:short)%00%(objectname)%00%(upstream:track)%00%(upstream:remotename)%00%(upstream:remoteref) refs/heads/master refs/remotes/master [4ms]
[2023-02-15T03:24:09.651Z] > git remote --verbose [2ms]
[2023-02-15T03:24:09.651Z] > git for-each-ref --sort -committerdate --format %(refname) %(objectname) %(*objectname) [18ms]
[2023-02-15T03:24:09.686Z] > git config --get commit.template [7ms]
[2023-02-15T03:24:09.869Z] > git show --textconv :catkin_ws/src/wall_follower_2/wall_follower/README.txt [16ms]
[2023-02-15T03:24:09.869Z] > git ls-files --stage -- /my_ros_data/catkin_ws/src/wall_follower_2/wall_follower/README.txt [2ms]
[2023-02-15T03:24:09.902Z] > git cat-file -s f9a42a353f1cca943ca13b16f94c13b84d54e46a [1ms]
[2023-02-15T03:24:10.183Z] > git check-ignore -v -z --stdin [5ms]
[2023-02-15T03:24:14.778Z] > git status -z -uall [76ms]
[2023-02-15T03:24:14.799Z] > git symbolic-ref --short HEAD [2ms]
[2023-02-15T03:24:14.810Z] > git for-each-ref --format=%(refname)%00%(upstream:short)%00%(objectname)%00%(upstream:track)%00%(upstream:remotename)%00%(upstream:remoteref) refs/heads/master refs/remotes/master [0ms]
[2023-02-15T03:24:14.878Z] > git remote --verbose [1ms]
[2023-02-15T03:24:14.878Z] > git for-each-ref --sort -committerdate --format %(refname) %(objectname) %(*objectname) [22ms]
[2023-02-15T03:24:14.900Z] > git config --get commit.template [1ms]
[2023-02-15T03:24:19.966Z] > git status -z -uall [47ms]
[2023-02-15T03:24:20.000Z] > git symbolic-ref --short HEAD [19ms]
[2023-02-15T03:24:20.059Z] > git for-each-ref --format=%(refname)%00%(upstream:short)%00%(objectname)%00%(upstream:track)%00%(upstream:remotename)%00%(upstream:remoteref) refs/heads/master refs/remotes/master [6ms]
[2023-02-15T03:24:20.123Z] > git for-each-ref --sort -committerdate --format %(refname) %(objectname) %(*objectname) [16ms]
[2023-02-15T03:24:20.124Z] > git remote --verbose [2ms]
[2023-02-15T03:24:20.153Z] > git config --get commit.template [14ms]
[2023-02-15T03:24:25.232Z] > git status -z -uall [45ms]
[2023-02-15T03:24:25.267Z] > git symbolic-ref --short HEAD [5ms]
[2023-02-15T03:24:25.288Z] > git for-each-ref --format=%(refname)%00%(upstream:short)%00%(objectname)%00%(upstream:track)%00%(upstream:remotename)%00%(upstream:remoteref) refs/heads/master refs/remotes/master [1ms]
[2023-02-15T03:24:25.317Z] > git remote --verbose [1ms]
[2023-02-15T03:24:25.317Z] > git for-each-ref --sort -committerdate --format %(refname) %(objectname) %(*objectname) [19ms]
[2023-02-15T03:24:25.326Z] > git config --get commit.template [0ms]
[2023-02-15T03:24:30.451Z] > git status -z -uall [82ms]
[2023-02-15T03:24:30.474Z] > git symbolic-ref --short HEAD [4ms]
[2023-02-15T03:24:30.501Z] > git for-each-ref --format=%(refname)%00%(upstream:short)%00%(objectname)%00%(upstream:track)%00%(upstream:remotename)%00%(upstream:remoteref) refs/heads/master refs/remotes/master [2ms]
[2023-02-15T03:24:30.537Z] > git remote --verbose [5ms]
[2023-02-15T03:24:30.538Z] > git for-each-ref --sort -committerdate --format %(refname) %(objectname) %(*objectname) [17ms]
[2023-02-15T03:24:30.582Z] > git config --get commit.template [0ms]
[2023-02-15T03:24:35.628Z] > git status -z -uall [30ms]
[2023-02-15T03:24:35.639Z] > git symbolic-ref --short HEAD [1ms]
[2023-02-15T03:24:35.653Z] > git for-each-ref --format=%(refname)%00%(upstream:short)%00%(objectname)%00%(upstream:track)%00%(upstream:remotename)%00%(upstream:remoteref) refs/heads/master refs/remotes/master [0ms]
[2023-02-15T03:24:35.704Z] > git for-each-ref --sort -committerdate --format %(refname) %(objectname) %(*objectname) [32ms]
[2023-02-15T03:24:35.705Z] > git remote --verbose [1ms]
[2023-02-15T03:24:35.735Z] > git config --get commit.template [1ms]
[2023-02-15T03:24:40.807Z] > git status -z -uall [46ms]
[2023-02-15T03:24:40.844Z] > git symbolic-ref --short HEAD [2ms]
[2023-02-15T03:24:40.910Z] > git for-each-ref --format=%(refname)%00%(upstream:short)%00%(objectname)%00%(upstream:track)%00%(upstream:remotename)%00%(upstream:remoteref) refs/heads/master refs/remotes/master [2ms]
[2023-02-15T03:24:40.965Z] > git remote --verbose [2ms]
[2023-02-15T03:24:40.965Z] > git for-each-ref --sort -committerdate --format %(refname) %(objectname) %(*objectname) [34ms]
[2023-02-15T03:24:40.997Z] > git config --get commit.template [1ms]
[2023-02-15T03:24:48.355Z] > git status -z -uall [50ms]
[2023-02-15T03:24:48.372Z] > git symbolic-ref --short HEAD [2ms]
[2023-02-15T03:24:48.383Z] > git for-each-ref --format=%(refname)%00%(upstream:short)%00%(objectname)%00%(upstream:track)%00%(upstream:remotename)%00%(upstream:remoteref) refs/heads/master refs/remotes/master [1ms]
[2023-02-15T03:24:48.417Z] > git for-each-ref --sort -committerdate --format %(refname) %(objectname) %(*objectname) [19ms]
[2023-02-15T03:24:48.418Z] > git remote --verbose [2ms]
[2023-02-15T03:24:48.451Z] > git config --get commit.template [2ms]
[2023-02-15T03:25:05.160Z] > git status -z -uall [73ms]
[2023-02-15T03:25:05.176Z] > git symbolic-ref --short HEAD [1ms]
[2023-02-15T03:25:05.194Z] > git for-each-ref --format=%(refname)%00%(upstream:short)%00%(objectname)%00%(upstream:track)%00%(upstream:remotename)%00%(upstream:remoteref) refs/heads/master refs/remotes/master [4ms]
[2023-02-15T03:25:05.229Z] > git remote --verbose [1ms]
[2023-02-15T03:25:05.229Z] > git for-each-ref --sort -committerdate --format %(refname) %(objectname) %(*objectname) [23ms]
[2023-02-15T03:25:05.254Z] > git config --get commit.template [1ms]
[2023-02-15T03:25:08.565Z] > git show --textconv :catkin_ws/src/wall_follower_2/wall_follower/CMakeLists.txt [22ms]
[2023-02-15T03:25:08.566Z] > git ls-files --stage -- /my_ros_data/catkin_ws/src/wall_follower_2/wall_follower/CMakeLists.txt [1ms]
[2023-02-15T03:25:08.580Z] > git cat-file -s b3f66aa3adc62e1285763a1dc289ebdbcc721d75 [3ms]
[2023-02-15T03:25:10.345Z] > git status -z -uall [55ms]
[2023-02-15T03:25:10.383Z] > git symbolic-ref --short HEAD [11ms]
[2023-02-15T03:25:10.403Z] > git for-each-ref --format=%(refname)%00%(upstream:short)%00%(objectname)%00%(upstream:track)%00%(upstream:remotename)%00%(upstream:remoteref) refs/heads/master refs/remotes/master [0ms]
[2023-02-15T03:25:10.453Z] > git for-each-ref --sort -committerdate --format %(refname) %(objectname) %(*objectname) [29ms]
[2023-02-15T03:25:10.453Z] > git remote --verbose [4ms]
[2023-02-15T03:25:10.490Z] > git config --get commit.template [1ms]
[2023-02-15T03:25:12.917Z] > git show --textconv :catkin_ws/src/wall_follower_2/wall_follower/README.txt [16ms]
[2023-02-15T03:25:12.918Z] > git ls-files --stage -- /my_ros_data/catkin_ws/src/wall_follower_2/wall_follower/README.txt [2ms]
[2023-02-15T03:25:12.934Z] > git cat-file -s f9a42a353f1cca943ca13b16f94c13b84d54e46a [2ms]
[2023-02-15T03:25:13.921Z] > git show --textconv :catkin_ws/src/wall_follower_2/wall_follower/package.xml [8ms]
[2023-02-15T03:25:13.922Z] > git ls-files --stage -- /my_ros_data/catkin_ws/src/wall_follower_2/wall_follower/package.xml [1ms]
[2023-02-15T03:25:13.946Z] > git cat-file -s f4aa143561a82cc84dfbda79ed433a2a7debe040 [8ms]
[2023-02-15T03:25:15.555Z] > git status -z -uall [30ms]
[2023-02-15T03:25:15.580Z] > git symbolic-ref --short HEAD [0ms]
[2023-02-15T03:25:15.599Z] > git for-each-ref --format=%(refname)%00%(upstream:short)%00%(objectname)%00%(upstream:track)%00%(upstream:remotename)%00%(upstream:remoteref) refs/heads/master refs/remotes/master [1ms]
[2023-02-15T03:25:15.624Z] > git remote --verbose [7ms]
[2023-02-15T03:25:15.624Z] > git for-each-ref --sort -committerdate --format %(refname) %(objectname) %(*objectname) [16ms]
[2023-02-15T03:25:15.639Z] > git config --get commit.template [1ms]
[2023-02-15T03:25:20.689Z] > git status -z -uall [32ms]
[2023-02-15T03:25:20.729Z] > git symbolic-ref --short HEAD [0ms]
[2023-02-15T03:25:20.779Z] > git for-each-ref --format=%(refname)%00%(upstream:short)%00%(objectname)%00%(upstream:track)%00%(upstream:remotename)%00%(upstream:remoteref) refs/heads/master refs/remotes/master [1ms]
[2023-02-15T03:25:20.828Z] > git for-each-ref --sort -committerdate --format %(refname) %(objectname) %(*objectname) [17ms]
[2023-02-15T03:25:20.834Z] > git remote --verbose [7ms]
[2023-02-15T03:25:20.862Z] > git config --get commit.template [6ms]
[2023-02-15T03:25:27.279Z] > git status -z -uall [93ms]
[2023-02-15T03:25:27.298Z] > git symbolic-ref --short HEAD [3ms]
[2023-02-15T03:25:27.311Z] > git for-each-ref --format=%(refname)%00%(upstream:short)%00%(objectname)%00%(upstream:track)%00%(upstream:remotename)%00%(upstream:remoteref) refs/heads/master refs/remotes/master [1ms]
[2023-02-15T03:25:27.339Z] > git for-each-ref --sort -committerdate --format %(refname) %(objectname) %(*objectname) [11ms]
[2023-02-15T03:25:27.339Z] > git remote --verbose [1ms]
[2023-02-15T03:25:27.365Z] > git config --get commit.template [1ms]
[2023-02-15T03:25:31.269Z] > git show --textconv :catkin_ws/src/wall_follower_2/wall_follower/src/scan_values_handler.py [15ms]
[2023-02-15T03:25:31.269Z] > git ls-files --stage -- /my_ros_data/catkin_ws/src/wall_follower_2/wall_follower/src/scan_values_handler.py [1ms]
[2023-02-15T03:25:31.280Z] > git cat-file -s d29fdebcd0b906c5f59e225779ad2d3aa54e4988 [1ms]
[2023-02-15T03:25:31.751Z] > git check-ignore -v -z --stdin [1ms]
[2023-02-15T03:25:33.198Z] > git status -z -uall [44ms]
[2023-02-15T03:25:33.236Z] > git symbolic-ref --short HEAD [7ms]
[2023-02-15T03:25:33.253Z] > git for-each-ref --format=%(refname)%00%(upstream:short)%00%(objectname)%00%(upstream:track)%00%(upstream:remotename)%00%(upstream:remoteref) refs/heads/master refs/remotes/master [1ms]
[2023-02-15T03:25:33.287Z] > git for-each-ref --sort -committerdate --format %(refname) %(objectname) %(*objectname) [21ms]
[2023-02-15T03:25:33.288Z] > git remote --verbose [2ms]
[2023-02-15T03:25:33.332Z] > git config --get commit.template [0ms]
[2023-02-15T03:26:02.788Z] > git status -z -uall [74ms]
[2023-02-15T03:26:02.807Z] > git symbolic-ref --short HEAD [1ms]
[2023-02-15T03:26:02.828Z] > git for-each-ref --format=%(refname)%00%(upstream:short)%00%(objectname)%00%(upstream:track)%00%(upstream:remotename)%00%(upstream:remoteref) refs/heads/master refs/remotes/master [1ms]
[2023-02-15T03:26:02.866Z] > git remote --verbose [12ms]
[2023-02-15T03:26:02.866Z] > git for-each-ref --sort -committerdate --format %(refname) %(objectname) %(*objectname) [28ms]
[2023-02-15T03:26:02.880Z] > git config --get commit.template [1ms]
[2023-02-15T03:26:08.223Z] > git status -z -uall [88ms]
[2023-02-15T03:26:08.234Z] > git symbolic-ref --short HEAD [1ms]
[2023-02-15T03:26:08.252Z] > git for-each-ref --format=%(refname)%00%(upstream:short)%00%(objectname)%00%(upstream:track)%00%(upstream:remotename)%00%(upstream:remoteref) refs/heads/master refs/remotes/master [1ms]
[2023-02-15T03:26:08.314Z] > git for-each-ref --sort -committerdate --format %(refname) %(objectname) %(*objectname) [47ms]
[2023-02-15T03:26:08.315Z] > git remote --verbose [5ms]
[2023-02-15T03:26:08.361Z] > git config --get commit.template [2ms]
[2023-02-15T03:26:15.201Z] > git status -z -uall [63ms]
[2023-02-15T03:26:15.211Z] > git symbolic-ref --short HEAD [2ms]
[2023-02-15T03:26:15.226Z] > git for-each-ref --format=%(refname)%00%(upstream:short)%00%(objectname)%00%(upstream:track)%00%(upstream:remotename)%00%(upstream:remoteref) refs/heads/master refs/remotes/master [1ms]
[2023-02-15T03:26:15.260Z] > git for-each-ref --sort -committerdate --format %(refname) %(objectname) %(*objectname) [14ms]
[2023-02-15T03:26:15.266Z] > git remote --verbose [8ms]
[2023-02-15T03:26:15.306Z] > git config --get commit.template [1ms]
[2023-02-15T03:26:19.313Z] > git show --textconv :catkin_ws/src/wall_follower_2/wall_follower/README.txt [27ms]
[2023-02-15T03:26:19.315Z] > git ls-files --stage -- /my_ros_data/catkin_ws/src/wall_follower_2/wall_follower/README.txt [4ms]
[2023-02-15T03:26:19.326Z] > git cat-file -s f9a42a353f1cca943ca13b16f94c13b84d54e46a [1ms]
[2023-02-15T03:26:20.366Z] > git status -z -uall [44ms]
[2023-02-15T03:26:20.401Z] > git symbolic-ref --short HEAD [1ms]
[2023-02-15T03:26:20.422Z] > git for-each-ref --format=%(refname)%00%(upstream:short)%00%(objectname)%00%(upstream:track)%00%(upstream:remotename)%00%(upstream:remoteref) refs/heads/master refs/remotes/master [1ms]
[2023-02-15T03:26:20.466Z] > git remote --verbose [5ms]
[2023-02-15T03:26:20.466Z] > git for-each-ref --sort -committerdate --format %(refname) %(objectname) %(*objectname) [26ms]
[2023-02-15T03:26:20.484Z] > git config --get commit.template [1ms]
[2023-02-15T03:27:09.007Z] > git status -z -uall [32ms]
[2023-02-15T03:27:09.022Z] > git symbolic-ref --short HEAD [2ms]
[2023-02-15T03:27:09.032Z] > git for-each-ref --format=%(refname)%00%(upstream:short)%00%(objectname)%00%(upstream:track)%00%(upstream:remotename)%00%(upstream:remoteref) refs/heads/master refs/remotes/master [2ms]
[2023-02-15T03:27:09.069Z] > git for-each-ref --sort -committerdate --format %(refname) %(objectname) %(*objectname) [26ms]
[2023-02-15T03:27:09.070Z] > git remote --verbose [1ms]
[2023-02-15T03:27:09.086Z] > git config --get commit.template [1ms]
[2023-02-15T03:27:14.139Z] > git status -z -uall [37ms]
[2023-02-15T03:27:14.154Z] > git symbolic-ref --short HEAD [1ms]
[2023-02-15T03:27:14.175Z] > git for-each-ref --format=%(refname)%00%(upstream:short)%00%(objectname)%00%(upstream:track)%00%(upstream:remotename)%00%(upstream:remoteref) refs/heads/master refs/remotes/master [0ms]
[2023-02-15T03:27:14.201Z] > git remote --verbose [2ms]
[2023-02-15T03:27:14.208Z] > git for-each-ref --sort -committerdate --format %(refname) %(objectname) %(*objectname) [20ms]
[2023-02-15T03:27:14.232Z] > git config --get commit.template [1ms]
[2023-02-15T03:27:19.328Z] > git status -z -uall [81ms]
[2023-02-15T03:27:19.340Z] > git symbolic-ref --short HEAD [1ms]
[2023-02-15T03:27:19.355Z] > git for-each-ref --format=%(refname)%00%(upstream:short)%00%(objectname)%00%(upstream:track)%00%(upstream:remotename)%00%(upstream:remoteref) refs/heads/master refs/remotes/master [3ms]
[2023-02-15T03:27:19.397Z] > git for-each-ref --sort -committerdate --format %(refname) %(objectname) %(*objectname) [17ms]
[2023-02-15T03:27:19.397Z] > git remote --verbose [2ms]
[2023-02-15T03:27:19.411Z] > git config --get commit.template [0ms]
[2023-02-15T03:27:41.267Z] > git status -z -uall [36ms]
[2023-02-15T03:27:41.301Z] > git symbolic-ref --short HEAD [1ms]
[2023-02-15T03:27:41.316Z] > git for-each-ref --format=%(refname)%00%(upstream:short)%00%(objectname)%00%(upstream:track)%00%(upstream:remotename)%00%(upstream:remoteref) refs/heads/master refs/remotes/master [1ms]
[2023-02-15T03:27:41.359Z] > git for-each-ref --sort -committerdate --format %(refname) %(objectname) %(*objectname) [14ms]
[2023-02-15T03:27:41.359Z] > git remote --verbose [1ms]
[2023-02-15T03:27:41.380Z] > git config --get commit.template [0ms]
[2023-02-15T03:27:46.477Z] > git status -z -uall [41ms]
[2023-02-15T03:27:46.492Z] > git symbolic-ref --short HEAD [1ms]
[2023-02-15T03:27:46.503Z] > git for-each-ref --format=%(refname)%00%(upstream:short)%00%(objectname)%00%(upstream:track)%00%(upstream:remotename)%00%(upstream:remoteref) refs/heads/master refs/remotes/master [2ms]
[2023-02-15T03:27:46.580Z] > git for-each-ref --sort -committerdate --format %(refname) %(objectname) %(*objectname) [49ms]
[2023-02-15T03:27:46.580Z] > git remote --verbose [1ms]
[2023-02-15T03:27:46.616Z] > git config --get commit.template [10ms]
[2023-02-15T03:27:51.723Z] > git status -z -uall [73ms]
[2023-02-15T03:27:51.762Z] > git symbolic-ref --short HEAD [1ms]
[2023-02-15T03:27:51.779Z] > git for-each-ref --format=%(refname)%00%(upstream:short)%00%(objectname)%00%(upstream:track)%00%(upstream:remotename)%00%(upstream:remoteref) refs/heads/master refs/remotes/master [1ms]
[2023-02-15T03:27:51.806Z] > git for-each-ref --sort -committerdate --format %(refname) %(objectname) %(*objectname) [20ms]
[2023-02-15T03:27:51.806Z] > git remote --verbose [2ms]
[2023-02-15T03:27:51.855Z] > git config --get commit.template [1ms]
[2023-02-15T03:27:56.960Z] > git status -z -uall [90ms]
[2023-02-15T03:27:56.972Z] > git symbolic-ref --short HEAD [1ms]
[2023-02-15T03:27:56.985Z] > git for-each-ref --format=%(refname)%00%(upstream:short)%00%(objectname)%00%(upstream:track)%00%(upstream:remotename)%00%(upstream:remoteref) refs/heads/master refs/remotes/master [1ms]
[2023-02-15T03:27:57.006Z] > git for-each-ref --sort -committerdate --format %(refname) %(objectname) %(*objectname) [10ms]
[2023-02-15T03:27:57.006Z] > git remote --verbose [1ms]
[2023-02-15T03:27:57.033Z] > git config --get commit.template [0ms]
[2023-02-15T03:28:02.117Z] > git status -z -uall [48ms]
[2023-02-15T03:28:02.135Z] > git symbolic-ref --short HEAD [1ms]
[2023-02-15T03:28:02.152Z] > git for-each-ref --format=%(refname)%00%(upstream:short)%00%(objectname)%00%(upstream:track)%00%(upstream:remotename)%00%(upstream:remoteref) refs/heads/master refs/remotes/master [0ms]
[2023-02-15T03:28:02.215Z] > git for-each-ref --sort -committerdate --format %(refname) %(objectname) %(*objectname) [28ms]
[2023-02-15T03:28:02.225Z] > git remote --verbose [11ms]
[2023-02-15T03:28:02.235Z] > git config --get commit.template [1ms]
[2023-02-15T03:28:07.289Z] > git status -z -uall [36ms]
[2023-02-15T03:28:07.310Z] > git symbolic-ref --short HEAD [2ms]
[2023-02-15T03:28:07.338Z] > git for-each-ref --format=%(refname)%00%(upstream:short)%00%(objectname)%00%(upstream:track)%00%(upstream:remotename)%00%(upstream:remoteref) refs/heads/master refs/remotes/master [10ms]
[2023-02-15T03:28:07.404Z] > git remote --verbose [8ms]
[2023-02-15T03:28:07.404Z] > git for-each-ref --sort -committerdate --format %(refname) %(objectname) %(*objectname) [52ms]
[2023-02-15T03:28:07.438Z] > git config --get commit.template [1ms]
[2023-02-15T03:28:12.508Z] > git status -z -uall [61ms]
[2023-02-15T03:28:12.521Z] > git symbolic-ref --short HEAD [1ms]
[2023-02-15T03:28:12.533Z] > git for-each-ref --format=%(refname)%00%(upstream:short)%00%(objectname)%00%(upstream:track)%00%(upstream:remotename)%00%(upstream:remoteref) refs/heads/master refs/remotes/master [1ms]
[2023-02-15T03:28:12.552Z] > git for-each-ref --sort -committerdate --format %(refname) %(objectname) %(*objectname) [10ms]
[2023-02-15T03:28:12.552Z] > git remote --verbose [1ms]
[2023-02-15T03:28:12.572Z] > git config --get commit.template [1ms]
[2023-02-15T03:28:17.656Z] > git status -z -uall [59ms]
[2023-02-15T03:28:17.668Z] > git symbolic-ref --short HEAD [1ms]
[2023-02-15T03:28:17.682Z] > git for-each-ref --format=%(refname)%00%(upstream:short)%00%(objectname)%00%(upstream:track)%00%(upstream:remotename)%00%(upstream:remoteref) refs/heads/master refs/remotes/master [1ms]
[2023-02-15T03:28:17.701Z] > git for-each-ref --sort -committerdate --format %(refname) %(objectname) %(*objectname) [9ms]
[2023-02-15T03:28:17.703Z] > git remote --verbose [3ms]
[2023-02-15T03:28:17.725Z] > git config --get commit.template [2ms]
[2023-02-15T03:28:22.828Z] > git status -z -uall [77ms]
[2023-02-15T03:28:22.853Z] > git symbolic-ref --short HEAD [1ms]
[2023-02-15T03:28:22.866Z] > git for-each-ref --format=%(refname)%00%(upstream:short)%00%(objectname)%00%(upstream:track)%00%(upstream:remotename)%00%(upstream:remoteref) refs/heads/master refs/remotes/master [0ms]
[2023-02-15T03:28:22.954Z] > git remote --verbose [3ms]
[2023-02-15T03:28:22.955Z] > git for-each-ref --sort -committerdate --format %(refname) %(objectname) %(*objectname) [60ms]
[2023-02-15T03:28:22.994Z] > git config --get commit.template [10ms]
[2023-02-15T03:28:30.622Z] > git status -z -uall [42ms]
[2023-02-15T03:28:30.661Z] > git symbolic-ref --short HEAD [1ms]
[2023-02-15T03:28:30.675Z] > git for-each-ref --format=%(refname)%00%(upstream:short)%00%(objectname)%00%(upstream:track)%00%(upstream:remotename)%00%(upstream:remoteref) refs/heads/master refs/remotes/master [1ms]
[2023-02-15T03:28:30.719Z] > git for-each-ref --sort -committerdate --format %(refname) %(objectname) %(*objectname) [36ms]
[2023-02-15T03:28:30.720Z] > git remote --verbose [2ms]
[2023-02-15T03:28:30.739Z] > git config --get commit.template [2ms]
[2023-02-15T03:28:35.803Z] > git status -z -uall [50ms]
[2023-02-15T03:28:35.853Z] > git symbolic-ref --short HEAD [1ms]
[2023-02-15T03:28:35.869Z] > git for-each-ref --format=%(refname)%00%(upstream:short)%00%(objectname)%00%(upstream:track)%00%(upstream:remotename)%00%(upstream:remoteref) refs/heads/master refs/remotes/master [0ms]
[2023-02-15T03:28:35.899Z] > git remote --verbose [2ms]
[2023-02-15T03:28:35.899Z] > git for-each-ref --sort -committerdate --format %(refname) %(objectname) %(*objectname) [14ms]
[2023-02-15T03:28:35.911Z] > git config --get commit.template [1ms]
