[2023-02-15 03:22:23.666] [exthost] [info] Extension host with pid 27021 started
[2023-02-15 03:22:23.680] [exthost] [info] Lock '/my_ros_data/User/workspaceStorage/4273effb/vscode.lock': Lock acquired.
[2023-02-15 03:22:23.967] [exthost] [info] ExtensionService#_doActivateExtension vscode.debug-auto-launch, startup: true, activationEvent: '*'
[2023-02-15 03:22:23.978] [exthost] [info] ExtensionService#_doActivateExtension vscode.git-base, startup: true, activationEvent: '*', root cause: vscode.git
[2023-02-15 03:22:23.982] [exthost] [info] ExtensionService#_doActivateExtension vscode.ipynb, startup: true, activationEvent: '*'
[2023-02-15 03:22:24.159] [exthost] [info] ExtensionService#_doActivateExtension vscode.git, startup: true, activationEvent: '*'
[2023-02-15 03:22:24.326] [exthost] [info] ExtensionService#_doActivateExtension vscode.github, startup: true, activationEvent: '*'
[2023-02-15 03:22:24.522] [exthost] [info] ExtensionService#_doActivateExtension vscode.emmet, startup: false, activationEvent: 'onStartupFinished'
[2023-02-15 03:22:24.614] [exthost] [info] ExtensionService#_doActivateExtension vscode.merge-conflict, startup: false, activationEvent: 'onStartupFinished'
[2023-02-15 03:22:24.630] [exthost] [info] Eager extensions activated
[2023-02-15 03:22:25.609] [exthost] [error] {"message":"Git error","stdout":"","stderr":"fatal: Pathspec '/my_ros_data/catkin_ws/src/prrexamples/src/pa_starters/wall_follower/src/driver.py' is in submodule 'catkin_ws/src/prrexamples'\n","exitCode":128,"gitErrorCode":"IsInSubmodule"}
[2023-02-15 03:22:25.609] [exthost] [error] {"message":"Git error","stdout":"","stderr":"fatal: Pathspec '/my_ros_data/catkin_ws/src/prrexamples/src/pa_starters/wall_follower/src/driver.py' is in submodule 'catkin_ws/src/prrexamples'\n","exitCode":128,"gitErrorCode":"IsInSubmodule"}
[2023-02-15 03:22:25.609] [exthost] [error] {"message":"Git error","stdout":"","stderr":"fatal: Pathspec '/my_ros_data/catkin_ws/src/prrexamples/src/pa_starters/wall_follower/src/driver.py' is in submodule 'catkin_ws/src/prrexamples'\n","exitCode":128,"gitErrorCode":"IsInSubmodule"}
[2023-02-15 03:22:25.609] [exthost] [error] {"message":"Git error","stdout":"","stderr":"fatal: Pathspec '/my_ros_data/catkin_ws/src/prrexamples/src/pa_starters/wall_follower/src/driver.py' is in submodule 'catkin_ws/src/prrexamples'\n","exitCode":128,"gitErrorCode":"IsInSubmodule"}
[2023-02-15 03:22:25.609] [exthost] [error] {"message":"Git error","stdout":"","stderr":"fatal: Pathspec '/my_ros_data/catkin_ws/src/prrexamples/src/pa_starters/wall_follower/src/driver.py' is in submodule 'catkin_ws/src/prrexamples'\n","exitCode":128,"gitErrorCode":"IsInSubmodule"}
[2023-02-15 03:22:25.609] [exthost] [error] {"message":"Git error","stdout":"","stderr":"fatal: Pathspec '/my_ros_data/catkin_ws/src/prrexamples/src/pa_starters/wall_follower/src/driver.py' is in submodule 'catkin_ws/src/prrexamples'\n","exitCode":128,"gitErrorCode":"IsInSubmodule"}
[2023-02-15 03:22:25.609] [exthost] [error] {"message":"Git error","stdout":"","stderr":"fatal: Pathspec '/my_ros_data/catkin_ws/src/prrexamples/src/pa_starters/wall_follower/src/driver.py' is in submodule 'catkin_ws/src/prrexamples'\n","exitCode":128,"gitErrorCode":"IsInSubmodule"}
[2023-02-15 03:22:25.609] [exthost] [error] {"message":"Git error","stdout":"","stderr":"fatal: Pathspec '/my_ros_data/catkin_ws/src/prrexamples/src/pa_starters/wall_follower/src/driver.py' is in submodule 'catkin_ws/src/prrexamples'\n","exitCode":128,"gitErrorCode":"IsInSubmodule"}
[2023-02-15 03:22:25.609] [exthost] [error] {"message":"Git error","stdout":"","stderr":"fatal: Pathspec '/my_ros_data/catkin_ws/src/prrexamples/src/pa_starters/wall_follower/src/driver.py' is in submodule 'catkin_ws/src/prrexamples'\n","exitCode":128,"gitErrorCode":"IsInSubmodule"}
[2023-02-15 03:22:25.609] [exthost] [error] {"message":"Git error","stdout":"","stderr":"fatal: Pathspec '/my_ros_data/catkin_ws/src/prrexamples/src/pa_starters/wall_follower/src/driver.py' is in submodule 'catkin_ws/src/prrexamples'\n","exitCode":128,"gitErrorCode":"IsInSubmodule"}
[2023-02-15 03:22:25.609] [exthost] [error] {"message":"Git error","stdout":"","stderr":"fatal: Pathspec '/my_ros_data/catkin_ws/src/prrexamples/src/pa_starters/wall_follower/src/driver.py' is in submodule 'catkin_ws/src/prrexamples'\n","exitCode":128,"gitErrorCode":"IsInSubmodule"}
[2023-02-15 03:22:25.609] [exthost] [error] {"message":"Git error","stdout":"","stderr":"fatal: Pathspec '/my_ros_data/catkin_ws/src/prrexamples/src/pa_starters/wall_follower/src/driver.py' is in submodule 'catkin_ws/src/prrexamples'\n","exitCode":128,"gitErrorCode":"IsInSubmodule"}
[2023-02-15 03:22:25.609] [exthost] [error] {"message":"Git error","stdout":"","stderr":"fatal: Pathspec '/my_ros_data/catkin_ws/src/prrexamples/src/pa_starters/wall_follower/src/driver.py' is in submodule 'catkin_ws/src/prrexamples'\n","exitCode":128,"gitErrorCode":"IsInSubmodule"}
[2023-02-15 03:22:25.609] [exthost] [error] {"message":"Git error","stdout":"","stderr":"fatal: Pathspec '/my_ros_data/catkin_ws/src/prrexamples/src/pa_starters/wall_follower/src/driver.py' is in submodule 'catkin_ws/src/prrexamples'\n","exitCode":128,"gitErrorCode":"IsInSubmodule"}
[2023-02-15 03:22:25.609] [exthost] [error] {"message":"Git error","stdout":"","stderr":"fatal: Pathspec '/my_ros_data/catkin_ws/src/prrexamples/src/pa_starters/wall_follower/src/driver.py' is in submodule 'catkin_ws/src/prrexamples'\n","exitCode":128,"gitErrorCode":"IsInSubmodule"}
[2023-02-15 03:22:25.609] [exthost] [error] {"message":"Git error","stdout":"","stderr":"fatal: Pathspec '/my_ros_data/catkin_ws/src/prrexamples/src/pa_starters/wall_follower/src/driver.py' is in submodule 'catkin_ws/src/prrexamples'\n","exitCode":128,"gitErrorCode":"IsInSubmodule"}
[2023-02-15 03:22:25.609] [exthost] [error] {"message":"Git error","stdout":"","stderr":"fatal: Pathspec '/my_ros_data/catkin_ws/src/prrexamples/src/pa_starters/wall_follower/src/driver.py' is in submodule 'catkin_ws/src/prrexamples'\n","exitCode":128,"gitErrorCode":"IsInSubmodule"}
[2023-02-15 03:22:25.609] [exthost] [error] {"message":"Git error","stdout":"","stderr":"fatal: Pathspec '/my_ros_data/catkin_ws/src/prrexamples/src/pa_starters/wall_follower/src/driver.py' is in submodule 'catkin_ws/src/prrexamples'\n","exitCode":128,"gitErrorCode":"IsInSubmodule"}
[2023-02-15 03:22:25.609] [exthost] [error] {"message":"Git error","stdout":"","stderr":"fatal: Pathspec '/my_ros_data/catkin_ws/src/prrexamples/src/pa_starters/wall_follower/src/driver.py' is in submodule 'catkin_ws/src/prrexamples'\n","exitCode":128,"gitErrorCode":"IsInSubmodule"}
[2023-02-15 03:22:25.609] [exthost] [error] {"message":"Git error","stdout":"","stderr":"fatal: Pathspec '/my_ros_data/catkin_ws/src/prrexamples/src/pa_starters/wall_follower/src/driver.py' is in submodule 'catkin_ws/src/prrexamples'\n","exitCode":128,"gitErrorCode":"IsInSubmodule"}
[2023-02-15 03:22:25.609] [exthost] [error] {"message":"Git error","stdout":"","stderr":"fatal: Pathspec '/my_ros_data/catkin_ws/src/prrexamples/src/pa_starters/wall_follower/src/driver.py' is in submodule 'catkin_ws/src/prrexamples'\n","exitCode":128,"gitErrorCode":"IsInSubmodule"}
[2023-02-15 03:22:25.609] [exthost] [error] {"message":"Git error","stdout":"","stderr":"fatal: Pathspec '/my_ros_data/catkin_ws/src/prrexamples/src/pa_starters/wall_follower/src/driver.py' is in submodule 'catkin_ws/src/prrexamples'\n","exitCode":128,"gitErrorCode":"IsInSubmodule"}
[2023-02-15 03:22:25.609] [exthost] [error] {"message":"Git error","stdout":"","stderr":"fatal: Pathspec '/my_ros_data/catkin_ws/src/prrexamples/src/pa_starters/wall_follower/src/driver.py' is in submodule 'catkin_ws/src/prrexamples'\n","exitCode":128,"gitErrorCode":"IsInSubmodule"}
[2023-02-15 03:22:25.609] [exthost] [error] {"message":"Git error","stdout":"","stderr":"fatal: Pathspec '/my_ros_data/catkin_ws/src/prrexamples/src/pa_starters/wall_follower/src/driver.py' is in submodule 'catkin_ws/src/prrexamples'\n","exitCode":128,"gitErrorCode":"IsInSubmodule"}
[2023-02-15 03:22:25.609] [exthost] [error] {"message":"Git error","stdout":"","stderr":"fatal: Pathspec '/my_ros_data/catkin_ws/src/prrexamples/src/pa_starters/wall_follower/src/driver.py' is in submodule 'catkin_ws/src/prrexamples'\n","exitCode":128,"gitErrorCode":"IsInSubmodule"}
[2023-02-15 03:22:25.609] [exthost] [error] {"message":"Git error","stdout":"","stderr":"fatal: Pathspec '/my_ros_data/catkin_ws/src/prrexamples/src/pa_starters/wall_follower/src/driver.py' is in submodule 'catkin_ws/src/prrexamples'\n","exitCode":128,"gitErrorCode":"IsInSubmodule"}
[2023-02-15 03:22:25.609] [exthost] [error] {"message":"Git error","stdout":"","stderr":"fatal: Pathspec '/my_ros_data/catkin_ws/src/prrexamples/src/pa_starters/wall_follower/src/driver.py' is in submodule 'catkin_ws/src/prrexamples'\n","exitCode":128,"gitErrorCode":"IsInSubmodule"}
[2023-02-15 03:22:25.609] [exthost] [error] {"message":"Git error","stdout":"","stderr":"fatal: Pathspec '/my_ros_data/catkin_ws/src/prrexamples/src/pa_starters/wall_follower/src/driver.py' is in submodule 'catkin_ws/src/prrexamples'\n","exitCode":128,"gitErrorCode":"IsInSubmodule"}
[2023-02-15 03:22:25.609] [exthost] [error] {"message":"Git error","stdout":"","stderr":"fatal: Pathspec '/my_ros_data/catkin_ws/src/prrexamples/src/pa_starters/wall_follower/src/driver.py' is in submodule 'catkin_ws/src/prrexamples'\n","exitCode":128,"gitErrorCode":"IsInSubmodule"}
[2023-02-15 03:22:25.609] [exthost] [error] {"message":"Git error","stdout":"","stderr":"fatal: Pathspec '/my_ros_data/catkin_ws/src/prrexamples/src/pa_starters/wall_follower/src/driver.py' is in submodule 'catkin_ws/src/prrexamples'\n","exitCode":128,"gitErrorCode":"IsInSubmodule"}
[2023-02-15 03:22:25.609] [exthost] [error] {"message":"Git error","stdout":"","stderr":"fatal: Pathspec '/my_ros_data/catkin_ws/src/prrexamples/src/pa_starters/wall_follower/src/driver.py' is in submodule 'catkin_ws/src/prrexamples'\n","exitCode":128,"gitErrorCode":"IsInSubmodule"}
[2023-02-15 03:22:25.609] [exthost] [error] {"message":"Git error","stdout":"","stderr":"fatal: Pathspec '/my_ros_data/catkin_ws/src/prrexamples/src/pa_starters/wall_follower/src/driver.py' is in submodule 'catkin_ws/src/prrexamples'\n","exitCode":128,"gitErrorCode":"IsInSubmodule"}
[2023-02-15 03:22:25.609] [exthost] [error] {"message":"Git error","stdout":"","stderr":"fatal: Pathspec '/my_ros_data/catkin_ws/src/prrexamples/src/pa_starters/wall_follower/src/driver.py' is in submodule 'catkin_ws/src/prrexamples'\n","exitCode":128,"gitErrorCode":"IsInSubmodule"}
[2023-02-15 03:22:25.609] [exthost] [error] {"message":"Git error","stdout":"","stderr":"fatal: Pathspec '/my_ros_data/catkin_ws/src/prrexamples/src/pa_starters/wall_follower/src/driver.py' is in submodule 'catkin_ws/src/prrexamples'\n","exitCode":128,"gitErrorCode":"IsInSubmodule"}
[2023-02-15 03:22:25.609] [exthost] [error] {"message":"Git error","stdout":"","stderr":"fatal: Pathspec '/my_ros_data/catkin_ws/src/prrexamples/src/pa_starters/wall_follower/src/driver.py' is in submodule 'catkin_ws/src/prrexamples'\n","exitCode":128,"gitErrorCode":"IsInSubmodule"}
[2023-02-15 03:22:25.609] [exthost] [error] {"message":"Git error","stdout":"","stderr":"fatal: Pathspec '/my_ros_data/catkin_ws/src/prrexamples/src/pa_starters/wall_follower/src/driver.py' is in submodule 'catkin_ws/src/prrexamples'\n","exitCode":128,"gitErrorCode":"IsInSubmodule"}
[2023-02-15 03:22:25.609] [exthost] [error] {"message":"Git error","stdout":"","stderr":"fatal: Pathspec '/my_ros_data/catkin_ws/src/prrexamples/src/pa_starters/wall_follower/src/driver.py' is in submodule 'catkin_ws/src/prrexamples'\n","exitCode":128,"gitErrorCode":"IsInSubmodule"}
[2023-02-15 03:22:25.609] [exthost] [error] {"message":"Git error","stdout":"","stderr":"fatal: Pathspec '/my_ros_data/catkin_ws/src/prrexamples/src/pa_starters/wall_follower/src/driver.py' is in submodule 'catkin_ws/src/prrexamples'\n","exitCode":128,"gitErrorCode":"IsInSubmodule"}
[2023-02-15 03:22:25.609] [exthost] [error] {"message":"Git error","stdout":"","stderr":"fatal: Pathspec '/my_ros_data/catkin_ws/src/prrexamples/src/pa_starters/wall_follower/src/driver.py' is in submodule 'catkin_ws/src/prrexamples'\n","exitCode":128,"gitErrorCode":"IsInSubmodule"}
[2023-02-15 03:22:25.609] [exthost] [error] {"message":"Git error","stdout":"","stderr":"fatal: Pathspec '/my_ros_data/catkin_ws/src/prrexamples/src/pa_starters/wall_follower/src/driver.py' is in submodule 'catkin_ws/src/prrexamples'\n","exitCode":128,"gitErrorCode":"IsInSubmodule"}
[2023-02-15 03:22:25.609] [exthost] [error] {"message":"Git error","stdout":"","stderr":"fatal: Pathspec '/my_ros_data/catkin_ws/src/prrexamples/src/pa_starters/wall_follower/src/driver.py' is in submodule 'catkin_ws/src/prrexamples'\n","exitCode":128,"gitErrorCode":"IsInSubmodule"}
[2023-02-15 03:22:25.609] [exthost] [error] {"message":"Git error","stdout":"","stderr":"fatal: Pathspec '/my_ros_data/catkin_ws/src/prrexamples/src/pa_starters/wall_follower/src/driver.py' is in submodule 'catkin_ws/src/prrexamples'\n","exitCode":128,"gitErrorCode":"IsInSubmodule"}
[2023-02-15 03:22:25.609] [exthost] [error] {"message":"Git error","stdout":"","stderr":"fatal: Pathspec '/my_ros_data/catkin_ws/src/prrexamples/src/pa_starters/wall_follower/src/driver.py' is in submodule 'catkin_ws/src/prrexamples'\n","exitCode":128,"gitErrorCode":"IsInSubmodule"}
[2023-02-15 03:22:25.609] [exthost] [error] {"message":"Git error","stdout":"","stderr":"fatal: Pathspec '/my_ros_data/catkin_ws/src/prrexamples/src/pa_starters/wall_follower/src/driver.py' is in submodule 'catkin_ws/src/prrexamples'\n","exitCode":128,"gitErrorCode":"IsInSubmodule"}
[2023-02-15 03:22:25.609] [exthost] [error] {"message":"Git error","stdout":"","stderr":"fatal: Pathspec '/my_ros_data/catkin_ws/src/prrexamples/src/pa_starters/wall_follower/src/driver.py' is in submodule 'catkin_ws/src/prrexamples'\n","exitCode":128,"gitErrorCode":"IsInSubmodule"}
[2023-02-15 03:22:25.609] [exthost] [error] {"message":"Git error","stdout":"","stderr":"fatal: Pathspec '/my_ros_data/catkin_ws/src/prrexamples/src/pa_starters/wall_follower/src/driver.py' is in submodule 'catkin_ws/src/prrexamples'\n","exitCode":128,"gitErrorCode":"IsInSubmodule"}
[2023-02-15 03:22:25.609] [exthost] [error] {"message":"Git error","stdout":"","stderr":"fatal: Pathspec '/my_ros_data/catkin_ws/src/prrexamples/src/pa_starters/wall_follower/src/driver.py' is in submodule 'catkin_ws/src/prrexamples'\n","exitCode":128,"gitErrorCode":"IsInSubmodule"}
[2023-02-15 03:22:25.609] [exthost] [error] {"message":"Git error","stdout":"","stderr":"fatal: Pathspec '/my_ros_data/catkin_ws/src/prrexamples/src/pa_starters/wall_follower/src/driver.py' is in submodule 'catkin_ws/src/prrexamples'\n","exitCode":128,"gitErrorCode":"IsInSubmodule"}
[2023-02-15 03:22:25.609] [exthost] [error] {"message":"Git error","stdout":"","stderr":"fatal: Pathspec '/my_ros_data/catkin_ws/src/prrexamples/src/pa_starters/wall_follower/src/driver.py' is in submodule 'catkin_ws/src/prrexamples'\n","exitCode":128,"gitErrorCode":"IsInSubmodule"}
[2023-02-15 03:22:25.609] [exthost] [error] {"message":"Git error","stdout":"","stderr":"fatal: Pathspec '/my_ros_data/catkin_ws/src/prrexamples/src/pa_starters/wall_follower/src/driver.py' is in submodule 'catkin_ws/src/prrexamples'\n","exitCode":128,"gitErrorCode":"IsInSubmodule"}
[2023-02-15 03:22:25.609] [exthost] [error] {"message":"Git error","stdout":"","stderr":"fatal: Pathspec '/my_ros_data/catkin_ws/src/prrexamples/src/pa_starters/wall_follower/src/driver.py' is in submodule 'catkin_ws/src/prrexamples'\n","exitCode":128,"gitErrorCode":"IsInSubmodule"}
[2023-02-15 03:22:25.609] [exthost] [error] {"message":"Git error","stdout":"","stderr":"fatal: Pathspec '/my_ros_data/catkin_ws/src/prrexamples/src/pa_starters/wall_follower/src/driver.py' is in submodule 'catkin_ws/src/prrexamples'\n","exitCode":128,"gitErrorCode":"IsInSubmodule"}
[2023-02-15 03:22:25.609] [exthost] [error] {"message":"Git error","stdout":"","stderr":"fatal: Pathspec '/my_ros_data/catkin_ws/src/prrexamples/src/pa_starters/wall_follower/src/driver.py' is in submodule 'catkin_ws/src/prrexamples'\n","exitCode":128,"gitErrorCode":"IsInSubmodule"}
[2023-02-15 03:22:25.609] [exthost] [error] {"message":"Git error","stdout":"","stderr":"fatal: Pathspec '/my_ros_data/catkin_ws/src/prrexamples/src/pa_starters/wall_follower/src/driver.py' is in submodule 'catkin_ws/src/prrexamples'\n","exitCode":128,"gitErrorCode":"IsInSubmodule"}
[2023-02-15 03:22:25.609] [exthost] [error] {"message":"Git error","stdout":"","stderr":"fatal: Pathspec '/my_ros_data/catkin_ws/src/prrexamples/src/pa_starters/wall_follower/src/driver.py' is in submodule 'catkin_ws/src/prrexamples'\n","exitCode":128,"gitErrorCode":"IsInSubmodule"}
[2023-02-15 03:22:25.609] [exthost] [error] {"message":"Git error","stdout":"","stderr":"fatal: Pathspec '/my_ros_data/catkin_ws/src/prrexamples/src/pa_starters/wall_follower/src/driver.py' is in submodule 'catkin_ws/src/prrexamples'\n","exitCode":128,"gitErrorCode":"IsInSubmodule"}
[2023-02-15 03:22:25.609] [exthost] [error] {"message":"Git error","stdout":"","stderr":"fatal: Pathspec '/my_ros_data/catkin_ws/src/prrexamples/src/pa_starters/wall_follower/src/driver.py' is in submodule 'catkin_ws/src/prrexamples'\n","exitCode":128,"gitErrorCode":"IsInSubmodule"}
[2023-02-15 03:22:25.609] [exthost] [error] {"message":"Git error","stdout":"","stderr":"fatal: Pathspec '/my_ros_data/catkin_ws/src/prrexamples/src/pa_starters/wall_follower/src/driver.py' is in submodule 'catkin_ws/src/prrexamples'\n","exitCode":128,"gitErrorCode":"IsInSubmodule"}
[2023-02-15 03:22:25.609] [exthost] [error] {"message":"Git error","stdout":"","stderr":"fatal: Pathspec '/my_ros_data/catkin_ws/src/prrexamples/src/pa_starters/wall_follower/src/driver.py' is in submodule 'catkin_ws/src/prrexamples'\n","exitCode":128,"gitErrorCode":"IsInSubmodule"}
[2023-02-15 03:22:25.609] [exthost] [error] {"message":"Git error","stdout":"","stderr":"fatal: Pathspec '/my_ros_data/catkin_ws/src/prrexamples/src/pa_starters/wall_follower/src/driver.py' is in submodule 'catkin_ws/src/prrexamples'\n","exitCode":128,"gitErrorCode":"IsInSubmodule"}
[2023-02-15 03:22:25.609] [exthost] [error] {"message":"Git error","stdout":"","stderr":"fatal: Pathspec '/my_ros_data/catkin_ws/src/prrexamples/src/pa_starters/wall_follower/src/driver.py' is in submodule 'catkin_ws/src/prrexamples'\n","exitCode":128,"gitErrorCode":"IsInSubmodule"}
[2023-02-15 03:22:25.609] [exthost] [error] {"message":"Git error","stdout":"","stderr":"fatal: Pathspec '/my_ros_data/catkin_ws/src/prrexamples/src/pa_starters/wall_follower/src/driver.py' is in submodule 'catkin_ws/src/prrexamples'\n","exitCode":128,"gitErrorCode":"IsInSubmodule"}
[2023-02-15 03:22:25.609] [exthost] [error] {"message":"Git error","stdout":"","stderr":"fatal: Pathspec '/my_ros_data/catkin_ws/src/prrexamples/src/pa_starters/wall_follower/src/driver.py' is in submodule 'catkin_ws/src/prrexamples'\n","exitCode":128,"gitErrorCode":"IsInSubmodule"}
[2023-02-15 03:22:25.609] [exthost] [error] {"message":"Git error","stdout":"","stderr":"fatal: Pathspec '/my_ros_data/catkin_ws/src/prrexamples/src/pa_starters/wall_follower/src/driver.py' is in submodule 'catkin_ws/src/prrexamples'\n","exitCode":128,"gitErrorCode":"IsInSubmodule"}
[2023-02-15 03:22:25.609] [exthost] [error] {"message":"Git error","stdout":"","stderr":"fatal: Pathspec '/my_ros_data/catkin_ws/src/prrexamples/src/pa_starters/wall_follower/src/driver.py' is in submodule 'catkin_ws/src/prrexamples'\n","exitCode":128,"gitErrorCode":"IsInSubmodule"}
[2023-02-15 03:22:25.609] [exthost] [error] {"message":"Git error","stdout":"","stderr":"fatal: Pathspec '/my_ros_data/catkin_ws/src/prrexamples/src/pa_starters/wall_follower/src/driver.py' is in submodule 'catkin_ws/src/prrexamples'\n","exitCode":128,"gitErrorCode":"IsInSubmodule"}
[2023-02-15 03:22:25.609] [exthost] [error] {"message":"Git error","stdout":"","stderr":"fatal: Pathspec '/my_ros_data/catkin_ws/src/prrexamples/src/pa_starters/wall_follower/src/driver.py' is in submodule 'catkin_ws/src/prrexamples'\n","exitCode":128,"gitErrorCode":"IsInSubmodule"}
[2023-02-15 03:22:25.609] [exthost] [error] {"message":"Git error","stdout":"","stderr":"fatal: Pathspec '/my_ros_data/catkin_ws/src/prrexamples/src/pa_starters/wall_follower/src/driver.py' is in submodule 'catkin_ws/src/prrexamples'\n","exitCode":128,"gitErrorCode":"IsInSubmodule"}
[2023-02-15 03:22:25.609] [exthost] [error] {"message":"Git error","stdout":"","stderr":"fatal: Pathspec '/my_ros_data/catkin_ws/src/prrexamples/src/pa_starters/wall_follower/src/driver.py' is in submodule 'catkin_ws/src/prrexamples'\n","exitCode":128,"gitErrorCode":"IsInSubmodule"}
[2023-02-15 03:22:25.609] [exthost] [error] {"message":"Git error","stdout":"","stderr":"fatal: Pathspec '/my_ros_data/catkin_ws/src/prrexamples/src/pa_starters/wall_follower/src/driver.py' is in submodule 'catkin_ws/src/prrexamples'\n","exitCode":128,"gitErrorCode":"IsInSubmodule"}
[2023-02-15 03:22:25.609] [exthost] [error] {"message":"Git error","stdout":"","stderr":"fatal: Pathspec '/my_ros_data/catkin_ws/src/prrexamples/src/pa_starters/wall_follower/src/driver.py' is in submodule 'catkin_ws/src/prrexamples'\n","exitCode":128,"gitErrorCode":"IsInSubmodule"}
[2023-02-15 03:22:25.609] [exthost] [error] {"message":"Git error","stdout":"","stderr":"fatal: Pathspec '/my_ros_data/catkin_ws/src/prrexamples/src/pa_starters/wall_follower/src/driver.py' is in submodule 'catkin_ws/src/prrexamples'\n","exitCode":128,"gitErrorCode":"IsInSubmodule"}
[2023-02-15 03:22:25.609] [exthost] [error] {"message":"Git error","stdout":"","stderr":"fatal: Pathspec '/my_ros_data/catkin_ws/src/prrexamples/src/pa_starters/wall_follower/src/driver.py' is in submodule 'catkin_ws/src/prrexamples'\n","exitCode":128,"gitErrorCode":"IsInSubmodule"}
[2023-02-15 03:22:25.609] [exthost] [error] {"message":"Git error","stdout":"","stderr":"fatal: Pathspec '/my_ros_data/catkin_ws/src/prrexamples/src/pa_starters/wall_follower/src/driver.py' is in submodule 'catkin_ws/src/prrexamples'\n","exitCode":128,"gitErrorCode":"IsInSubmodule"}
[2023-02-15 03:22:25.609] [exthost] [error] {"message":"Git error","stdout":"","stderr":"fatal: Pathspec '/my_ros_data/catkin_ws/src/prrexamples/src/pa_starters/wall_follower/src/driver.py' is in submodule 'catkin_ws/src/prrexamples'\n","exitCode":128,"gitErrorCode":"IsInSubmodule"}
[2023-02-15 03:22:25.609] [exthost] [error] {"message":"Git error","stdout":"","stderr":"fatal: Pathspec '/my_ros_data/catkin_ws/src/prrexamples/src/pa_starters/wall_follower/src/driver.py' is in submodule 'catkin_ws/src/prrexamples'\n","exitCode":128,"gitErrorCode":"IsInSubmodule"}
[2023-02-15 03:22:34.949] [exthost] [error] {"message":"Git error","stdout":"","stderr":"fatal: Pathspec '/my_ros_data/catkin_ws/src/prrexamples/srv' is in submodule 'catkin_ws/src/prrexamples'\n","exitCode":128,"gitErrorCode":"IsInSubmodule"}
[2023-02-15 03:22:34.949] [exthost] [error] {"message":"Git error","stdout":"","stderr":"fatal: Pathspec '/my_ros_data/catkin_ws/src/prrexamples/srv' is in submodule 'catkin_ws/src/prrexamples'\n","exitCode":128,"gitErrorCode":"IsInSubmodule"}
[2023-02-15 03:22:34.949] [exthost] [error] {"message":"Git error","stdout":"","stderr":"fatal: Pathspec '/my_ros_data/catkin_ws/src/prrexamples/srv' is in submodule 'catkin_ws/src/prrexamples'\n","exitCode":128,"gitErrorCode":"IsInSubmodule"}
[2023-02-15 03:22:34.949] [exthost] [error] {"message":"Git error","stdout":"","stderr":"fatal: Pathspec '/my_ros_data/catkin_ws/src/prrexamples/srv' is in submodule 'catkin_ws/src/prrexamples'\n","exitCode":128,"gitErrorCode":"IsInSubmodule"}
[2023-02-15 03:22:34.949] [exthost] [error] {"message":"Git error","stdout":"","stderr":"fatal: Pathspec '/my_ros_data/catkin_ws/src/prrexamples/srv' is in submodule 'catkin_ws/src/prrexamples'\n","exitCode":128,"gitErrorCode":"IsInSubmodule"}
[2023-02-15 03:22:34.949] [exthost] [error] {"message":"Git error","stdout":"","stderr":"fatal: Pathspec '/my_ros_data/catkin_ws/src/prrexamples/srv' is in submodule 'catkin_ws/src/prrexamples'\n","exitCode":128,"gitErrorCode":"IsInSubmodule"}
[2023-02-15 03:22:34.949] [exthost] [error] {"message":"Git error","stdout":"","stderr":"fatal: Pathspec '/my_ros_data/catkin_ws/src/prrexamples/srv' is in submodule 'catkin_ws/src/prrexamples'\n","exitCode":128,"gitErrorCode":"IsInSubmodule"}
[2023-02-15 03:22:34.949] [exthost] [error] {"message":"Git error","stdout":"","stderr":"fatal: Pathspec '/my_ros_data/catkin_ws/src/prrexamples/srv' is in submodule 'catkin_ws/src/prrexamples'\n","exitCode":128,"gitErrorCode":"IsInSubmodule"}
[2023-02-15 03:22:34.949] [exthost] [error] {"message":"Git error","stdout":"","stderr":"fatal: Pathspec '/my_ros_data/catkin_ws/src/prrexamples/srv' is in submodule 'catkin_ws/src/prrexamples'\n","exitCode":128,"gitErrorCode":"IsInSubmodule"}
[2023-02-15 03:22:34.949] [exthost] [error] {"message":"Git error","stdout":"","stderr":"fatal: Pathspec '/my_ros_data/catkin_ws/src/prrexamples/srv' is in submodule 'catkin_ws/src/prrexamples'\n","exitCode":128,"gitErrorCode":"IsInSubmodule"}
[2023-02-15 03:22:34.949] [exthost] [error] {"message":"Git error","stdout":"","stderr":"fatal: Pathspec '/my_ros_data/catkin_ws/src/prrexamples/srv' is in submodule 'catkin_ws/src/prrexamples'\n","exitCode":128,"gitErrorCode":"IsInSubmodule"}
[2023-02-15 03:22:34.949] [exthost] [error] {"message":"Git error","stdout":"","stderr":"fatal: Pathspec '/my_ros_data/catkin_ws/src/prrexamples/srv' is in submodule 'catkin_ws/src/prrexamples'\n","exitCode":128,"gitErrorCode":"IsInSubmodule"}
[2023-02-15 03:22:34.949] [exthost] [error] {"message":"Git error","stdout":"","stderr":"fatal: Pathspec '/my_ros_data/catkin_ws/src/prrexamples/srv' is in submodule 'catkin_ws/src/prrexamples'\n","exitCode":128,"gitErrorCode":"IsInSubmodule"}
[2023-02-15 03:22:34.949] [exthost] [error] {"message":"Git error","stdout":"","stderr":"fatal: Pathspec '/my_ros_data/catkin_ws/src/prrexamples/srv' is in submodule 'catkin_ws/src/prrexamples'\n","exitCode":128,"gitErrorCode":"IsInSubmodule"}
[2023-02-15 03:22:34.949] [exthost] [error] {"message":"Git error","stdout":"","stderr":"fatal: Pathspec '/my_ros_data/catkin_ws/src/prrexamples/srv' is in submodule 'catkin_ws/src/prrexamples'\n","exitCode":128,"gitErrorCode":"IsInSubmodule"}
[2023-02-15 03:22:34.949] [exthost] [error] {"message":"Git error","stdout":"","stderr":"fatal: Pathspec '/my_ros_data/catkin_ws/src/prrexamples/srv' is in submodule 'catkin_ws/src/prrexamples'\n","exitCode":128,"gitErrorCode":"IsInSubmodule"}
[2023-02-15 03:22:34.949] [exthost] [error] {"message":"Git error","stdout":"","stderr":"fatal: Pathspec '/my_ros_data/catkin_ws/src/prrexamples/srv' is in submodule 'catkin_ws/src/prrexamples'\n","exitCode":128,"gitErrorCode":"IsInSubmodule"}
[2023-02-15 03:22:34.949] [exthost] [error] {"message":"Git error","stdout":"","stderr":"fatal: Pathspec '/my_ros_data/catkin_ws/src/prrexamples/srv' is in submodule 'catkin_ws/src/prrexamples'\n","exitCode":128,"gitErrorCode":"IsInSubmodule"}
[2023-02-15 03:22:34.949] [exthost] [error] {"message":"Git error","stdout":"","stderr":"fatal: Pathspec '/my_ros_data/catkin_ws/src/prrexamples/srv' is in submodule 'catkin_ws/src/prrexamples'\n","exitCode":128,"gitErrorCode":"IsInSubmodule"}
[2023-02-15 03:22:38.043] [exthost] [error] {"message":"Git error","stdout":"","stderr":"fatal: Pathspec '/my_ros_data/catkin_ws/src/prrexamples/src/follower_line_finder.py' is in submodule 'catkin_ws/src/prrexamples'\n","exitCode":128,"gitErrorCode":"IsInSubmodule"}
[2023-02-15 03:22:38.043] [exthost] [error] {"message":"Git error","stdout":"","stderr":"fatal: Pathspec '/my_ros_data/catkin_ws/src/prrexamples/src/follower_line_finder.py' is in submodule 'catkin_ws/src/prrexamples'\n","exitCode":128,"gitErrorCode":"IsInSubmodule"}
[2023-02-15 03:22:38.043] [exthost] [error] {"message":"Git error","stdout":"","stderr":"fatal: Pathspec '/my_ros_data/catkin_ws/src/prrexamples/src/follower_line_finder.py' is in submodule 'catkin_ws/src/prrexamples'\n","exitCode":128,"gitErrorCode":"IsInSubmodule"}
[2023-02-15 03:22:38.043] [exthost] [error] {"message":"Git error","stdout":"","stderr":"fatal: Pathspec '/my_ros_data/catkin_ws/src/prrexamples/src/follower_line_finder.py' is in submodule 'catkin_ws/src/prrexamples'\n","exitCode":128,"gitErrorCode":"IsInSubmodule"}
[2023-02-15 03:22:38.043] [exthost] [error] {"message":"Git error","stdout":"","stderr":"fatal: Pathspec '/my_ros_data/catkin_ws/src/prrexamples/src/follower_line_finder.py' is in submodule 'catkin_ws/src/prrexamples'\n","exitCode":128,"gitErrorCode":"IsInSubmodule"}
[2023-02-15 03:22:38.043] [exthost] [error] {"message":"Git error","stdout":"","stderr":"fatal: Pathspec '/my_ros_data/catkin_ws/src/prrexamples/src/follower_line_finder.py' is in submodule 'catkin_ws/src/prrexamples'\n","exitCode":128,"gitErrorCode":"IsInSubmodule"}
[2023-02-15 03:23:13.946] [exthost] [error] {"message":"Git error","stdout":"","stderr":"fatal: Pathspec '/my_ros_data/catkin_ws/src/prrexamples/src/fsm_example.py' is in submodule 'catkin_ws/src/prrexamples'\n","exitCode":128,"gitErrorCode":"IsInSubmodule"}
[2023-02-15 03:23:13.946] [exthost] [error] {"message":"Git error","stdout":"","stderr":"fatal: Pathspec '/my_ros_data/catkin_ws/src/prrexamples/src/fsm_example.py' is in submodule 'catkin_ws/src/prrexamples'\n","exitCode":128,"gitErrorCode":"IsInSubmodule"}
[2023-02-15 03:23:13.946] [exthost] [error] {"message":"Git error","stdout":"","stderr":"fatal: Pathspec '/my_ros_data/catkin_ws/src/prrexamples/src/fsm_example.py' is in submodule 'catkin_ws/src/prrexamples'\n","exitCode":128,"gitErrorCode":"IsInSubmodule"}
[2023-02-15 03:23:13.946] [exthost] [error] {"message":"Git error","stdout":"","stderr":"fatal: Pathspec '/my_ros_data/catkin_ws/src/prrexamples/src/fsm_example.py' is in submodule 'catkin_ws/src/prrexamples'\n","exitCode":128,"gitErrorCode":"IsInSubmodule"}
[2023-02-15 03:23:13.946] [exthost] [error] {"message":"Git error","stdout":"","stderr":"fatal: Pathspec '/my_ros_data/catkin_ws/src/prrexamples/src/fsm_example.py' is in submodule 'catkin_ws/src/prrexamples'\n","exitCode":128,"gitErrorCode":"IsInSubmodule"}
[2023-02-15 03:23:13.946] [exthost] [error] {"message":"Git error","stdout":"","stderr":"fatal: Pathspec '/my_ros_data/catkin_ws/src/prrexamples/src/fsm_example.py' is in submodule 'catkin_ws/src/prrexamples'\n","exitCode":128,"gitErrorCode":"IsInSubmodule"}
[2023-02-15 03:23:13.946] [exthost] [error] {"message":"Git error","stdout":"","stderr":"fatal: Pathspec '/my_ros_data/catkin_ws/src/prrexamples/src/fsm_example.py' is in submodule 'catkin_ws/src/prrexamples'\n","exitCode":128,"gitErrorCode":"IsInSubmodule"}
[2023-02-15 03:23:13.946] [exthost] [error] {"message":"Git error","stdout":"","stderr":"fatal: Pathspec '/my_ros_data/catkin_ws/src/prrexamples/src/fsm_example.py' is in submodule 'catkin_ws/src/prrexamples'\n","exitCode":128,"gitErrorCode":"IsInSubmodule"}
[2023-02-15 03:23:13.946] [exthost] [error] {"message":"Git error","stdout":"","stderr":"fatal: Pathspec '/my_ros_data/catkin_ws/src/prrexamples/src/fsm_example.py' is in submodule 'catkin_ws/src/prrexamples'\n","exitCode":128,"gitErrorCode":"IsInSubmodule"}
[2023-02-15 03:23:13.946] [exthost] [error] {"message":"Git error","stdout":"","stderr":"fatal: Pathspec '/my_ros_data/catkin_ws/src/prrexamples/src/fsm_example.py' is in submodule 'catkin_ws/src/prrexamples'\n","exitCode":128,"gitErrorCode":"IsInSubmodule"}
[2023-02-15 03:23:13.946] [exthost] [error] {"message":"Git error","stdout":"","stderr":"fatal: Pathspec '/my_ros_data/catkin_ws/src/prrexamples/src/fsm_example.py' is in submodule 'catkin_ws/src/prrexamples'\n","exitCode":128,"gitErrorCode":"IsInSubmodule"}
[2023-02-15 03:23:13.946] [exthost] [error] {"message":"Git error","stdout":"","stderr":"fatal: Pathspec '/my_ros_data/catkin_ws/src/prrexamples/src/fsm_example.py' is in submodule 'catkin_ws/src/prrexamples'\n","exitCode":128,"gitErrorCode":"IsInSubmodule"}
[2023-02-15 03:23:13.946] [exthost] [error] {"message":"Git error","stdout":"","stderr":"fatal: Pathspec '/my_ros_data/catkin_ws/src/prrexamples/src/fsm_example.py' is in submodule 'catkin_ws/src/prrexamples'\n","exitCode":128,"gitErrorCode":"IsInSubmodule"}
[2023-02-15 03:23:13.947] [exthost] [error] {"message":"Git error","stdout":"","stderr":"fatal: Pathspec '/my_ros_data/catkin_ws/src/prrexamples/src/fsm_example.py' is in submodule 'catkin_ws/src/prrexamples'\n","exitCode":128,"gitErrorCode":"IsInSubmodule"}
[2023-02-15 03:23:13.947] [exthost] [error] {"message":"Git error","stdout":"","stderr":"fatal: Pathspec '/my_ros_data/catkin_ws/src/prrexamples/src/fsm_example.py' is in submodule 'catkin_ws/src/prrexamples'\n","exitCode":128,"gitErrorCode":"IsInSubmodule"}
[2023-02-15 03:23:13.947] [exthost] [error] {"message":"Git error","stdout":"","stderr":"fatal: Pathspec '/my_ros_data/catkin_ws/src/prrexamples/src/fsm_example.py' is in submodule 'catkin_ws/src/prrexamples'\n","exitCode":128,"gitErrorCode":"IsInSubmodule"}
[2023-02-15 03:23:15.643] [exthost] [error] {"message":"Git error","stdout":"","stderr":"fatal: Pathspec '/my_ros_data/catkin_ws/src/prrexamples/src/service_server.py' is in submodule 'catkin_ws/src/prrexamples'\n","exitCode":128,"gitErrorCode":"IsInSubmodule"}
[2023-02-15 03:23:15.643] [exthost] [error] {"message":"Git error","stdout":"","stderr":"fatal: Pathspec '/my_ros_data/catkin_ws/src/prrexamples/src/service_server.py' is in submodule 'catkin_ws/src/prrexamples'\n","exitCode":128,"gitErrorCode":"IsInSubmodule"}
[2023-02-15 03:23:15.643] [exthost] [error] {"message":"Git error","stdout":"","stderr":"fatal: Pathspec '/my_ros_data/catkin_ws/src/prrexamples/src/service_server.py' is in submodule 'catkin_ws/src/prrexamples'\n","exitCode":128,"gitErrorCode":"IsInSubmodule"}
[2023-02-15 03:23:15.643] [exthost] [error] {"message":"Git error","stdout":"","stderr":"fatal: Pathspec '/my_ros_data/catkin_ws/src/prrexamples/src/service_server.py' is in submodule 'catkin_ws/src/prrexamples'\n","exitCode":128,"gitErrorCode":"IsInSubmodule"}
[2023-02-15 03:23:15.643] [exthost] [error] {"message":"Git error","stdout":"","stderr":"fatal: Pathspec '/my_ros_data/catkin_ws/src/prrexamples/src/service_server.py' is in submodule 'catkin_ws/src/prrexamples'\n","exitCode":128,"gitErrorCode":"IsInSubmodule"}
[2023-02-15 03:23:15.643] [exthost] [error] {"message":"Git error","stdout":"","stderr":"fatal: Pathspec '/my_ros_data/catkin_ws/src/prrexamples/src/service_server.py' is in submodule 'catkin_ws/src/prrexamples'\n","exitCode":128,"gitErrorCode":"IsInSubmodule"}
[2023-02-15 03:23:15.643] [exthost] [error] {"message":"Git error","stdout":"","stderr":"fatal: Pathspec '/my_ros_data/catkin_ws/src/prrexamples/src/service_server.py' is in submodule 'catkin_ws/src/prrexamples'\n","exitCode":128,"gitErrorCode":"IsInSubmodule"}
[2023-02-15 03:23:15.643] [exthost] [error] {"message":"Git error","stdout":"","stderr":"fatal: Pathspec '/my_ros_data/catkin_ws/src/prrexamples/src/service_server.py' is in submodule 'catkin_ws/src/prrexamples'\n","exitCode":128,"gitErrorCode":"IsInSubmodule"}
[2023-02-15 03:23:15.643] [exthost] [error] {"message":"Git error","stdout":"","stderr":"fatal: Pathspec '/my_ros_data/catkin_ws/src/prrexamples/src/service_server.py' is in submodule 'catkin_ws/src/prrexamples'\n","exitCode":128,"gitErrorCode":"IsInSubmodule"}
