[rosmaster.main][INFO] 2023-02-14 22:09:27,995: initialization complete, waiting for shutdown
[rosmaster.main][INFO] 2023-02-14 22:09:27,995: Starting ROS Master Node
[xmlrpc][INFO] 2023-02-14 22:09:27,996: XML-RPC server binding to 0.0.0.0:11311
[xmlrpc][INFO] 2023-02-14 22:09:27,996: Started XML-RPC server [http://michaeljiang-clouddesktop-deployment-798ccff866-hvfzw:11311/]
[xmlrpc][INFO] 2023-02-14 22:09:27,996: xml rpc node: starting XML-RPC server
[rosmaster.master][INFO] 2023-02-14 22:09:27,997: Master initialized: port[11311], uri[http://michaeljiang-clouddesktop-deployment-798ccff866-hvfzw:11311/]
[rosmaster.master][INFO] 2023-02-14 22:09:28,083: +PARAM [/run_id] by /roslaunch
[rosmaster.master][INFO] 2023-02-14 22:09:28,085: +PARAM [/roslaunch/uris/host_michaeljiang_clouddesktop_deployment_798ccff866_hvfzw__41281] by /roslaunch
[rosmaster.master][INFO] 2023-02-14 22:09:28,151: +PARAM [/rosversion] by /roslaunch
[rosmaster.master][INFO] 2023-02-14 22:09:28,151: +PARAM [/rosdistro] by /roslaunch
[rosmaster.master][INFO] 2023-02-14 22:09:28,151: +PARAM [/use_sim_time] by /roslaunch
[rosmaster.master][INFO] 2023-02-14 22:09:28,151: +PARAM [/gazebo/enable_ros_network] by /roslaunch
[rosmaster.master][INFO] 2023-02-14 22:09:28,151: +PARAM [/robot_description] by /roslaunch
[rosmaster.master][INFO] 2023-02-14 22:09:28,162: +SERVICE [/rosout/get_loggers] /rosout http://michaeljiang-clouddesktop-deployment-798ccff866-hvfzw:36339/
[rosmaster.master][INFO] 2023-02-14 22:09:28,166: +SERVICE [/rosout/set_logger_level] /rosout http://michaeljiang-clouddesktop-deployment-798ccff866-hvfzw:36339/
[rosmaster.master][INFO] 2023-02-14 22:09:28,172: +PUB [/rosout_agg] /rosout http://michaeljiang-clouddesktop-deployment-798ccff866-hvfzw:36339/
[rosmaster.master][INFO] 2023-02-14 22:09:28,183: +SUB [/rosout] /rosout http://michaeljiang-clouddesktop-deployment-798ccff866-hvfzw:36339/
[rosmaster.master][INFO] 2023-02-14 22:09:28,573: +PUB [/rosout] /spawn_urdf http://michaeljiang-clouddesktop-deployment-798ccff866-hvfzw:34789/
[rosmaster.master][INFO] 2023-02-14 22:09:28,593: +SUB [/clock] /spawn_urdf http://michaeljiang-clouddesktop-deployment-798ccff866-hvfzw:34789/
[rosmaster.master][INFO] 2023-02-14 22:09:28,595: +SERVICE [/spawn_urdf/get_loggers] /spawn_urdf http://michaeljiang-clouddesktop-deployment-798ccff866-hvfzw:34789/
[rosmaster.master][INFO] 2023-02-14 22:09:28,597: +SERVICE [/spawn_urdf/set_logger_level] /spawn_urdf http://michaeljiang-clouddesktop-deployment-798ccff866-hvfzw:34789/
[rosmaster.master][INFO] 2023-02-14 22:09:28,597: publisherUpdate[/rosout] -> http://michaeljiang-clouddesktop-deployment-798ccff866-hvfzw:36339/ ['http://michaeljiang-clouddesktop-deployment-798ccff866-hvfzw:34789/']
[rosmaster.master][INFO] 2023-02-14 22:09:28,601: +CACHEDPARAM [/rosout_disable_topics_generation] by /spawn_urdf
[rosmaster.master][INFO] 2023-02-14 22:09:28,624: +CACHEDPARAM [/rosout_disable_topics_generation] by /spawn_urdf
[rosmaster.master][INFO] 2023-02-14 22:09:28,669: publisherUpdate[/rosout] -> http://michaeljiang-clouddesktop-deployment-798ccff866-hvfzw:36339/ ['http://michaeljiang-clouddesktop-deployment-798ccff866-hvfzw:34789/']: sec=0.07, result=[1, '', 0]
[rosmaster.master][INFO] 2023-02-14 22:09:28,874: +CACHEDPARAM [/rosout/omit_topics] by /rosout
[rosmaster.master][INFO] 2023-02-14 22:09:28,982: +PUB [/rosout] /gazebo http://michaeljiang-clouddesktop-deployment-798ccff866-hvfzw:45893/
[rosmaster.master][INFO] 2023-02-14 22:09:28,987: +SERVICE [/gazebo/get_loggers] /gazebo http://michaeljiang-clouddesktop-deployment-798ccff866-hvfzw:45893/
[rosmaster.master][INFO] 2023-02-14 22:09:28,988: +SERVICE [/gazebo/set_logger_level] /gazebo http://michaeljiang-clouddesktop-deployment-798ccff866-hvfzw:45893/
[rosmaster.master][INFO] 2023-02-14 22:09:28,992: +CACHEDPARAM [/rosout_disable_topics_generation] by /gazebo
[rosmaster.master][INFO] 2023-02-14 22:09:28,998: +PUB [/rosout] /gazebo_gui http://michaeljiang-clouddesktop-deployment-798ccff866-hvfzw:37579/
[rosmaster.master][INFO] 2023-02-14 22:09:29,002: +SERVICE [/gazebo_gui/get_loggers] /gazebo_gui http://michaeljiang-clouddesktop-deployment-798ccff866-hvfzw:37579/
[rosmaster.master][INFO] 2023-02-14 22:09:29,007: publisherUpdate[/rosout] -> http://michaeljiang-clouddesktop-deployment-798ccff866-hvfzw:36339/ ['http://michaeljiang-clouddesktop-deployment-798ccff866-hvfzw:34789/', 'http://michaeljiang-clouddesktop-deployment-798ccff866-hvfzw:45893/']
[rosmaster.master][INFO] 2023-02-14 22:09:29,011: +SERVICE [/gazebo_gui/set_logger_level] /gazebo_gui http://michaeljiang-clouddesktop-deployment-798ccff866-hvfzw:37579/
[rosmaster.master][INFO] 2023-02-14 22:09:29,034: publisherUpdate[/rosout] -> http://michaeljiang-clouddesktop-deployment-798ccff866-hvfzw:36339/ ['http://michaeljiang-clouddesktop-deployment-798ccff866-hvfzw:34789/', 'http://michaeljiang-clouddesktop-deployment-798ccff866-hvfzw:45893/']: sec=0.03, result=[1, '', 0]
[rosmaster.master][INFO] 2023-02-14 22:09:29,034: publisherUpdate[/rosout] -> http://michaeljiang-clouddesktop-deployment-798ccff866-hvfzw:36339/ ['http://michaeljiang-clouddesktop-deployment-798ccff866-hvfzw:34789/', 'http://michaeljiang-clouddesktop-deployment-798ccff866-hvfzw:45893/', 'http://michaeljiang-clouddesktop-deployment-798ccff866-hvfzw:37579/']
[rosmaster.master][INFO] 2023-02-14 22:09:29,035: publisherUpdate[/rosout] -> http://michaeljiang-clouddesktop-deployment-798ccff866-hvfzw:36339/ ['http://michaeljiang-clouddesktop-deployment-798ccff866-hvfzw:34789/', 'http://michaeljiang-clouddesktop-deployment-798ccff866-hvfzw:45893/', 'http://michaeljiang-clouddesktop-deployment-798ccff866-hvfzw:37579/']: sec=0.00, result=[1, '', 0]
[rosmaster.master][INFO] 2023-02-14 22:09:29,048: +CACHEDPARAM [/rosout_disable_topics_generation] by /gazebo_gui
[rosmaster.master][INFO] 2023-02-14 22:09:31,110: +PUB [/clock] /gazebo http://michaeljiang-clouddesktop-deployment-798ccff866-hvfzw:45893/
[rosmaster.master][INFO] 2023-02-14 22:09:31,123: +SERVICE [/gazebo/spawn_sdf_model] /gazebo http://michaeljiang-clouddesktop-deployment-798ccff866-hvfzw:45893/
[rosmaster.master][INFO] 2023-02-14 22:09:31,129: +SERVICE [/gazebo/spawn_urdf_model] /gazebo http://michaeljiang-clouddesktop-deployment-798ccff866-hvfzw:45893/
[rosmaster.master][INFO] 2023-02-14 22:09:31,131: +SERVICE [/gazebo/delete_model] /gazebo http://michaeljiang-clouddesktop-deployment-798ccff866-hvfzw:45893/
[rosmaster.master][INFO] 2023-02-14 22:09:31,133: +SERVICE [/gazebo/delete_light] /gazebo http://michaeljiang-clouddesktop-deployment-798ccff866-hvfzw:45893/
[rosmaster.master][INFO] 2023-02-14 22:09:31,136: +SERVICE [/gazebo/get_model_properties] /gazebo http://michaeljiang-clouddesktop-deployment-798ccff866-hvfzw:45893/
[rosmaster.master][INFO] 2023-02-14 22:09:31,141: publisherUpdate[/clock] -> http://michaeljiang-clouddesktop-deployment-798ccff866-hvfzw:34789/ ['http://michaeljiang-clouddesktop-deployment-798ccff866-hvfzw:45893/']
[rosmaster.master][INFO] 2023-02-14 22:09:31,148: +SERVICE [/gazebo/get_model_state] /gazebo http://michaeljiang-clouddesktop-deployment-798ccff866-hvfzw:45893/
[rosmaster.master][INFO] 2023-02-14 22:09:31,157: +SERVICE [/gazebo/get_world_properties] /gazebo http://michaeljiang-clouddesktop-deployment-798ccff866-hvfzw:45893/
[rosmaster.master][INFO] 2023-02-14 22:09:31,165: publisherUpdate[/clock] -> http://michaeljiang-clouddesktop-deployment-798ccff866-hvfzw:34789/ ['http://michaeljiang-clouddesktop-deployment-798ccff866-hvfzw:45893/']: sec=0.02, result=[1, '', 0]
[rosmaster.master][INFO] 2023-02-14 22:09:31,172: +SERVICE [/gazebo/get_joint_properties] /gazebo http://michaeljiang-clouddesktop-deployment-798ccff866-hvfzw:45893/
[rosmaster.master][INFO] 2023-02-14 22:09:31,180: +SERVICE [/gazebo/get_link_properties] /gazebo http://michaeljiang-clouddesktop-deployment-798ccff866-hvfzw:45893/
[rosmaster.master][INFO] 2023-02-14 22:09:31,181: +SERVICE [/gazebo/get_link_state] /gazebo http://michaeljiang-clouddesktop-deployment-798ccff866-hvfzw:45893/
[rosmaster.master][INFO] 2023-02-14 22:09:31,183: +SERVICE [/gazebo/get_light_properties] /gazebo http://michaeljiang-clouddesktop-deployment-798ccff866-hvfzw:45893/
[rosmaster.master][INFO] 2023-02-14 22:09:31,187: +SERVICE [/gazebo/set_light_properties] /gazebo http://michaeljiang-clouddesktop-deployment-798ccff866-hvfzw:45893/
[rosmaster.master][INFO] 2023-02-14 22:09:31,195: +SERVICE [/gazebo/get_physics_properties] /gazebo http://michaeljiang-clouddesktop-deployment-798ccff866-hvfzw:45893/
[rosmaster.master][INFO] 2023-02-14 22:09:31,204: +PUB [/gazebo/link_states] /gazebo http://michaeljiang-clouddesktop-deployment-798ccff866-hvfzw:45893/
[rosmaster.master][INFO] 2023-02-14 22:09:31,207: +PUB [/gazebo/model_states] /gazebo http://michaeljiang-clouddesktop-deployment-798ccff866-hvfzw:45893/
[rosmaster.master][INFO] 2023-02-14 22:09:31,212: +PUB [/gazebo/performance_metrics] /gazebo http://michaeljiang-clouddesktop-deployment-798ccff866-hvfzw:45893/
[rosmaster.master][INFO] 2023-02-14 22:09:31,216: +SERVICE [/gazebo/set_link_properties] /gazebo http://michaeljiang-clouddesktop-deployment-798ccff866-hvfzw:45893/
[rosmaster.master][INFO] 2023-02-14 22:09:31,221: +SERVICE [/gazebo/set_physics_properties] /gazebo http://michaeljiang-clouddesktop-deployment-798ccff866-hvfzw:45893/
[rosmaster.master][INFO] 2023-02-14 22:09:31,224: +SERVICE [/gazebo/set_model_state] /gazebo http://michaeljiang-clouddesktop-deployment-798ccff866-hvfzw:45893/
[rosmaster.master][INFO] 2023-02-14 22:09:31,239: +SERVICE [/gazebo/set_model_configuration] /gazebo http://michaeljiang-clouddesktop-deployment-798ccff866-hvfzw:45893/
[rosmaster.master][INFO] 2023-02-14 22:09:31,241: +SERVICE [/gazebo/set_joint_properties] /gazebo http://michaeljiang-clouddesktop-deployment-798ccff866-hvfzw:45893/
[rosmaster.master][INFO] 2023-02-14 22:09:31,241: +SERVICE [/gazebo/set_parameters] /gazebo http://michaeljiang-clouddesktop-deployment-798ccff866-hvfzw:45893/
[rosmaster.master][INFO] 2023-02-14 22:09:31,242: +SERVICE [/gazebo/set_link_state] /gazebo http://michaeljiang-clouddesktop-deployment-798ccff866-hvfzw:45893/
[rosmaster.master][INFO] 2023-02-14 22:09:31,252: +PUB [/gazebo/parameter_descriptions] /gazebo http://michaeljiang-clouddesktop-deployment-798ccff866-hvfzw:45893/
[rosmaster.master][INFO] 2023-02-14 22:09:31,265: +SUB [/gazebo/set_link_state] /gazebo http://michaeljiang-clouddesktop-deployment-798ccff866-hvfzw:45893/
[rosmaster.master][INFO] 2023-02-14 22:09:31,267: +PUB [/gazebo/parameter_updates] /gazebo http://michaeljiang-clouddesktop-deployment-798ccff866-hvfzw:45893/
[rosmaster.master][INFO] 2023-02-14 22:09:31,300: +SUB [/gazebo/set_model_state] /gazebo http://michaeljiang-clouddesktop-deployment-798ccff866-hvfzw:45893/
[rosmaster.master][INFO] 2023-02-14 22:09:31,302: +SERVICE [/gazebo/pause_physics] /gazebo http://michaeljiang-clouddesktop-deployment-798ccff866-hvfzw:45893/
[rosmaster.master][INFO] 2023-02-14 22:09:31,303: +SERVICE [/gazebo/unpause_physics] /gazebo http://michaeljiang-clouddesktop-deployment-798ccff866-hvfzw:45893/
[rosmaster.master][INFO] 2023-02-14 22:09:31,304: +SERVICE [/gazebo/apply_body_wrench] /gazebo http://michaeljiang-clouddesktop-deployment-798ccff866-hvfzw:45893/
[rosmaster.master][INFO] 2023-02-14 22:09:31,305: +SERVICE [/gazebo/apply_joint_effort] /gazebo http://michaeljiang-clouddesktop-deployment-798ccff866-hvfzw:45893/
[rosmaster.master][INFO] 2023-02-14 22:09:31,312: +SERVICE [/gazebo/clear_joint_forces] /gazebo http://michaeljiang-clouddesktop-deployment-798ccff866-hvfzw:45893/
[rosmaster.master][INFO] 2023-02-14 22:09:31,314: +SERVICE [/gazebo/clear_body_wrenches] /gazebo http://michaeljiang-clouddesktop-deployment-798ccff866-hvfzw:45893/
[rosmaster.master][INFO] 2023-02-14 22:09:31,317: +SERVICE [/gazebo/reset_simulation] /gazebo http://michaeljiang-clouddesktop-deployment-798ccff866-hvfzw:45893/
[rosmaster.master][INFO] 2023-02-14 22:09:31,321: +SERVICE [/gazebo/reset_world] /gazebo http://michaeljiang-clouddesktop-deployment-798ccff866-hvfzw:45893/
[rosmaster.master][INFO] 2023-02-14 22:09:31,331: +PARAM [/gazebo/time_step] by /gazebo
[rosmaster.master][INFO] 2023-02-14 22:09:31,336: +PARAM [/gazebo/max_update_rate] by /gazebo
[rosmaster.master][INFO] 2023-02-14 22:09:31,340: +PARAM [/gazebo/gravity_x] by /gazebo
[rosmaster.master][INFO] 2023-02-14 22:09:31,347: +PARAM [/gazebo/gravity_y] by /gazebo
[rosmaster.master][INFO] 2023-02-14 22:09:31,350: +PARAM [/gazebo/gravity_z] by /gazebo
[rosmaster.master][INFO] 2023-02-14 22:09:31,360: +PARAM [/gazebo/auto_disable_bodies] by /gazebo
[rosmaster.master][INFO] 2023-02-14 22:09:31,373: +PARAM [/gazebo/sor_pgs_precon_iters] by /gazebo
[rosmaster.master][INFO] 2023-02-14 22:09:31,374: +CACHEDPARAM [/rosout_disable_topics_generation] by /spawn_urdf
[rosmaster.master][INFO] 2023-02-14 22:09:31,374: +PARAM [/gazebo/sor_pgs_iters] by /gazebo
[rosmaster.master][INFO] 2023-02-14 22:09:31,381: +PARAM [/gazebo/sor_pgs_w] by /gazebo
[rosmaster.master][INFO] 2023-02-14 22:09:31,382: +PARAM [/gazebo/sor_pgs_rms_error_tol] by /gazebo
[rosmaster.master][INFO] 2023-02-14 22:09:31,387: +PARAM [/gazebo/cfm] by /gazebo
[rosmaster.master][INFO] 2023-02-14 22:09:31,389: +PARAM [/gazebo/erp] by /gazebo
[rosmaster.master][INFO] 2023-02-14 22:09:31,391: +PARAM [/gazebo/contact_surface_layer] by /gazebo
[rosmaster.master][INFO] 2023-02-14 22:09:31,392: +PARAM [/gazebo/contact_max_correcting_vel] by /gazebo
[rosmaster.master][INFO] 2023-02-14 22:09:31,393: +PARAM [/gazebo/max_contacts] by /gazebo
[rosmaster.master][INFO] 2023-02-14 22:09:31,780: +CACHEDPARAM [/rosout_disable_topics_generation] by /spawn_urdf
[rosmaster.master][INFO] 2023-02-14 22:09:31,781: +PARAM [/gazebo/time_step] by /gazebo
[rosmaster.master][INFO] 2023-02-14 22:09:31,782: +PARAM [/gazebo/max_update_rate] by /gazebo
[rosmaster.master][INFO] 2023-02-14 22:09:31,788: +PARAM [/gazebo/gravity_x] by /gazebo
[rosmaster.master][INFO] 2023-02-14 22:09:31,792: -SUB [/clock] /spawn_urdf http://michaeljiang-clouddesktop-deployment-798ccff866-hvfzw:34789/
[rosmaster.master][INFO] 2023-02-14 22:09:31,796: -PUB [/rosout] /spawn_urdf http://michaeljiang-clouddesktop-deployment-798ccff866-hvfzw:34789/
[rosmaster.master][INFO] 2023-02-14 22:09:31,797: +PARAM [/gazebo/gravity_y] by /gazebo
[rosmaster.master][INFO] 2023-02-14 22:09:31,797: -SERVICE [/spawn_urdf/get_loggers] /spawn_urdf rosrpc://michaeljiang-clouddesktop-deployment-798ccff866-hvfzw:43093
[rosmaster.master][INFO] 2023-02-14 22:09:31,798: -SERVICE [/spawn_urdf/set_logger_level] /spawn_urdf rosrpc://michaeljiang-clouddesktop-deployment-798ccff866-hvfzw:43093
[rosmaster.master][INFO] 2023-02-14 22:09:31,800: +PARAM [/gazebo/gravity_z] by /gazebo
[rosmaster.master][INFO] 2023-02-14 22:09:31,806: +PARAM [/gazebo/auto_disable_bodies] by /gazebo
[rosmaster.master][INFO] 2023-02-14 22:09:31,807: +PARAM [/gazebo/sor_pgs_precon_iters] by /gazebo
[rosmaster.master][INFO] 2023-02-14 22:09:31,812: +PARAM [/gazebo/sor_pgs_iters] by /gazebo
[rosmaster.master][INFO] 2023-02-14 22:09:31,813: +PARAM [/gazebo/sor_pgs_w] by /gazebo
[rosmaster.master][INFO] 2023-02-14 22:09:31,814: +PARAM [/gazebo/sor_pgs_rms_error_tol] by /gazebo
[rosmaster.master][INFO] 2023-02-14 22:09:31,815: +PARAM [/gazebo/cfm] by /gazebo
[rosmaster.master][ERROR] 2023-02-14 22:09:31,820: Traceback (most recent call last):
  File "/opt/ros/noetic/lib/python3/dist-packages/rosmaster/master_api.py", line 177, in validated_f
    code, msg, val = f(*newArgs, **kwds)
  File "/opt/ros/noetic/lib/python3/dist-packages/rosmaster/master_api.py", line 435, in searchParam
    search_key = self.param_server.search_param(caller_id, key)
  File "/opt/ros/noetic/lib/python3/dist-packages/rosmaster/paramserver.py", line 116, in search_param
    raise ValueError("namespace must be global")
ValueError: namespace must be global

[rosmaster.master][INFO] 2023-02-14 22:09:31,822: +PARAM [/gazebo/erp] by /gazebo
[rosmaster.master][INFO] 2023-02-14 22:09:31,823: +PARAM [/gazebo/contact_surface_layer] by /gazebo
[rosmaster.master][INFO] 2023-02-14 22:09:31,828: +PARAM [/gazebo/contact_max_correcting_vel] by /gazebo
[rosmaster.master][INFO] 2023-02-14 22:09:31,828: +PUB [/scan] /gazebo http://michaeljiang-clouddesktop-deployment-798ccff866-hvfzw:45893/
[rosmaster.master][INFO] 2023-02-14 22:09:31,843: +PARAM [/gazebo/max_contacts] by /gazebo
[rosmaster.master][INFO] 2023-02-14 22:09:31,875: publisherUpdate[/rosout] -> http://michaeljiang-clouddesktop-deployment-798ccff866-hvfzw:36339/ ['http://michaeljiang-clouddesktop-deployment-798ccff866-hvfzw:45893/', 'http://michaeljiang-clouddesktop-deployment-798ccff866-hvfzw:37579/']
[rosmaster.master][ERROR] 2023-02-14 22:09:31,901: Traceback (most recent call last):
  File "/opt/ros/noetic/lib/python3/dist-packages/rosmaster/master_api.py", line 177, in validated_f
    code, msg, val = f(*newArgs, **kwds)
  File "/opt/ros/noetic/lib/python3/dist-packages/rosmaster/master_api.py", line 435, in searchParam
    search_key = self.param_server.search_param(caller_id, key)
  File "/opt/ros/noetic/lib/python3/dist-packages/rosmaster/paramserver.py", line 116, in search_param
    raise ValueError("namespace must be global")
ValueError: namespace must be global

[rosmaster.master][INFO] 2023-02-14 22:09:31,907: +PUB [/joint_states] /gazebo http://michaeljiang-clouddesktop-deployment-798ccff866-hvfzw:45893/
[rosmaster.master][INFO] 2023-02-14 22:09:31,909: +PUB [/tf] /gazebo http://michaeljiang-clouddesktop-deployment-798ccff866-hvfzw:45893/
[rosmaster.master][INFO] 2023-02-14 22:09:31,911: publisherUpdate[/rosout] -> http://michaeljiang-clouddesktop-deployment-798ccff866-hvfzw:36339/ ['http://michaeljiang-clouddesktop-deployment-798ccff866-hvfzw:45893/', 'http://michaeljiang-clouddesktop-deployment-798ccff866-hvfzw:37579/']: sec=0.04, result=[1, '', 0]
[rosmaster.master][INFO] 2023-02-14 22:09:31,950: +SUB [/cmd_vel] /gazebo http://michaeljiang-clouddesktop-deployment-798ccff866-hvfzw:45893/
[rosmaster.master][INFO] 2023-02-14 22:09:31,951: +PUB [/odom] /gazebo http://michaeljiang-clouddesktop-deployment-798ccff866-hvfzw:45893/
[rosmaster.master][INFO] 2023-02-14 22:09:31,960: +PUB [/imu] /gazebo http://michaeljiang-clouddesktop-deployment-798ccff866-hvfzw:45893/
[rosmaster.master][INFO] 2023-02-14 22:09:31,964: +SERVICE [/imu_service] /gazebo http://michaeljiang-clouddesktop-deployment-798ccff866-hvfzw:45893/
[rosmaster.master][INFO] 2023-02-14 22:09:50,537: -SUB [/gazebo/set_link_state] /gazebo http://michaeljiang-clouddesktop-deployment-798ccff866-hvfzw:45893/
[rosmaster.master][INFO] 2023-02-14 22:09:50,537: -SUB [/gazebo/set_model_state] /gazebo http://michaeljiang-clouddesktop-deployment-798ccff866-hvfzw:45893/
[rosmaster.master][INFO] 2023-02-14 22:09:50,538: -PUB [/clock] /gazebo http://michaeljiang-clouddesktop-deployment-798ccff866-hvfzw:45893/
[rosmaster.master][INFO] 2023-02-14 22:09:50,538: -PUB [/gazebo/link_states] /gazebo http://michaeljiang-clouddesktop-deployment-798ccff866-hvfzw:45893/
[rosmaster.master][INFO] 2023-02-14 22:09:50,539: -PUB [/gazebo/model_states] /gazebo http://michaeljiang-clouddesktop-deployment-798ccff866-hvfzw:45893/
[rosmaster.master][INFO] 2023-02-14 22:09:50,540: -PUB [/gazebo/performance_metrics] /gazebo http://michaeljiang-clouddesktop-deployment-798ccff866-hvfzw:45893/
[rosmaster.master][INFO] 2023-02-14 22:09:50,540: -SERVICE [/gazebo/spawn_sdf_model] /gazebo rosrpc://michaeljiang-clouddesktop-deployment-798ccff866-hvfzw:47947
[rosmaster.master][INFO] 2023-02-14 22:09:50,542: -SERVICE [/gazebo/spawn_urdf_model] /gazebo rosrpc://michaeljiang-clouddesktop-deployment-798ccff866-hvfzw:47947
[rosmaster.master][INFO] 2023-02-14 22:09:50,543: -SERVICE [/gazebo/delete_model] /gazebo rosrpc://michaeljiang-clouddesktop-deployment-798ccff866-hvfzw:47947
[rosmaster.master][INFO] 2023-02-14 22:09:50,547: -SERVICE [/gazebo/delete_light] /gazebo rosrpc://michaeljiang-clouddesktop-deployment-798ccff866-hvfzw:47947
[rosmaster.master][INFO] 2023-02-14 22:09:50,548: -SERVICE [/gazebo/get_model_properties] /gazebo rosrpc://michaeljiang-clouddesktop-deployment-798ccff866-hvfzw:47947
[rosmaster.master][INFO] 2023-02-14 22:09:50,549: -SERVICE [/gazebo/get_model_state] /gazebo rosrpc://michaeljiang-clouddesktop-deployment-798ccff866-hvfzw:47947
[rosmaster.master][INFO] 2023-02-14 22:09:50,549: -SERVICE [/gazebo/get_world_properties] /gazebo rosrpc://michaeljiang-clouddesktop-deployment-798ccff866-hvfzw:47947
[rosmaster.master][INFO] 2023-02-14 22:09:50,549: -SERVICE [/gazebo/get_joint_properties] /gazebo rosrpc://michaeljiang-clouddesktop-deployment-798ccff866-hvfzw:47947
[rosmaster.master][INFO] 2023-02-14 22:09:50,550: -SERVICE [/gazebo/get_link_properties] /gazebo rosrpc://michaeljiang-clouddesktop-deployment-798ccff866-hvfzw:47947
[rosmaster.master][INFO] 2023-02-14 22:09:50,550: -SERVICE [/gazebo/get_link_state] /gazebo rosrpc://michaeljiang-clouddesktop-deployment-798ccff866-hvfzw:47947
[rosmaster.master][INFO] 2023-02-14 22:09:50,551: -SERVICE [/gazebo/get_light_properties] /gazebo rosrpc://michaeljiang-clouddesktop-deployment-798ccff866-hvfzw:47947
[rosmaster.master][INFO] 2023-02-14 22:09:50,551: -SERVICE [/gazebo/set_light_properties] /gazebo rosrpc://michaeljiang-clouddesktop-deployment-798ccff866-hvfzw:47947
[rosmaster.master][INFO] 2023-02-14 22:09:50,551: -SERVICE [/gazebo/get_physics_properties] /gazebo rosrpc://michaeljiang-clouddesktop-deployment-798ccff866-hvfzw:47947
[rosmaster.master][INFO] 2023-02-14 22:09:50,552: -SERVICE [/gazebo/set_link_properties] /gazebo rosrpc://michaeljiang-clouddesktop-deployment-798ccff866-hvfzw:47947
[rosmaster.master][INFO] 2023-02-14 22:09:50,552: -SERVICE [/gazebo/set_physics_properties] /gazebo rosrpc://michaeljiang-clouddesktop-deployment-798ccff866-hvfzw:47947
[rosmaster.master][INFO] 2023-02-14 22:09:50,553: -SERVICE [/gazebo/set_model_state] /gazebo rosrpc://michaeljiang-clouddesktop-deployment-798ccff866-hvfzw:47947
[rosmaster.master][INFO] 2023-02-14 22:09:50,554: -SERVICE [/gazebo/set_model_configuration] /gazebo rosrpc://michaeljiang-clouddesktop-deployment-798ccff866-hvfzw:47947
[rosmaster.master][INFO] 2023-02-14 22:09:50,554: -SERVICE [/gazebo/set_joint_properties] /gazebo rosrpc://michaeljiang-clouddesktop-deployment-798ccff866-hvfzw:47947
[rosmaster.master][INFO] 2023-02-14 22:09:50,555: -SERVICE [/gazebo/set_link_state] /gazebo rosrpc://michaeljiang-clouddesktop-deployment-798ccff866-hvfzw:47947
[rosmaster.master][INFO] 2023-02-14 22:09:50,556: -SERVICE [/gazebo/pause_physics] /gazebo rosrpc://michaeljiang-clouddesktop-deployment-798ccff866-hvfzw:47947
[rosmaster.master][INFO] 2023-02-14 22:09:50,560: -SERVICE [/gazebo/unpause_physics] /gazebo rosrpc://michaeljiang-clouddesktop-deployment-798ccff866-hvfzw:47947
[rosmaster.master][INFO] 2023-02-14 22:09:50,561: -SERVICE [/gazebo/apply_body_wrench] /gazebo rosrpc://michaeljiang-clouddesktop-deployment-798ccff866-hvfzw:47947
[rosmaster.master][INFO] 2023-02-14 22:09:50,562: -SERVICE [/gazebo/apply_joint_effort] /gazebo rosrpc://michaeljiang-clouddesktop-deployment-798ccff866-hvfzw:47947
[rosmaster.master][INFO] 2023-02-14 22:09:50,563: -SERVICE [/gazebo/clear_joint_forces] /gazebo rosrpc://michaeljiang-clouddesktop-deployment-798ccff866-hvfzw:47947
[rosmaster.master][INFO] 2023-02-14 22:09:50,564: -SERVICE [/gazebo/clear_body_wrenches] /gazebo rosrpc://michaeljiang-clouddesktop-deployment-798ccff866-hvfzw:47947
[rosmaster.master][INFO] 2023-02-14 22:09:50,565: -SERVICE [/gazebo/reset_simulation] /gazebo rosrpc://michaeljiang-clouddesktop-deployment-798ccff866-hvfzw:47947
[rosmaster.master][INFO] 2023-02-14 22:09:50,566: -SERVICE [/gazebo/reset_world] /gazebo rosrpc://michaeljiang-clouddesktop-deployment-798ccff866-hvfzw:47947
[rosmaster.master][INFO] 2023-02-14 22:09:50,568: -PUB [/gazebo/parameter_descriptions] /gazebo http://michaeljiang-clouddesktop-deployment-798ccff866-hvfzw:45893/
[rosmaster.master][INFO] 2023-02-14 22:09:50,568: -PUB [/gazebo/parameter_updates] /gazebo http://michaeljiang-clouddesktop-deployment-798ccff866-hvfzw:45893/
[rosmaster.master][INFO] 2023-02-14 22:09:50,569: -SERVICE [/gazebo/set_parameters] /gazebo rosrpc://michaeljiang-clouddesktop-deployment-798ccff866-hvfzw:47947
[rosmaster.master][INFO] 2023-02-14 22:09:50,572: -SUB [/cmd_vel] /gazebo http://michaeljiang-clouddesktop-deployment-798ccff866-hvfzw:45893/
[rosmaster.master][INFO] 2023-02-14 22:09:50,572: -PUB [/joint_states] /gazebo http://michaeljiang-clouddesktop-deployment-798ccff866-hvfzw:45893/
[rosmaster.master][INFO] 2023-02-14 22:09:50,573: -PUB [/odom] /gazebo http://michaeljiang-clouddesktop-deployment-798ccff866-hvfzw:45893/
[rosmaster.master][INFO] 2023-02-14 22:09:50,574: -PUB [/tf] /gazebo http://michaeljiang-clouddesktop-deployment-798ccff866-hvfzw:45893/
[rosmaster.master][INFO] 2023-02-14 22:09:50,579: -PUB [/imu] /gazebo http://michaeljiang-clouddesktop-deployment-798ccff866-hvfzw:45893/
[rosmaster.master][INFO] 2023-02-14 22:09:50,580: -SERVICE [/imu_service] /gazebo rosrpc://michaeljiang-clouddesktop-deployment-798ccff866-hvfzw:47947
[rosmaster.master][INFO] 2023-02-14 22:09:50,586: -PUB [/scan] /gazebo http://michaeljiang-clouddesktop-deployment-798ccff866-hvfzw:45893/
[rosmaster.master][INFO] 2023-02-14 22:09:50,745: -PUB [/rosout] /gazebo http://michaeljiang-clouddesktop-deployment-798ccff866-hvfzw:45893/
[rosmaster.master][INFO] 2023-02-14 22:09:50,746: -SERVICE [/gazebo/get_loggers] /gazebo rosrpc://michaeljiang-clouddesktop-deployment-798ccff866-hvfzw:47947
[rosmaster.master][INFO] 2023-02-14 22:09:50,749: -SERVICE [/gazebo/set_logger_level] /gazebo rosrpc://michaeljiang-clouddesktop-deployment-798ccff866-hvfzw:47947
[rosmaster.master][INFO] 2023-02-14 22:09:50,750: -CACHEDPARAM [/rosout_disable_topics_generation] by /gazebo
[rosmaster.master][INFO] 2023-02-14 22:09:50,753: publisherUpdate[/rosout] -> http://michaeljiang-clouddesktop-deployment-798ccff866-hvfzw:36339/ ['http://michaeljiang-clouddesktop-deployment-798ccff866-hvfzw:37579/']
[rosmaster.master][INFO] 2023-02-14 22:09:50,754: publisherUpdate[/rosout] -> http://michaeljiang-clouddesktop-deployment-798ccff866-hvfzw:36339/ ['http://michaeljiang-clouddesktop-deployment-798ccff866-hvfzw:37579/']: sec=0.00, result=[1, '', 0]
[rosmaster.master][INFO] 2023-02-14 22:09:50,955: -PUB [/rosout_agg] /rosout http://michaeljiang-clouddesktop-deployment-798ccff866-hvfzw:36339/
[rosmaster.master][INFO] 2023-02-14 22:09:50,956: -SUB [/rosout] /rosout http://michaeljiang-clouddesktop-deployment-798ccff866-hvfzw:36339/
[rosmaster.master][INFO] 2023-02-14 22:09:50,956: -SERVICE [/rosout/get_loggers] /rosout rosrpc://michaeljiang-clouddesktop-deployment-798ccff866-hvfzw:37455
[rosmaster.master][INFO] 2023-02-14 22:09:50,957: -SERVICE [/rosout/set_logger_level] /rosout rosrpc://michaeljiang-clouddesktop-deployment-798ccff866-hvfzw:37455
[rosmaster.master][INFO] 2023-02-14 22:09:50,958: -CACHEDPARAM [/rosout/omit_topics] by /rosout
[rosmaster.main][INFO] 2023-02-14 22:09:51,036: keyboard interrupt, will exit
[rosmaster.main][INFO] 2023-02-14 22:09:51,036: stopping master...
[rospy.core][INFO] 2023-02-14 22:09:51,036: signal_shutdown [atexit]
