[rospy.client][INFO] 2023-02-14 22:09:28,469: init_node, name[/spawn_urdf], pid[10077]
[xmlrpc][INFO] 2023-02-14 22:09:28,469: XML-RPC server binding to 0.0.0.0:0
[xmlrpc][INFO] 2023-02-14 22:09:28,470: Started XML-RPC server [http://michaeljiang-clouddesktop-deployment-798ccff866-hvfzw:34789/]
[rospy.impl.masterslave][INFO] 2023-02-14 22:09:28,470: _ready: http://michaeljiang-clouddesktop-deployment-798ccff866-hvfzw:34789/
[rospy.init][INFO] 2023-02-14 22:09:28,470: ROS Slave URI: [http://michaeljiang-clouddesktop-deployment-798ccff866-hvfzw:34789/]
[rospy.registration][INFO] 2023-02-14 22:09:28,471: Registering with master node http://localhost:11311
[xmlrpc][INFO] 2023-02-14 22:09:28,473: xml rpc node: starting XML-RPC server
[rospy.init][INFO] 2023-02-14 22:09:28,570: registered with master
[rospy.rosout][INFO] 2023-02-14 22:09:28,570: initializing /rosout core topic
[rospy.rosout][INFO] 2023-02-14 22:09:28,574: connected to core topic /rosout
[rospy.simtime][INFO] 2023-02-14 22:09:28,575: initializing /clock core topic
[rospy.simtime][INFO] 2023-02-14 22:09:28,593: connected to core topic /clock
[rosout][INFO] 2023-02-14 22:09:28,597: Loading model XML from ros parameter robot_description
[rosout][INFO] 2023-02-14 22:09:28,623: Waiting for service /gazebo/spawn_urdf_model
[rospy.internal][INFO] 2023-02-14 22:09:28,872: topic[/rosout] adding connection to [/rosout], count 0
[rospy.internal][INFO] 2023-02-14 22:09:31,180: topic[/clock] adding connection to [http://michaeljiang-clouddesktop-deployment-798ccff866-hvfzw:45893/], count 0
[rosout][INFO] 2023-02-14 22:09:31,364: Calling service /gazebo/spawn_urdf_model
[rosout][INFO] 2023-02-14 22:09:31,779: Spawn status: SpawnModel: Successfully spawned entity
[rospy.core][INFO] 2023-02-14 22:09:31,781: signal_shutdown [atexit]
[rospy.internal][INFO] 2023-02-14 22:09:31,804: topic[/rosout] removing connection to /rosout
[rospy.internal][INFO] 2023-02-14 22:09:31,804: topic[/clock] removing connection to http://michaeljiang-clouddesktop-deployment-798ccff866-hvfzw:45893/
[rospy.impl.masterslave][INFO] 2023-02-14 22:09:31,804: atexit
