[2023-02-08T03:26:27.961Z] Log level: Info
[2023-02-08T03:26:27.971Z] [info] Validating found git in: git
[2023-02-08T03:26:28.025Z] [info] Using git 2.25.1 from git
[2023-02-08T03:26:28.201Z] > git rev-parse --show-toplevel [142ms]
[2023-02-08T03:26:28.201Z] fatal: not a git repository (or any parent up to mount point /)
Stopping at filesystem boundary (GIT_DISCOVERY_ACROSS_FILESYSTEM not set).
[2023-02-08T03:26:28.446Z] > git rev-parse --show-toplevel [139ms]
[2023-02-08T03:26:28.499Z] > git rev-parse --git-dir --git-common-dir [5ms]
[2023-02-08T03:26:28.505Z] [info] Open repository: /my_ros_data/catkin_ws/src/prrexamples
[2023-02-08T03:26:28.536Z] > git status -z -uall [17ms]
[2023-02-08T03:26:28.546Z] > git rev-parse --show-toplevel [15ms]
[2023-02-08T03:26:28.546Z] fatal: not a git repository (or any parent up to mount point /)
Stopping at filesystem boundary (GIT_DISCOVERY_ACROSS_FILESYSTEM not set).
[2023-02-08T03:26:28.566Z] > git rev-parse --show-toplevel [11ms]
[2023-02-08T03:26:28.566Z] fatal: not a git repository (or any parent up to mount point /)
Stopping at filesystem boundary (GIT_DISCOVERY_ACROSS_FILESYSTEM not set).
[2023-02-08T03:26:28.578Z] > git symbolic-ref --short HEAD [33ms]
[2023-02-08T03:26:28.614Z] > git for-each-ref --format=%(refname)%00%(upstream:short)%00%(objectname)%00%(upstream:track)%00%(upstream:remotename)%00%(upstream:remoteref) refs/heads/master refs/remotes/master [6ms]
[2023-02-08T03:26:28.639Z] > git rev-parse --show-toplevel [61ms]
[2023-02-08T03:26:28.639Z] fatal: not a git repository (or any parent up to mount point /)
Stopping at filesystem boundary (GIT_DISCOVERY_ACROSS_FILESYSTEM not set).
[2023-02-08T03:26:28.655Z] > git rev-parse --show-toplevel [3ms]
[2023-02-08T03:26:28.655Z] fatal: not a git repository (or any parent up to mount point /)
Stopping at filesystem boundary (GIT_DISCOVERY_ACROSS_FILESYSTEM not set).
[2023-02-08T03:26:28.656Z] > git remote --verbose [18ms]
[2023-02-08T03:26:28.656Z] > git for-each-ref --sort -committerdate --format %(refname) %(objectname) %(*objectname) [32ms]
[2023-02-08T03:26:28.681Z] > git config --get commit.template [12ms]
[2023-02-08T03:26:29.155Z] > git check-ignore -v -z --stdin [4ms]
[2023-02-08T03:26:29.308Z] > git show --textconv :src/dance.py [18ms]
[2023-02-08T03:26:29.308Z] > git ls-files --stage -- /my_ros_data/catkin_ws/src/prrexamples/src/dance.py [0ms]
[2023-02-08T03:28:52.676Z] > git status -z -uall [1ms]
[2023-02-08T03:28:52.686Z] > git symbolic-ref --short HEAD [2ms]
[2023-02-08T03:28:52.703Z] > git for-each-ref --format=%(refname)%00%(upstream:short)%00%(objectname)%00%(upstream:track)%00%(upstream:remotename)%00%(upstream:remoteref) refs/heads/master refs/remotes/master [1ms]
[2023-02-08T03:28:52.735Z] > git remote --verbose [2ms]
[2023-02-08T03:28:52.736Z] > git for-each-ref --sort -committerdate --format %(refname) %(objectname) %(*objectname) [18ms]
[2023-02-08T03:28:52.765Z] > git config --get commit.template [3ms]
[2023-02-08T03:28:57.803Z] > git status -z -uall [9ms]
[2023-02-08T03:28:57.819Z] > git symbolic-ref --short HEAD [5ms]
[2023-02-08T03:28:57.867Z] > git for-each-ref --format=%(refname)%00%(upstream:short)%00%(objectname)%00%(upstream:track)%00%(upstream:remotename)%00%(upstream:remoteref) refs/heads/master refs/remotes/master [1ms]
[2023-02-08T03:28:57.901Z] > git for-each-ref --sort -committerdate --format %(refname) %(objectname) %(*objectname) [20ms]
[2023-02-08T03:28:57.902Z] > git remote --verbose [2ms]
[2023-02-08T03:28:57.933Z] > git config --get commit.template [5ms]
[2023-02-08T03:29:02.957Z] > git status -z -uall [14ms]
[2023-02-08T03:29:02.969Z] > git symbolic-ref --short HEAD [0ms]
[2023-02-08T03:29:02.981Z] > git for-each-ref --format=%(refname)%00%(upstream:short)%00%(objectname)%00%(upstream:track)%00%(upstream:remotename)%00%(upstream:remoteref) refs/heads/master refs/remotes/master [2ms]
[2023-02-08T03:29:03.011Z] > git remote --verbose [4ms]
[2023-02-08T03:29:03.011Z] > git for-each-ref --sort -committerdate --format %(refname) %(objectname) %(*objectname) [13ms]
[2023-02-08T03:29:03.024Z] > git config --get commit.template [2ms]
[2023-02-08T03:29:08.049Z] > git status -z -uall [5ms]
[2023-02-08T03:29:08.073Z] > git symbolic-ref --short HEAD [0ms]
[2023-02-08T03:29:08.084Z] > git for-each-ref --format=%(refname)%00%(upstream:short)%00%(objectname)%00%(upstream:track)%00%(upstream:remotename)%00%(upstream:remoteref) refs/heads/master refs/remotes/master [1ms]
[2023-02-08T03:29:08.107Z] > git remote --verbose [1ms]
[2023-02-08T03:29:08.108Z] > git for-each-ref --sort -committerdate --format %(refname) %(objectname) %(*objectname) [14ms]
[2023-02-08T03:29:08.118Z] > git config --get commit.template [0ms]
[2023-02-08T03:29:10.678Z] > git show --textconv :src/topic_subscriber.py [17ms]
[2023-02-08T03:29:10.678Z] > git ls-files --stage -- /my_ros_data/catkin_ws/src/prrexamples/src/topic_subscriber.py [1ms]
[2023-02-08T03:29:10.690Z] > git cat-file -s 72b8a7a23baf4983441b0d2867a081fc7e2bea29 [1ms]
[2023-02-08T03:29:12.349Z] > git show --textconv :src/key_publisher.py [28ms]
[2023-02-08T03:29:12.351Z] > git ls-files --stage -- /my_ros_data/catkin_ws/src/prrexamples/src/key_publisher.py [13ms]
[2023-02-08T03:29:12.365Z] > git cat-file -s 76ccc880f281f8978936e23a0acf1d133a9961c0 [1ms]
[2023-02-08T03:29:13.528Z] > git show --textconv :src/topic_subscriber.py [9ms]
[2023-02-08T03:29:13.529Z] > git ls-files --stage -- /my_ros_data/catkin_ws/src/prrexamples/src/topic_subscriber.py [2ms]
[2023-02-08T03:29:13.567Z] > git cat-file -s 72b8a7a23baf4983441b0d2867a081fc7e2bea29 [2ms]
[2023-02-08T03:30:43.797Z] > git show --textconv :src/dance.py [8ms]
[2023-02-08T03:30:43.797Z] > git ls-files --stage -- /my_ros_data/catkin_ws/src/prrexamples/src/dance.py [1ms]
[2023-02-08T03:31:00.317Z] > git status -z -uall [2ms]
[2023-02-08T03:31:00.325Z] > git symbolic-ref --short HEAD [0ms]
[2023-02-08T03:31:00.345Z] > git for-each-ref --format=%(refname)%00%(upstream:short)%00%(objectname)%00%(upstream:track)%00%(upstream:remotename)%00%(upstream:remoteref) refs/heads/master refs/remotes/master [1ms]
[2023-02-08T03:31:00.369Z] > git remote --verbose [3ms]
[2023-02-08T03:31:00.370Z] > git for-each-ref --sort -committerdate --format %(refname) %(objectname) %(*objectname) [17ms]
[2023-02-08T03:31:00.383Z] > git config --get commit.template [2ms]
[2023-02-08T03:31:06.835Z] > git status -z -uall [5ms]
[2023-02-08T03:31:06.851Z] > git symbolic-ref --short HEAD [1ms]
[2023-02-08T03:31:06.874Z] > git for-each-ref --format=%(refname)%00%(upstream:short)%00%(objectname)%00%(upstream:track)%00%(upstream:remotename)%00%(upstream:remoteref) refs/heads/master refs/remotes/master [2ms]
[2023-02-08T03:31:06.905Z] > git remote --verbose [9ms]
[2023-02-08T03:31:06.905Z] > git for-each-ref --sort -committerdate --format %(refname) %(objectname) %(*objectname) [23ms]
[2023-02-08T03:31:06.943Z] > git config --get commit.template [6ms]
[2023-02-08T03:32:07.695Z] > git status -z -uall [6ms]
[2023-02-08T03:32:07.716Z] > git symbolic-ref --short HEAD [1ms]
[2023-02-08T03:32:07.738Z] > git for-each-ref --format=%(refname)%00%(upstream:short)%00%(objectname)%00%(upstream:track)%00%(upstream:remotename)%00%(upstream:remoteref) refs/heads/master refs/remotes/master [2ms]
[2023-02-08T03:32:07.764Z] > git remote --verbose [1ms]
[2023-02-08T03:32:07.765Z] > git for-each-ref --sort -committerdate --format %(refname) %(objectname) %(*objectname) [17ms]
[2023-02-08T03:32:07.791Z] > git config --get commit.template [0ms]
[2023-02-08T03:34:12.811Z] > git status -z -uall [5ms]
[2023-02-08T03:34:12.824Z] > git symbolic-ref --short HEAD [0ms]
[2023-02-08T03:34:12.842Z] > git for-each-ref --format=%(refname)%00%(upstream:short)%00%(objectname)%00%(upstream:track)%00%(upstream:remotename)%00%(upstream:remoteref) refs/heads/master refs/remotes/master [1ms]
[2023-02-08T03:34:12.870Z] > git for-each-ref --sort -committerdate --format %(refname) %(objectname) %(*objectname) [21ms]
[2023-02-08T03:34:12.871Z] > git remote --verbose [2ms]
[2023-02-08T03:34:12.892Z] > git config --get commit.template [0ms]
